   0.0000000000000000       0.12554087957469873     
   1.0000000000000000E-002  0.12529726839862512     
   2.0000000000000000E-002  0.12493500005725378     
   2.9999999999999999E-002  0.12445628407682051     
   4.0000000000000001E-002  0.12386340865022007     
   5.0000000000000003E-002  0.12315873720069603     
   5.9999999999999998E-002  0.12234470493011690     
   7.0000000000000007E-002  0.12142381535498396     
   8.0000000000000002E-002  0.12039863683326406     
   8.9999999999999997E-002  0.11927179908508950     
  0.10000000000000001       0.11804598971032021     
  0.11000000000000000       0.11672395070591746     
  0.12000000000000000       0.11530847498603622     
  0.13000000000000000       0.11380240290770194     
  0.14000000000000001       0.11220861880489878     
  0.14999999999999999       0.11053004753385896     
  0.16000000000000000       0.10876965103230654     
  0.17000000000000001       0.10693042489537409     
  0.17999999999999999       0.10501539497087604     
  0.19000000000000000       0.10302761397658837     
  0.20000000000000001       0.10097015814215043     
  0.20999999999999999        9.8846123878170281E-002
  0.22000000000000000        9.6658624475080029E-002
  0.23000000000000001        9.4410786834252039E-002
  0.23999999999999999        9.2105748233849996E-002
  0.25000000000000000        8.9746653131850457E-002
  0.26000000000000001        8.7336650008630765E-002
  0.27000000000000002        8.4878888251477214E-002
  0.28000000000000003        8.2376515083323429E-002
  0.28999999999999998        7.9832672537982777E-002
  0.29999999999999999        7.7250494484089660E-002
  0.31000000000000000        7.4633103699913383E-002
  0.32000000000000001        7.1983609001153956E-002
  0.33000000000000002        6.9305102423772372E-002
  0.34000000000000002        6.6600656463847926E-002
  0.35000000000000003        6.3873321376392247E-002
  0.35999999999999999        6.1126122534984076E-002
  0.37000000000000000        5.8362057854019857E-002
  0.38000000000000000        5.5584095275303627E-002
  0.39000000000000001        5.2795170320625112E-002
  0.40000000000000002        4.9998183711897695E-002
  0.41000000000000003        4.7195999060347840E-002
  0.41999999999999998        4.4391440626165138E-002
  0.42999999999999999        4.1587291149937228E-002
  0.44000000000000000        3.8786289757106802E-002
  0.45000000000000001        3.5991129936598747E-002
  0.46000000000000002        3.3204457594674608E-002
  0.47000000000000003        3.0428869184978960E-002
  0.47999999999999998        2.7666909915648418E-002
  0.48999999999999999        2.4921072034258945E-002
  0.50000000000000000        2.2193793191291143E-002
  0.51000000000000001        1.9487454882696577E-002
  0.52000000000000002        1.6804380972051239E-002
  0.53000000000000003        1.4146836292684957E-002
  0.54000000000000004        1.1517025330078607E-002
  0.55000000000000004        8.9170909847241606E-003
  0.56000000000000005        6.3491134155465277E-003
  0.57000000000000006        3.8151089638908445E-003
  0.57999999999999996        1.3170291579846236E-003
  0.58999999999999997       -1.1432402023087112E-003
  0.59999999999999998       -3.5638798807198077E-003
  0.60999999999999999       -5.9431379601514664E-003
  0.62000000000000000       -8.2793305190571737E-003
  0.63000000000000000       -1.0570842229158082E-002
  0.64000000000000001       -1.2816126875119883E-002
  0.65000000000000002       -1.5013707796891942E-002
  0.66000000000000003       -1.7162178255489512E-002
  0.67000000000000004       -1.9260201723075542E-002
  0.68000000000000005       -2.1306512098271554E-002
  0.69000000000000006       -2.3299913847697036E-002
  0.70000000000000007       -2.5239282074803877E-002
  0.70999999999999996       -2.7123562517136362E-002
  0.71999999999999997       -2.8951771473208130E-002
  0.72999999999999998       -3.0722995660245292E-002
  0.73999999999999999       -3.2436392004099465E-002
  0.75000000000000000       -3.4091187362685960E-002
  0.76000000000000001       -3.5686678184350576E-002
  0.77000000000000002       -3.7222230102613635E-002
  0.78000000000000003       -3.8697277468781793E-002
  0.79000000000000004       -4.0111322823957060E-002
  0.80000000000000004       -4.1463936312008384E-002
  0.81000000000000005       -4.2754755035103890E-002
  0.82000000000000006       -4.3983482353431816E-002
  0.83000000000000007       -4.5149887130765252E-002
  0.83999999999999997       -4.6253802927550020E-002
  0.84999999999999998       -4.7295127143216563E-002
  0.85999999999999999       -4.8273820109435747E-002
  0.87000000000000000       -4.9189904136054674E-002
  0.88000000000000000       -5.0043462511462779E-002
  0.89000000000000001       -5.0834638459149907E-002
  0.90000000000000002       -5.1563634052227546E-002
  0.91000000000000003       -5.2230709087691486E-002
  0.92000000000000004       -5.2836179922209334E-002
  0.93000000000000005       -5.3380418271219518E-002
  0.94000000000000006       -5.3863849973129596E-002
  0.95000000000000007       -5.4286953720401272E-002
  0.95999999999999996       -5.4650259759307235E-002
  0.96999999999999997       -5.4954348560141177E-002
  0.97999999999999998       -5.5199849459656954E-002
  0.98999999999999999       -5.5387439277506091E-002
   1.0000000000000000       -5.5517840908434569E-002
   1.0100000000000000       -5.5591821891990433E-002
   1.0200000000000000       -5.5610192961482965E-002
   1.0300000000000000       -5.5573806573922260E-002
   1.0400000000000000       -5.5483555422655019E-002
   1.0500000000000000       -5.5340370934398253E-002
   1.0600000000000001       -5.5145221752357441E-002
   1.0700000000000001       -5.4899112207099622E-002
   1.0800000000000001       -5.4603080776834838E-002
   1.0900000000000001       -5.4258198538741344E-002
   1.1000000000000001       -5.3865567612951262E-002
   1.1100000000000001       -5.3426319600793706E-002
   1.1200000000000001       -5.2941614018871819E-002
   1.1300000000000001       -5.2412636730529046E-002
   1.1400000000000001       -5.1840598376237841E-002
   1.1500000000000001       -5.1226732804421256E-002
   1.1599999999999999       -5.0572295504194301E-002
   1.1699999999999999       -4.9878562041487676E-002
   1.1799999999999999       -4.9146826499991629E-002
   1.1899999999999999       -4.8378399928331810E-002
   1.2000000000000000       -4.7574608794862736E-002
   1.2100000000000000       -4.6736793451437428E-002
   1.2200000000000000       -4.5866306607483878E-002
   1.2300000000000000       -4.4964511815690708E-002
   1.2400000000000000       -4.4032781970575231E-002
   1.2500000000000000       -4.3072497821177350E-002
   1.2600000000000000       -4.2085046499092317E-002
   1.2700000000000000       -4.1071820063024379E-002
   1.2800000000000000       -4.0034214061011597E-002
   1.2900000000000000       -3.8973626111439848E-002
   1.3000000000000000       -3.7891454503931186E-002
   1.3100000000000001       -3.6789096821158149E-002
   1.3200000000000001       -3.5667948582601708E-002
   1.3300000000000001       -3.4529401911235789E-002
   1.3400000000000001       -3.3374844224086347E-002
   1.3500000000000001       -3.2205656947577259E-002
   1.3600000000000001       -3.1023214258539222E-002
   1.3700000000000001       -2.9828881851721327E-002
   1.3800000000000001       -2.8624015734608044E-002
   1.3900000000000001       -2.7409961050306894E-002
   1.4000000000000001       -2.6188050929234569E-002
   1.4099999999999999       -2.4959605370291061E-002
   1.4199999999999999       -2.3725930152173204E-002
   1.4299999999999999       -2.2488315775440405E-002
   1.4399999999999999       -2.1248036435906680E-002
   1.4500000000000000       -2.0006349029894146E-002
   1.4600000000000000       -1.8764492191844159E-002
   1.4700000000000000       -1.7523685364743177E-002
   1.4800000000000000       -1.6285127903781338E-002
   1.4900000000000000       -1.5049998213622632E-002
   1.5000000000000000       -1.3819452919626529E-002
   1.5100000000000000       -1.2594626073322030E-002
   1.5200000000000000       -1.1376628392396320E-002
   1.5300000000000000       -1.0166546535421671E-002
   1.5400000000000000       -8.9654424115059462E-003
   1.5500000000000000       -7.7743525250140574E-003
   1.5600000000000001       -6.5942873554700604E-003
   1.5700000000000001       -5.4262307727123149E-003
   1.5800000000000001       -4.2711394873372992E-003
   1.5900000000000001       -3.1299425364313101E-003
   1.6000000000000001       -2.0035408045534307E-003
   1.6100000000000001       -8.9280657989787441E-004
   1.6200000000000001        2.0141685447088646E-004
   1.6300000000000001        1.2783155944508478E-003
   1.6400000000000001        2.3371054539770781E-003
   1.6500000000000001        3.3770322695449114E-003
   1.6600000000000001        4.3973721704203767E-003
   1.6699999999999999        5.3974318148076990E-003
   1.6799999999999999        6.3765485922740841E-003
   1.6899999999999999        7.3340907927615740E-003
   1.7000000000000000        8.2694577425444695E-003
   1.7100000000000000        9.1820799075186862E-003
   1.7200000000000000        1.0071418964236356E-002
   1.7300000000000000        1.0936967839125081E-002
   1.7400000000000000        1.1778250716356350E-002
   1.7500000000000000        1.2594823014851894E-002
   1.7600000000000000        1.3386271334939956E-002
   1.7700000000000000        1.4152213375195817E-002
   1.7800000000000000        1.4892297820022245E-002
   1.7900000000000000        1.5606204198545904E-002
   1.8000000000000000        1.6293642715425181E-002
   1.8100000000000001        1.6954354054183333E-002
   1.8200000000000001        1.7588109153698253E-002
   1.8300000000000001        1.8194708958496730E-002
   1.8400000000000001        1.8773984143516505E-002
   1.8500000000000001        1.9325794814013992E-002
   1.8600000000000001        1.9850030181309146E-002
   1.8700000000000001        2.0346608215071518E-002
   1.8800000000000001        2.0815475272863287E-002
   1.8900000000000001        2.1256605707665702E-002
   1.9000000000000001        2.1670001454125273E-002
   1.9100000000000001        2.2055691594264869E-002
   1.9199999999999999        2.2413731903412851E-002
   1.9299999999999999        2.2744204377110527E-002
   1.9399999999999999        2.3047216739764328E-002
   1.9500000000000000        2.3322901935814502E-002
   1.9600000000000000        2.3571417604196558E-002
   1.9700000000000000        2.3792945536875401E-002
   1.9800000000000000        2.3987691122234811E-002
   1.9900000000000000        2.4155882774107022E-002
   2.0000000000000000        2.4297771347228336E-002
   2.0100000000000002        2.4413629539907125E-002
   2.0200000000000000        2.4503751284690289E-002
   2.0300000000000002        2.4568451127813137E-002
   2.0400000000000000        2.4608063598215865E-002
   2.0499999999999998        2.4622942566907360E-002
   2.0600000000000001        2.4613460597453712E-002
   2.0699999999999998        2.4580008288365113E-002
   2.0800000000000001        2.4522993608150113E-002
   2.0899999999999999        2.4442841223801137E-002
   2.1000000000000001        2.4339991823469249E-002
   2.1099999999999999        2.4214901434079807E-002
   2.1200000000000001        2.4068040734633533E-002
   2.1299999999999999        2.3899894365929972E-002
   2.1400000000000001        2.3710960237442125E-002
   2.1499999999999999        2.3501748832062307E-002
   2.1600000000000001        2.3272782509430056E-002
   2.1699999999999999        2.3024594808543096E-002
   2.1800000000000002        2.2757729750342164E-002
   2.1899999999999999        2.2472741140949708E-002
   2.2000000000000002        2.2170191876231253E-002
   2.2100000000000000        2.1850653248336613E-002
   2.2200000000000002        2.1514704254865943E-002
   2.2300000000000000        2.1162930911293218E-002
   2.2400000000000002        2.0795925567266674E-002
   2.2500000000000000        2.0414286227392598E-002
   2.2600000000000002        2.0018615877095036E-002
   2.2700000000000000        1.9609521814130067E-002
   2.2800000000000002        1.9187614986318893E-002
   2.2900000000000000        1.8753509336049322E-002
   2.3000000000000003        1.8307821152080222E-002
   2.3100000000000001        1.7851168429168330E-002
   2.3199999999999998        1.7384170236021169E-002
   2.3300000000000001        1.6907446092064141E-002
   2.3399999999999999        1.6421615353493763E-002
   2.3500000000000001        1.5927296609072866E-002
   2.3599999999999999        1.5425107086107046E-002
   2.3700000000000001        1.4915662067025154E-002
   2.3799999999999999        1.4399574316969735E-002
   2.3900000000000001        1.3877453522786451E-002
   2.3999999999999999        1.3349905743784475E-002
   2.4100000000000001        1.2817532874622652E-002
   2.4199999999999999        1.2280932120658951E-002
   2.4300000000000002        1.1740695486083466E-002
   2.4399999999999999        1.1197409275137711E-002
   2.4500000000000002        1.0651653606705646E-002
   2.4600000000000000        1.0104001942544284E-002
   2.4700000000000002        9.5550206294043698E-003
   2.4800000000000000        9.0052684552740809E-003
   2.4900000000000002        8.4552962199613037E-003
   2.5000000000000000        7.9056463202126556E-003
   2.5100000000000002        7.3568523495500908E-003
   2.5200000000000000        6.8094387129886648E-003
   2.5300000000000002        6.2639202567819040E-003
   2.5400000000000000        5.7208019133241700E-003
   2.5500000000000003        5.1805783613224875E-003
   2.5600000000000001        4.6437337013335378E-003
   2.5699999999999998        4.1107411467449012E-003
   2.5800000000000001        3.5820627302631776E-003
   2.5899999999999999        3.0581490259553598E-003
   2.6000000000000001        2.5394388868737756E-003
   2.6099999999999999        2.0263591982790678E-003
   2.6200000000000001        1.5193246464600663E-003
   2.6299999999999999        1.0187375031340241E-003
   2.6400000000000001        5.2498742539557443E-004
   2.6499999999999999        3.8451271167903129E-005
   2.6600000000000001       -4.4050706990495268E-004
   2.6699999999999999       -9.1153683020005715E-004
   2.6800000000000002       -1.3743005025811566E-003
   2.6899999999999999       -1.8284739636909503E-003
   2.7000000000000002       -2.2737465821864862E-003
   2.7100000000000000       -2.7098213120471501E-003
   2.7200000000000002       -3.1364147710974391E-003
   2.7300000000000000       -3.5532573048990563E-003
   2.7400000000000002       -3.9600930361788945E-003
   2.7500000000000000       -4.3566798999711207E-003
   2.7600000000000002       -4.7427896646628697E-003
   2.7700000000000000       -5.1182079391439853E-003
   2.7800000000000002       -5.4827341662717806E-003
   2.7900000000000000       -5.8361816028719773E-003
   2.8000000000000003       -6.1783772865067511E-003
   2.8100000000000001       -6.5091619892502228E-003
   2.8199999999999998       -6.8283901587207338E-003
   2.8300000000000001       -7.1359298466278642E-003
   2.8399999999999999       -7.4316626251003668E-003
   2.8500000000000001       -7.7154834910690218E-003
   2.8599999999999999       -7.9873007589858248E-003
   2.8700000000000001       -8.2470359421679650E-003
   2.8799999999999999       -8.4946236230616645E-003
   2.8900000000000001       -8.7300113127271785E-003
   2.8999999999999999       -8.9531592998520915E-003
   2.9100000000000001       -9.1640404896054569E-003
   2.9199999999999999       -9.3626402326503870E-003
   2.9300000000000002       -9.5489561446373255E-003
   2.9399999999999999       -9.7229979165044788E-003
   2.9500000000000002       -9.8847871159157483E-003
   2.9600000000000000       -1.0034356980169983E-002
   2.9700000000000002       -1.0171752200918430E-002
   2.9800000000000000       -1.0297028701030012E-002
   2.9900000000000002       -1.0410253403946336E-002
   3.0000000000000000       -1.0511503995870360E-002
   3.0100000000000002       -1.0600868681134159E-002
   3.0200000000000000       -1.0678445931092533E-002
   3.0300000000000002       -1.0744344226890006E-002
   3.0400000000000000       -1.0798681796449322E-002
   3.0500000000000003       -1.0841586346029681E-002
   3.0600000000000001       -1.0873194786702801E-002
   3.0700000000000003       -1.0893652956094377E-002
   3.0800000000000001       -1.0903115335737658E-002
   3.0899999999999999       -1.0901744764384699E-002
   3.1000000000000001       -1.0889712147619373E-002
   3.1099999999999999       -1.0867196164114412E-002
   3.1200000000000001       -1.0834382968872670E-002
   3.1299999999999999       -1.0791465893790384E-002
   3.1400000000000001       -1.0738645145877534E-002
   3.1499999999999999       -1.0676127503467438E-002
   3.1600000000000001       -1.0604126010744459E-002
   3.1699999999999999       -1.0522859670915192E-002
   3.1800000000000002       -1.0432553138344737E-002
   3.1899999999999999       -1.0333436409975631E-002
   3.2000000000000002       -1.0225744516342724E-002
   3.2100000000000000       -1.0109717212492811E-002
   3.2200000000000002       -9.9855986691130515E-003
   3.2300000000000000       -9.8536371641672928E-003
   3.2400000000000002       -9.7140847753342044E-003
   3.2500000000000000       -9.5671970735357881E-003
   3.2600000000000002       -9.4132328178392205E-003
   3.2700000000000000       -9.2524536520092581E-003
   3.2800000000000002       -9.0851238029824796E-003
   3.2900000000000000       -8.9115097815285118E-003
   3.3000000000000003       -8.7318800853571580E-003
   3.3100000000000001       -8.5465049049238562E-003
   3.3200000000000003       -8.3556558321793862E-003
   3.3300000000000001       -8.1596055725029690E-003
   3.3399999999999999       -7.9586276600511242E-003
   3.3500000000000001       -7.7529961767476251E-003
   3.3599999999999999       -7.5429854751328778E-003
   3.3700000000000001       -7.3288699052838323E-003
   3.3799999999999999       -7.1109235460082836E-003
   3.3900000000000001       -6.8894199405100526E-003
   3.3999999999999999       -6.6646318367141093E-003
   3.4100000000000001       -6.4368309324331872E-003
   3.4199999999999999       -6.2062876255498736E-003
   3.4300000000000002       -5.9732707693805447E-003
   3.4399999999999999       -5.7380474333798403E-003
   3.4500000000000002       -5.5008826693366767E-003
   3.4600000000000000       -5.2620392832050684E-003
   3.4700000000000002       -5.0217776127052666E-003
   3.4800000000000000       -4.7803553108229698E-003
   3.4900000000000002       -4.5380271353265850E-003
   3.5000000000000000       -4.2950447444147499E-003
   3.5100000000000002       -4.0516564985985772E-003
   3.5200000000000000       -3.8081072689153273E-003
   3.5300000000000002       -3.5646382515625227E-003
   3.5400000000000000       -3.3214867890338112E-003
   3.5500000000000003       -3.0788861978302559E-003
   3.5600000000000001       -2.8370656028131303E-003
   3.5700000000000003       -2.5962497782567487E-003
   3.5800000000000001       -2.3566589956523767E-003
   3.5899999999999999       -2.1185088783068550E-003
   3.6000000000000001       -1.8820102627722108E-003
   3.6099999999999999       -1.6473690671352716E-003
   3.6200000000000001       -1.4147861661891114E-003
   3.6299999999999999       -1.1844572735010617E-003
   3.6400000000000001       -9.5657283038502457E-004
   3.6499999999999999       -7.3131790177892984E-004
   3.6600000000000001       -5.0887207902138660E-004
   3.6699999999999999       -2.8940938951490245E-004
   3.6800000000000002       -7.3098213256482959E-005
   3.6899999999999999        1.3989879379001677E-004
   3.7000000000000002        3.4942476951172965E-004
   3.7100000000000000        5.5532870869292943E-004
   3.7200000000000002        7.5746551933367321E-004
   3.7300000000000000        9.5569607229102052E-004
   3.7400000000000002        1.1498872442986846E-003
   3.7500000000000000        1.3399119544265960E-003
   3.7600000000000002        1.5256491940473340E-003
   3.7700000000000000        1.7069840503817042E-003
   3.7800000000000002        1.8838077237009108E-003
   3.7900000000000000        2.0560175382677839E-003
   3.8000000000000003        2.2235169471043702E-003
   3.8100000000000001        2.3862155306778906E-003
   3.8200000000000003        2.5440289896015906E-003
   3.8300000000000001        2.6968791314513664E-003
   3.8399999999999999        2.8446938518032474E-003
   3.8500000000000001        2.9874071096008311E-003
   3.8599999999999999        3.1249588969656209E-003
   3.8700000000000001        3.2572952035669032E-003
   3.8799999999999999        3.3843679756712943E-003
   3.8900000000000001        3.5061350699954340E-003
   3.8999999999999999        3.6225602024884613E-003
   3.9100000000000001        3.7336128921738837E-003
   3.9199999999999999        3.8392684001832809E-003
   3.9300000000000002        3.9395076641169030E-003
   3.9399999999999999        4.0343172278687013E-003
   3.9500000000000002        4.1236891670556122E-003
   3.9600000000000000        4.2076210101930304E-003
   3.9700000000000002        4.2861156557603558E-003
   3.9800000000000000        4.3591812853022716E-003
   3.9900000000000002        4.4268312727130023E-003
   4.0000000000000000        4.4890840898522428E-003
   4.0099999999999998        4.5459632086427126E-003
   4.0200000000000005        4.5974969998003809E-003
   4.0300000000000002        4.6437186283493350E-003
   4.0400000000000000        4.6846659460740535E-003
   4.0499999999999998        4.7203813810624195E-003
   4.0600000000000005        4.7509118244932905E-003
   4.0700000000000003        4.7763085148226983E-003
   4.0800000000000001        4.7966269195229092E-003
   4.0899999999999999        4.8119266145285455E-003
   4.0999999999999996        4.8222711615437909E-003
   4.1100000000000003        4.8277279833644051E-003
   4.1200000000000001        4.8283682373677864E-003
   4.1299999999999999        4.8242666873237272E-003
   4.1399999999999997        4.8155015736777596E-003
   4.1500000000000004        4.8021544824580990E-003
   4.1600000000000001        4.7843102129561865E-003
   4.1699999999999999        4.7620566443296692E-003
   4.1799999999999997        4.7354846012753965E-003
   4.1900000000000004        4.7046877189185999E-003
   4.2000000000000002        4.6697623070629064E-003
   4.2100000000000000        4.6308072139441955E-003
   4.2199999999999998        4.5879236896295634E-003
   4.2300000000000004        4.5412152492007836E-003
   4.2400000000000002        4.4907875358596886E-003
   4.2500000000000000        4.4367481840908267E-003
   4.2599999999999998        4.3792066830145625E-003
   4.2700000000000005        4.3182742400615318E-003
   4.2800000000000002        4.2540636450969895E-003
   4.2900000000000000        4.1866891351211412E-003
   4.2999999999999998        4.1162662596690115E-003
   4.3100000000000005        4.0429117470307824E-003
   4.3200000000000003        3.9667433714108465E-003
   4.3300000000000001        3.8878798211410361E-003
   4.3399999999999999        3.8064405680606722E-003
   4.3500000000000005        3.7225457381731488E-003
   4.3600000000000003        3.6363159836858205E-003
   4.3700000000000001        3.5478723565369277E-003
   4.3799999999999999        3.4573361835102141E-003
   4.3899999999999997        3.3648289430347651E-003
   4.4000000000000004        3.2704721437644209E-003
   4.4100000000000001        3.1743872050278912E-003
   4.4199999999999999        3.0766953392374510E-003
   4.4299999999999997        2.9775174363407962E-003
   4.4400000000000004        2.8769739503973178E-003
   4.4500000000000002        2.7751847883566994E-003
   4.4600000000000000        2.6722692011143649E-003
   4.4699999999999998        2.5683456769149109E-003
   4.4800000000000004        2.4635318371712448E-003
   4.4900000000000002        2.3579443347637183E-003
   4.5000000000000000        2.2516987548801162E-003
   4.5099999999999998        2.1449095184539173E-003
   4.5200000000000005        2.0376897882547983E-003
   4.5300000000000002        1.9301513776819098E-003
   4.5400000000000000        1.8224046623070147E-003
   4.5499999999999998        1.7145584942111468E-003
   4.5600000000000005        1.6067201191550284E-003
   4.5700000000000003        1.4989950966200767E-003
   4.5800000000000001        1.3914872227534410E-003
   4.5899999999999999        1.2842984562471435E-003
   4.6000000000000005        1.1775288471780482E-003
   4.6100000000000003        1.0712764688320647E-003
   4.6200000000000001        9.6563735253270158E-004
   4.6299999999999999        8.6070542549082272E-004
   4.6399999999999997        7.5657245168923772E-004
   4.6500000000000004        6.5332797581256778E-004
   4.6600000000000001        5.5105927022968044E-004
   4.6699999999999999        4.4985128503287965E-004
   4.6799999999999997        3.4978660113497653E-004
   4.6900000000000004        2.5094538642235042E-004
   4.7000000000000002        1.5340535495914412E-004
   4.7100000000000000        5.7241729234821918E-005
   4.7199999999999998       -3.7472794555542749E-005
   4.7300000000000004       -1.3066807821168915E-004
   4.7400000000000002       -2.2227657022548988E-004
   4.7500000000000000       -3.1223333149404963E-004
   4.7599999999999998       -4.0047605807009147E-004
   4.7700000000000005       -4.8694510097370761E-004
   4.7800000000000002       -5.7158348309205547E-004
   4.7900000000000000       -6.5433691319601852E-004
   4.7999999999999998       -7.3515379710522265E-004
   4.8100000000000005       -8.1398524603510346E-004
   4.8200000000000003       -8.9078508216195536E-004
   4.8300000000000001       -9.6550984144405509E-004
   4.8399999999999999       -1.0381187737390494E-003
   4.8500000000000005       -1.1085738402598149E-003
   4.8600000000000003       -1.1768397084129477E-003
   4.8700000000000001       -1.2428837440659132E-003
   4.8799999999999999       -1.3066760012906879E-003
   4.8899999999999997       -1.3681892096334487E-003
   4.9000000000000004       -1.4273987589615135E-003
   4.9100000000000001       -1.4842826819403119E-003
   4.9199999999999999       -1.5388216341946591E-003
   4.9299999999999997       -1.5909988722100274E-003
   4.9400000000000004       -1.6408002290308518E-003
   4.9500000000000002       -1.6882140878141734E-003
   4.9600000000000000       -1.7332313532981134E-003
   4.9699999999999998       -1.7758454212457801E-003
   4.9800000000000004       -1.8160521459262488E-003
   4.9900000000000002       -1.8538498056952148E-003
   5.0000000000000000       -1.8892390667387977E-003
   5.0099999999999998       -1.9222229450447837E-003
   5.0200000000000005       -1.9528067666663242E-003
   5.0300000000000002       -1.9809981263437626E-003
   5.0400000000000000       -2.0068068445508415E-003
   5.0499999999999998       -2.0302449230320515E-003
   5.0600000000000005       -2.0513264988983159E-003
   5.0700000000000003       -2.0700677973485614E-003
   5.0800000000000001       -2.0864870830850225E-003
   5.0899999999999999       -2.1006046104903365E-003
   5.1000000000000005       -2.1124425726346389E-003
   5.1100000000000003       -2.1220250491809475E-003
   5.1200000000000001       -2.1293779532571312E-003
   5.1299999999999999       -2.1345289773627030E-003
   5.1399999999999997       -2.1375075383785595E-003
   5.1500000000000004       -2.1383447217475948E-003
   5.1600000000000001       -2.1370732248938689E-003
   5.1699999999999999       -2.1337272999476975E-003
   5.1799999999999997       -2.1283426958436558E-003
   5.1900000000000004       -2.1209565998580528E-003
   5.2000000000000002       -2.1116075786519421E-003
   5.2100000000000000       -2.1003355188851836E-003
   5.2199999999999998       -2.0871815674664666E-003
   5.2300000000000004       -2.0721880715035466E-003
   5.2400000000000002       -2.0553985180172306E-003
   5.2500000000000000       -2.0368574734818917E-003
   5.2599999999999998       -2.0166105232544708E-003
   5.2700000000000005       -1.9947042109530739E-003
   5.2800000000000002       -1.9711859778453527E-003
   5.2900000000000000       -1.9461041023059208E-003
   5.2999999999999998       -1.9195076394010462E-003
   5.3100000000000005       -1.8914463606578386E-003
   5.3200000000000003       -1.8619706940740648E-003
   5.3300000000000001       -1.8311316644236131E-003
   5.3399999999999999       -1.7989808339114802E-003
   5.3500000000000005       -1.7655702432309642E-003
   5.3600000000000003       -1.7309523530745301E-003
   5.3700000000000001       -1.6951799861485660E-003
   5.3799999999999999       -1.6583062697409642E-003
   5.3899999999999997       -1.6203845788891596E-003
   5.4000000000000004       -1.5814684801949191E-003
   5.4100000000000001       -1.5416116763308191E-003
   5.4199999999999999       -1.5008679512819680E-003
   5.4299999999999997       -1.4592911163651286E-003
   5.4400000000000004       -1.4169349570659702E-003
   5.4500000000000002       -1.3738531807337467E-003
   5.4600000000000000       -1.3300993651712374E-003
   5.4699999999999998       -1.2857269081563197E-003
   5.4800000000000004       -1.2407889779300603E-003
   5.4900000000000002       -1.1953384646847178E-003
   5.5000000000000000       -1.1494279330835498E-003
   5.5099999999999998       -1.1031095758428026E-003
   5.5200000000000005       -1.0564351684047499E-003
   5.5300000000000002       -1.0094560247291241E-003
   5.5400000000000000       -9.6222295422875850E-004
   5.5499999999999998       -9.1478621987373576E-004
   5.5600000000000005       -8.6719549748681137E-004
   5.5700000000000003       -8.1949983625135702E-004
   5.5800000000000001       -7.7174762045154836E-004
   5.5899999999999999       -7.2398653246300536E-004
   5.6000000000000005       -6.7626351701058286E-004
   5.6100000000000003       -6.2862474670850551E-004
   5.6200000000000001       -5.8111558889654752E-004
   5.6299999999999999       -5.3378057378447260E-004
   5.6399999999999997       -4.8666336391547558E-004
   5.6500000000000004       -4.3980672495790788E-004
   5.6600000000000001       -3.9325249783312051E-004
   5.6699999999999999       -3.4704157218582680E-004
   5.6799999999999997       -3.0121386120197160E-004
   5.6900000000000004       -2.5580827777769402E-004
   5.7000000000000002       -2.1086271204159146E-004
   5.7100000000000000       -1.6641401023113127E-004
   5.7199999999999998       -1.2249795492271596E-004
   5.7300000000000004       -7.9149246613589424E-005
   5.7400000000000002       -3.6401486652474686E-005
   5.7500000000000000        5.7128384854393267E-006
   5.7599999999999998        4.7162371584793310E-005
   5.7700000000000005        8.7916897744490851E-005
   5.7800000000000002        1.2794735610832263E-004
   5.7900000000000000        1.6722585028100634E-004
   5.7999999999999998        2.0572565744001082E-004
   5.8100000000000005        2.4342123615464907E-004
   5.8200000000000003        2.8028823292501175E-004
   5.8300000000000001        3.1630348745437090E-004
   5.8399999999999999        3.5144503666971136E-004
   5.8500000000000005        3.8569211750604437E-004
   5.8600000000000003        4.1902516847112595E-004
   5.8700000000000001        4.5142583000813507E-004
   5.8799999999999999        4.8287694367477290E-004
   5.8899999999999997        5.1336255015811281E-004
   5.9000000000000004        5.4286788614537110E-004
   5.9100000000000001        5.7137938007157264E-004
   5.9199999999999999        5.9888464676585891E-004
   5.9299999999999997        6.2537248101892447E-004
   5.9400000000000004        6.5083285009477296E-004
   5.9500000000000002        6.7525688521065581E-004
   5.9600000000000000        6.9863687200969458E-004
   5.9699999999999998        7.2096624005129055E-004
   5.9800000000000004        7.4223955134499657E-004
   5.9900000000000002        7.6245248795405915E-004
   6.0000000000000000        7.8160183869534325E-004
   6.0099999999999998        7.9968548496281704E-004
   6.0200000000000005        8.1670238570220942E-004
   6.0300000000000002        8.3265256156485074E-004
   6.0400000000000000        8.4753707826907502E-004
   6.0499999999999998        8.6135802919789324E-004
   6.0600000000000005        8.7411851726194585E-004
   6.0700000000000003        8.8582263605701086E-004
   6.0800000000000001        8.9647545034557375E-004
   6.0899999999999999        9.0608297589216819E-004
   6.1000000000000005        9.1465215868236473E-004
   6.1100000000000003        9.2219085355541963E-004
   6.1200000000000001        9.2870780228070224E-004
   6.1299999999999999        9.3421261110809199E-004
   6.1400000000000006        9.3871572782257924E-004
   6.1500000000000004        9.4222841833331756E-004
   6.1600000000000001        9.4476274282735695E-004
   6.1699999999999999        9.4633153151824014E-004
   6.1799999999999997        9.4694836001957131E-004
   6.1900000000000004        9.4662752437356000E-004
   6.2000000000000002        9.4538401576441296E-004
   6.2100000000000000        9.4323349494628787E-004
   6.2199999999999998        9.4019226641533680E-004
   6.2300000000000004        9.3627725235515620E-004
   6.2400000000000002        9.3150596638472420E-004
   6.2500000000000000        9.2589648713764256E-004
   6.2599999999999998        9.1946743170121686E-004
   6.2700000000000005        9.1223792894359770E-004
   6.2800000000000002        9.0422759275687425E-004
   6.2900000000000000        8.9545649524365792E-004
   6.2999999999999998        8.8594513987431641E-004
   6.3100000000000005        8.7571443464162433E-004
   6.3200000000000003        8.6478566523917871E-004
   6.3300000000000001        8.5318046828949186E-004
   6.3399999999999999        8.4092080464722102E-004
   6.3500000000000005        8.2802893280252074E-004
   6.3600000000000003        8.1452738240901581E-004
   6.3700000000000001        8.0043892796038637E-004
   6.3799999999999999        7.8578656263903542E-004
   6.3900000000000006        7.7059347235977421E-004
   6.4000000000000004        7.5488301003090908E-004
   6.4100000000000001        7.3867867005455155E-004
   6.4199999999999999        7.2200406308739679E-004
   6.4299999999999997        7.0488289108262727E-004
   6.4400000000000004        6.8733892263300061E-004
   6.4500000000000002        6.6939596863457103E-004
   6.4600000000000000        6.5107785828987495E-004
   6.4699999999999998        6.3240841546878426E-004
   6.4800000000000004        6.1341143544459543E-004
   6.4900000000000002        5.9411066202227892E-004
   6.5000000000000000        5.7452976507516625E-004
   6.5099999999999998        5.5469231850569412E-004
   6.5200000000000005        5.3462177864516797E-004
   6.5300000000000002        5.1434146310684061E-004
   6.5400000000000000        4.9387453010593489E-004
   6.5499999999999998        4.7324395825956749E-004
   6.5600000000000005        4.5247252687885921E-004
   6.5700000000000003        4.3158279676484075E-004
   6.5800000000000001        4.1059709151908882E-004
   6.5899999999999999        3.8953747937935145E-004
   6.6000000000000005        3.6842575558974629E-004
   6.6100000000000003        3.4728342531444164E-004
   6.6200000000000001        3.2613168710305827E-004
   6.6299999999999999        3.0499141691536015E-004
   6.6400000000000006        2.8388315271213565E-004
   6.6500000000000004        2.6282707961850806E-004
   6.6600000000000001        2.4184301566525560E-004
   6.6699999999999999        2.2095039811306726E-004
   6.6799999999999997        2.0016827036401210E-004
   6.6900000000000004        1.7951526946385798E-004
   6.7000000000000002        1.5900961419823895E-004
   6.7100000000000000        1.3866909378504200E-004
   6.7199999999999998        1.1851105716476265E-004
   6.7300000000000004        9.8552402889964813E-005
   6.7400000000000002        7.8809569614376212E-005
   6.7500000000000000        5.9298527181554101E-005
   6.7599999999999998        4.0034768312469835E-005
   6.7700000000000005        2.1033300890783887E-005
   6.7800000000000002        2.3086408440164525E-006
   6.7900000000000000       -1.6125194381737092E-005
   6.7999999999999998       -3.4254691756441511E-005
   6.8100000000000005       -5.2066848013536981E-005
   6.8200000000000003       -6.9549174414085247E-005
   6.8300000000000001       -8.6689700932107396E-005
   6.8399999999999999       -1.0347697986607144E-004
   6.8500000000000005       -1.1990008888197256E-004
   6.8600000000000003       -1.3594863349392075E-004
   6.8700000000000001       -1.5161274898860952E-004
   6.8799999999999999       -1.6688310180048394E-004
   6.8900000000000006       -1.8175089034485874E-004
   6.9000000000000004       -1.9620784531665400E-004
   6.9100000000000001       -2.1024622946282055E-004
   6.9199999999999999       -2.2385883683691591E-004
   6.9299999999999997       -2.3703899154466697E-004
   6.9400000000000004       -2.4978054598971618E-004
   6.9500000000000002       -2.6207787862909379E-004
   6.9600000000000000       -2.7392589124829002E-004
   6.9699999999999998       -2.8532000576611647E-004
   6.9800000000000004       -2.9625616057984896E-004
   6.9900000000000002       -3.0673080646142841E-004
   7.0000000000000000       -3.1674090201576902E-004
   7.0099999999999998       -3.2628390871247904E-004
   7.0200000000000005       -3.3535778550253936E-004
   7.0300000000000002       -3.4396098303171325E-004
   7.0400000000000000       -3.5209243746266909E-004
   7.0499999999999998       -3.5975156391799586E-004
   7.0600000000000005       -3.6693824955647106E-004
   7.0700000000000003       -3.7365284629510667E-004
   7.0800000000000001       -3.7989616318965028E-004
   7.0899999999999999       -3.8566945848635418E-004
   7.1000000000000005       -3.9097443135794778E-004
   7.1100000000000003       -3.9581321333685443E-004
   7.1200000000000001       -4.0018835945878755E-004
   7.1299999999999999       -4.0410283912993821E-004
   7.1400000000000006       -4.0756002673103119E-004
   7.1500000000000004       -4.1056369197157598E-004
   7.1600000000000001       -4.1311799000767562E-004
   7.1699999999999999       -4.1522745133677904E-004
   7.1799999999999997       -4.1689697148277111E-004
   7.1900000000000004       -4.1813180048479116E-004
   7.2000000000000002       -4.1893753220315267E-004
   7.2100000000000000       -4.1932009345570736E-004
   7.2199999999999998       -4.1928573299795393E-004
   7.2300000000000004       -4.1884101036013683E-004
   7.2400000000000002       -4.1799278455451300E-004
   7.2500000000000000       -4.1674820266588558E-004
   7.2599999999999998       -4.1511468833841351E-004
   7.2700000000000005       -4.1309993017160261E-004
   7.2800000000000002       -4.1071187003827235E-004
   7.2900000000000000       -4.0795869133716784E-004
   7.2999999999999998       -4.0484880719275179E-004
   7.3100000000000005       -4.0139084861456843E-004
   7.3200000000000003       -3.9759365262841492E-004
   7.3300000000000001       -3.9346625039139385E-004
   7.3399999999999999       -3.8901785530274586E-004
   7.3500000000000005       -3.8425785112217989E-004
   7.3600000000000003       -3.7919578010722776E-004
   7.3700000000000001       -3.7384133118095075E-004
   7.3799999999999999       -3.6820432814111857E-004
   7.3900000000000006       -3.6229471792176656E-004
   7.4000000000000004       -3.5612255891781535E-004
   7.4100000000000001       -3.4969800938320701E-004
   7.4199999999999999       -3.4303131591277732E-004
   7.4299999999999997       -3.3613280201784125E-004
   7.4400000000000004       -3.2901285680522036E-004
   7.4500000000000002       -3.2168192376918803E-004
   7.4600000000000000       -3.1415048970554832E-004
   7.4699999999999998       -3.0642907375680160E-004
   7.4800000000000004       -2.9852821659708049E-004
   7.4900000000000002       -2.9045846976526722E-004
   7.5000000000000000       -2.8223038515442649E-004
   7.5099999999999998       -2.7385450466540747E-004
   7.5200000000000005       -2.6534135003218498E-004
   7.5300000000000002       -2.5670141282622223E-004
   7.5400000000000000       -2.4794514464684969E-004
   7.5499999999999998       -2.3908294750436097E-004
   7.5600000000000005       -2.3012516440223436E-004
   7.5700000000000003       -2.2108207012459246E-004
   7.5800000000000001       -2.1196386223471566E-004
   7.5899999999999999       -2.0278065229012749E-004
   7.6000000000000005       -1.9354245727947118E-004
   7.6100000000000003       -1.8425919128609771E-004
   7.6200000000000001       -1.7494065738298643E-004
   7.6299999999999999       -1.6559653976332025E-004
   7.6400000000000006       -1.5623639611073899E-004
   7.6500000000000004       -1.4686965021299647E-004
   7.6600000000000001       -1.3750558482244991E-004
   7.6699999999999999       -1.2815333476651509E-004
   7.6799999999999997       -1.1882188031092639E-004
   7.6900000000000004       -1.0952004077834847E-004
   7.7000000000000002       -1.0025646842459680E-004
   7.7100000000000000       -9.1039642574435942E-005
   7.7199999999999998       -8.1877864018639555E-005
   7.7300000000000004       -7.2779249673713482E-005
   7.7400000000000002       -6.3751727505404301E-005
   7.7500000000000000       -5.4803031716839215E-005
   7.7599999999999998       -4.5940698201870896E-005
   7.7700000000000005       -3.7172060263931787E-005
   7.7800000000000002       -2.8504244600437622E-005
   7.7900000000000000       -1.9944167552518881E-005
   7.7999999999999998       -1.1498531619602444E-005
   7.8100000000000005       -3.1738222381135553E-006
   7.8200000000000003        5.0236951766791046E-006
   7.8300000000000001        1.3087977926895135E-005
   7.8399999999999999        2.1013208467808341E-005
   7.8500000000000005        2.8793796584836735E-005
   7.8600000000000003        3.6424381313673672E-005
   7.8700000000000001        4.3899832605698844E-005
   7.8799999999999999        5.1215252741024049E-005
   7.8900000000000006        5.8365977491739089E-005
   7.9000000000000004        6.5347577038127780E-005
   7.9100000000000001        7.2155856640822828E-005
   7.9199999999999999        7.8786857072061069E-005
   7.9300000000000006        8.5236854809387020E-005
   7.9400000000000004        9.1502361995333251E-005
   7.9500000000000002        9.7580126166780173E-005
   7.9600000000000000        1.0346712975786543E-004
   7.9699999999999998        1.0916058938047473E-004
   7.9800000000000004        1.1465795488650049E-004
   7.9900000000000002        1.1995690821620323E-004
   8.0000000000000000        1.2505536203715232E-004
   8.0099999999999998        1.2995145817835794E-004
   8.0199999999999996        1.3464356586433444E-004
   8.0299999999999994        1.3913027975395742E-004
   8.0400000000000009        1.4341041778909188E-004
   8.0500000000000007        1.4748301885807727E-004
   8.0600000000000005        1.5134734027925730E-004
   8.0700000000000003        1.5500285510983722E-004
   8.0800000000000001        1.5844924928544023E-004
   8.0899999999999999        1.6168641859581588E-004
   8.0999999999999996        1.6471446550222932E-004
   8.1099999999999994        1.6753369580212787E-004
   8.1200000000000010        1.7014461514674477E-004
   8.1300000000000008        1.7254792541735405E-004
   8.1400000000000006        1.7474452096594067E-004
   8.1500000000000004        1.7673548472609221E-004
   8.1600000000000001        1.7852208419995478E-004
   8.1699999999999999        1.8010576732712584E-004
   8.1799999999999997        1.8148815824138033E-004
   8.1899999999999995        1.8267105292114438E-004
   8.1999999999999993        1.8365641473964210E-004
   8.2100000000000009        1.8444636992064661E-004
   8.2200000000000006        1.8504320290576646E-004
   8.2300000000000004        1.8544935163919196E-004
   8.2400000000000002        1.8566740277581437E-004
   8.2500000000000000        1.8570008681861346E-004
   8.2599999999999998        1.8555027319118591E-004
   8.2699999999999996        1.8522096525125861E-004
   8.2799999999999994        1.8471529525099741E-004
   8.2900000000000009        1.8403651924988297E-004
   8.3000000000000007        1.8318801198588167E-004
   8.3100000000000005        1.8217326171059023E-004
   8.3200000000000003        1.8099586499398007E-004
   8.3300000000000001        1.7965952150430804E-004
   8.3399999999999999        1.7816802876869831E-004
   8.3499999999999996        1.7652527691983244E-004
   8.3599999999999994        1.7473524343411317E-004
   8.3700000000000010        1.7280198786659236E-004
   8.3800000000000008        1.7072964658787308E-004
   8.3900000000000006        1.6852242752811309E-004
   8.4000000000000004        1.6618460493316925E-004
   8.4100000000000001        1.6372051413783193E-004
   8.4199999999999999        1.6113454636100405E-004
   8.4299999999999997        1.5843114352758202E-004
   8.4399999999999995        1.5561479312169516E-004
   8.4499999999999993        1.5269002307585669E-004
   8.4600000000000009        1.4966139670047267E-004
   8.4700000000000006        1.4653350765804639E-004
   8.4800000000000004        1.4331097498630372E-004
   8.4900000000000002        1.3999843817435133E-004
   8.5000000000000000        1.3660055229586270E-004
   8.5099999999999998        1.3312198320316907E-004
   8.5199999999999996        1.2956740278601150E-004
   8.5299999999999994        1.2594148429858869E-004
   8.5400000000000009        1.2224889775841081E-004
   8.5500000000000007        1.1849430542034455E-004
   8.5600000000000005        1.1468235732910813E-004
   8.5700000000000003        1.1081768695334645E-004
   8.5800000000000001        1.0690490690428862E-004
   8.5899999999999999        1.0294860474185902E-004
   8.5999999999999996        9.8953338870983668E-005
   8.6099999999999994        9.4923634530701243E-005
   8.6200000000000010        9.0863979878557120E-005
   8.6300000000000008        8.6778822172626111E-005
   8.6400000000000006        8.2672564053377557E-005
   8.6500000000000004        7.8549559927463576E-005
   8.6600000000000001        7.4414112455379233E-005
   8.6699999999999999        7.0270469144810649E-005
   8.6799999999999997        6.6122819051355427E-005
   8.6899999999999995        6.1975289588168036E-005
   8.7000000000000011        5.7831943445951715E-005
   8.7100000000000009        5.3696775624588105E-005
   8.7200000000000006        4.9573710577566258E-005
   8.7300000000000004        4.5466599470243859E-005
   8.7400000000000002        4.1379217552845792E-005
   8.7500000000000000        3.7315261648978645E-005
   8.7599999999999998        3.3278347760314247E-005
   8.7699999999999996        2.9272008787971324E-005
   8.7799999999999994        2.5299692371001745E-005
   8.7900000000000009        2.1364758842266606E-005
   8.8000000000000007        1.7470479301868005E-005
   8.8100000000000005        1.3620033808184468E-005
   8.8200000000000003        9.8165096864420611E-006
   8.8300000000000001        6.0628999546390301E-006
   8.8399999999999999        2.3621018665297031E-006
   8.8499999999999996       -1.2830844287367246E-006
   8.8599999999999994       -4.8699571108349259E-006
   8.8700000000000010       -8.3959137969578681E-006
   8.8800000000000008       -1.1858452535708653E-005
   8.8900000000000006       -1.5255172687012704E-005
   8.9000000000000004       -1.8583775688972047E-005
   8.9100000000000001       -2.1842065712679810E-005
   8.9199999999999999       -2.5027950206106909E-005
   8.9299999999999997       -2.8139440328264224E-005
   8.9399999999999995       -3.1174651274932242E-005
   8.9500000000000011       -3.4131802497336164E-005
   8.9600000000000009       -3.7009217815227901E-005
   8.9700000000000006       -3.9805325425916855E-005
   8.9800000000000004       -4.2518657810869376E-005
   8.9900000000000002       -4.5147851541571665E-005
   9.0000000000000000       -4.7691646986423178E-005
   9.0099999999999998       -5.0148887920496916E-005
   9.0199999999999996       -5.2518521040069381E-005
   9.0299999999999994       -5.4799595383886542E-005
   9.0400000000000009       -5.6991261663192833E-005
   9.0500000000000007       -5.9092771502607767E-005
   9.0600000000000005       -6.1103476593989643E-005
   9.0700000000000003       -6.3022827765477426E-005
   9.0800000000000001       -6.4850373967950944E-005
   9.0899999999999999       -6.6585761181195142E-005
   9.0999999999999996       -6.8228731242097308E-005
   9.1099999999999994       -6.9779120597245878E-005
   9.1200000000000010       -7.1236858982336710E-005
   9.1300000000000008       -7.2601968030826578E-005
   9.1400000000000006       -7.3874559814304875E-005
   9.1500000000000004       -7.5054835317082746E-005
   9.1600000000000001       -7.6143082847524216E-005
   9.1699999999999999       -7.7139676388666316E-005
   9.1799999999999997       -7.8045073890694984E-005
   9.1899999999999995       -7.8859815507860052E-005
   9.2000000000000011       -7.9584521782426974E-005
   9.2100000000000009       -8.0219891778273878E-005
   9.2200000000000006       -8.0766701166751348E-005
   9.2300000000000004       -8.1225800267427855E-005
   9.2400000000000002       -8.1598112046347163E-005
   9.2500000000000000       -8.1884630074424374E-005
   9.2599999999999998       -8.2086416448605418E-005
   9.2699999999999996       -8.2204599678409958E-005
   9.2799999999999994       -8.2240372540470883E-005
   9.2900000000000009       -8.2194989903673768E-005
   9.3000000000000007       -8.2069766527487889E-005
   9.3100000000000005       -8.1866074836066020E-005
   9.3200000000000003       -8.1585342670673723E-005
   9.3300000000000001       -8.1229051022989888E-005
   9.3399999999999999       -8.0798731751799313E-005
   9.3499999999999996       -8.0295965285574999E-005
   9.3599999999999994       -7.9722378313422371E-005
   9.3700000000000010       -7.9079641466830547E-005
   9.3800000000000008       -7.8369466994646358E-005
   9.3900000000000006       -7.7593606433655856E-005
   9.4000000000000004       -7.6753848277124733E-005
   9.4100000000000001       -7.5852015643614528E-005
   9.4199999999999999       -7.4889963948354861E-005
   9.4299999999999997       -7.3869578579413689E-005
   9.4399999999999995       -7.2792772580867923E-005
   9.4500000000000011       -7.1661484345135197E-005
   9.4600000000000009       -7.0477675316585052E-005
   9.4700000000000006       -6.9243327708503347E-005
   9.4800000000000004       -6.7960442235438285E-005
   9.4900000000000002       -6.6631035862909599E-005
   9.5000000000000000       -6.5257139576414448E-005
   9.5099999999999998       -6.3840796171614272E-005
   9.5199999999999996       -6.2384058067536718E-005
   9.5299999999999994       -6.0888985144575559E-005
   9.5400000000000009       -5.9357642609019011E-005
   9.5500000000000007       -5.7792098885784176E-005
   9.5600000000000005       -5.6194423540981107E-005
   9.5700000000000003       -5.4566685235875541E-005
   9.5800000000000001       -5.2910949713763930E-005
   9.5899999999999999       -5.1229277821218444E-005
   9.5999999999999996       -4.9523723565103199E-005
   9.6099999999999994       -4.7796332206705905E-005
   9.6200000000000010       -4.6049138394271729E-005
   9.6300000000000008       -4.4284164335168410E-005
   9.6400000000000006       -4.2503418008853561E-005
   9.6500000000000004       -4.0708891421756835E-005
   9.6600000000000001       -3.8902558905131060E-005
   9.6699999999999999       -3.7086375456867877E-005
   9.6799999999999997       -3.5262275128214782E-005
   9.6899999999999995       -3.3432169456271736E-005
   9.7000000000000011       -3.1597945943086952E-005
   9.7100000000000009       -2.9761466582112964E-005
   9.7200000000000006       -2.7924566432725704E-005
   9.7300000000000004       -2.6089052243451295E-005
   9.7400000000000002       -2.4256701124487386E-005
   9.7500000000000000       -2.2429259270048368E-005
   9.7599999999999998       -2.0608440731006720E-005
   9.7699999999999996       -1.8795926238246040E-005
   9.7799999999999994       -1.6993362077085079E-005
   9.7900000000000009       -1.5202359013076500E-005
   9.8000000000000007       -1.3424491269428914E-005
   9.8100000000000005       -1.1661295556246285E-005
   9.8200000000000003       -9.9142701517249822E-006
   9.8300000000000001       -8.1848740353956492E-006
   9.8399999999999999       -6.4745260734446733E-006
   9.8499999999999996       -4.7846042560984711E-006
   9.8599999999999994       -3.1164449870030325E-006
   9.8700000000000010       -1.4713424244812923E-006
   9.8800000000000008        1.4945212549813508E-007
   9.8900000000000006        1.7447307648553682E-006
   9.9000000000000004        3.3133295076984512E-006
   9.9100000000000001        4.8541287336950699E-006
   9.9199999999999999        6.3660535908696347E-006
   9.9299999999999997        7.8480743482225909E-006
   9.9399999999999995        9.2992066986118197E-006
   9.9500000000000011        1.0718512012377805E-005
   9.9600000000000009        1.2105097542235008E-005
   9.9700000000000006        1.3458116579991463E-005
   9.9800000000000004        1.4776768565697001E-005
   9.9900000000000002        1.6060299149857764E-005
   10.000000000000000        1.7308000209390659E-005
