   1.5707963267948966        7.4000000000000057     
   1.5552438879157391        7.4000000000000057     
   1.5399963988185259        7.3600000000000056     
   1.5250449774707733        7.3600000000000056     
   1.5103810834566314        7.3200000000000056     
   1.4959965017094252        7.2800000000000056     
   1.4818833271649967        7.2800000000000056     
   1.4680339502756041        7.2400000000000055     
   1.4544410433286079        7.2400000000000055     
   1.4410975475182537        7.2000000000000055     
   1.4279966607226331        7.2000000000000055     
   1.4151318259413481        7.1600000000000055     
   1.4024967203525860        7.1600000000000055     
   1.3900852449512358        7.1200000000000054     
   1.3778915147323652        7.1200000000000054     
   1.3659098493868664        7.1200000000000054     
   1.3541347644783590        7.0800000000000054     
   1.3425609630725610        7.0800000000000054     
   1.3311833277922851        7.0400000000000054     
   1.3199969132730220        7.0400000000000054     
   1.3089969389957470        7.0400000000000054     
   1.2981787824751210        7.0000000000000053     
   1.2875379727827019        7.0000000000000053     
   1.2770701843860945        7.0000000000000053     
   1.2667712312862067        6.9600000000000053     
   1.2566370614359170        6.9600000000000053     
   1.2466637514245209        6.9600000000000053     
   1.2368475014133042        6.9600000000000053     
   1.2271846303085128        6.9200000000000053     
   1.2176715711588344        6.9200000000000053     
   1.2083048667653049        6.9200000000000053     
   1.1990811654922873        6.8800000000000052     
   1.1899972172688609        6.8800000000000052     
   1.1810498697705987        6.8800000000000052     
   1.1722360647723107        6.8800000000000052     
   1.1635528346628861        6.8800000000000052     
   1.1549972991138941        6.8400000000000052     
   1.1465666618940848        6.8400000000000052     
   1.1382582078223886        6.8400000000000052     
   1.1300692998524433        6.8400000000000052     
   1.1219973762820687        6.8000000000000052     
   1.1140399480814867        6.8000000000000052     
   1.1061945963344340        6.8000000000000052     
   1.0984589697866407        6.8000000000000052     
   1.0908307824964556        6.8000000000000052     
   1.0833078115826871        6.7600000000000051     
   1.0758878950649973        6.7600000000000051     
   1.0685689297924463        6.7600000000000051     
   1.0613488694560109        6.7600000000000051     
   1.0542257226811382        6.7600000000000051     
   1.0471975511965974        6.7600000000000051     
   1.0402624680760901        6.7200000000000051     
   1.0334186360492736        6.7200000000000051     
   1.0266642658790170        6.7200000000000051     
   1.0199976148018806        6.7200000000000051     
   1.0134169850289652        6.7200000000000051     
   1.0069207223044205        6.7200000000000051     
   1.0005072145190421        6.7200000000000051     
  0.99417489037651652        6.6800000000000050     
  0.98792221810999747        6.6800000000000050     
  0.98174770424681002        6.6800000000000050     
  0.97564989241919009        6.6800000000000050     
  0.96962736221907164        6.6800000000000050     
  0.96367872809502819        6.6800000000000050     
  0.95780263828957068        6.6800000000000050     
  0.95199777381508854        6.6400000000000050     
  0.94626284746680478        6.6400000000000050     
  0.94059660287119518        6.6400000000000050     
  0.93499781356839051        6.6400000000000050     
  0.92946528212715740        6.6400000000000050     
  0.92399783929111523        6.6400000000000050     
  0.91859434315490995        6.6400000000000050     
  0.91325367836912552        6.6400000000000050     
  0.90797475537277228        6.6400000000000050     
  0.90275650965223908        6.6000000000000050     
  0.89759790102565484        6.6000000000000050     
  0.89249791295164538        6.6000000000000050     
  0.88745555186152314        6.6000000000000050     
  0.88246984651398652        6.6000000000000050     
  0.87753984737145030        6.6000000000000050     
  0.87266462599716443        6.6000000000000050     
  0.86784327447231824        6.6000000000000050     
  0.86307490483236038        6.6000000000000050     
  0.85835864852180110        6.6000000000000050     
  0.85369365586679125        6.6000000000000050     
  0.84907909556480865        6.5600000000000049     
  0.84451415419080422        6.5600000000000049     
  0.83999803571919562        6.5600000000000049     
  0.83552996106111488        6.5600000000000049     
  0.83110916761634701        6.5600000000000049     
  0.82673490883941891        6.5600000000000049     
  0.82240645381931721        6.5600000000000049     
  0.81812308687234159        6.5600000000000049     
  0.81388410714761450        6.5600000000000049     
  0.80968882824479171        6.5600000000000049     
  0.80553657784353638        6.5600000000000049     
  0.80142669734433458        6.5600000000000049     
  0.79735854152025176        6.5600000000000049     
  0.79333147817924032        6.5200000000000049     
  0.78934488783663104        6.5200000000000049     
  0.78539816339744795        6.5200000000000049     
  0.78149070984820701        6.5200000000000049     
  0.77762194395786943        6.5200000000000049     
  0.77379129398763369        6.5200000000000049     
  0.76999819940926295        6.5200000000000049     
  0.76624211063165693        6.5200000000000049     
  0.76252248873538686        6.5200000000000049     
  0.75883880521492608        6.5200000000000049     
  0.75519054172831590        6.5200000000000049     
  0.75157718985401789        6.5200000000000049     
  0.74799825085471305        6.5200000000000049     
  0.74445323544781883        6.5200000000000049     
  0.74094166358249891        6.5200000000000049     
  0.73746306422295682        6.5200000000000049     
  0.73401697513780284        6.5200000000000049     
  0.73060294269530146        6.4800000000000049     
  0.72722052166430484        6.4800000000000049     
  0.72386927502069054        6.4800000000000049     
  0.72054877375912785        6.4800000000000049     
  0.71725859670999947        6.4800000000000049     
  0.71399833036131777        6.4800000000000049     
  0.71076756868547475        6.4800000000000049     
  0.70756591297067528        6.4800000000000049     
  0.70439297165690551        6.4800000000000049     
  0.70124836017629444        6.4800000000000049     
  0.69813170079773323        6.4800000000000049     
  0.69504262247561943        6.4800000000000049     
  0.69198076070259906        6.4800000000000049     
  0.68894575736618424        6.4800000000000049     
  0.68593726060912674        6.4800000000000049     
  0.68295492469343488        6.4800000000000049     
  0.67999840986792226        6.4800000000000049     
  0.67706738223918128        6.4800000000000049     
  0.67416151364588017        6.4800000000000049     
  0.67128048153628239        6.4800000000000049     
  0.66842396884889399        6.4800000000000049     
  0.66559166389614455        6.4800000000000049     
  0.66278326025101320        6.4800000000000049     
  0.65999845663651313        6.4400000000000048     
  0.65723695681795036        6.4400000000000048     
  0.65449846949787560        6.4400000000000048     
  0.65178270821365214        6.4400000000000048     
  0.64908939123756271        6.4400000000000048     
  0.64641824147938354        6.4400000000000048     
  0.64376898639135327        6.4400000000000048     
  0.64114135787547022        6.4400000000000048     
  0.63853509219304971        6.4400000000000048     
  0.63594992987647869        6.4400000000000048     
  0.63338561564310580        6.4400000000000048     
  0.63084189831120585        6.4400000000000048     
  0.62831853071796107        6.4400000000000048     
  0.62581526963940348        6.4400000000000048     
  0.62333187571226301        6.4400000000000048     
  0.62086811335766923        6.4400000000000048     
  0.61842375070665478        6.4400000000000048     
  0.61599855952741300        6.4400000000000048     
  0.61359231515425916        6.4400000000000048     
  0.61120479641825032        6.4400000000000048     
  0.60883578557941997        6.4400000000000048     
  0.60648506826058057        6.4400000000000048     
  0.60415243338265534        6.4400000000000048     
  0.60183767310149572        6.4400000000000048     
  0.59954058274614652        6.4400000000000048     
  0.59726096075851864        6.4400000000000048     
  0.59499860863443343        6.4400000000000048     
  0.59275333086600157        6.4400000000000048     
  0.59052493488530233        6.4400000000000048     
  0.58831323100932753        6.4400000000000048     
  0.58611803238615845        6.4400000000000048     
  0.58393915494234372        6.4000000000000048     
  0.58177641733144614        6.4000000000000048     
  0.57962964088372870        6.4000000000000048     
  0.57749864955695029        6.4000000000000048     
  0.57538326988824362        6.4000000000000048     
  0.57328333094704564        6.4000000000000048     
  0.57119866428905641        6.4000000000000048     
  0.56912910391119753        6.4000000000000048     
  0.56707448620754708        6.4000000000000048     
  0.56503464992622499        6.4000000000000048     
  0.56300943612720633        6.4000000000000048     
  0.56099868814103770        6.4000000000000048     
  0.55900225152843619        6.4000000000000048     
  0.55701997404074677        6.4000000000000048     
  0.55505170558123884        6.4000000000000048     
  0.55309729816722042        6.4000000000000048     
  0.55115660589294946        6.4000000000000048     
  0.54922948489332379        6.4000000000000048     
  0.54731579330832969        6.4000000000000048     
  0.54541539124823135        6.4000000000000048     
  0.54352814075948319        6.4000000000000048     
  0.54165390579134709        6.4000000000000048     
  0.53979255216319810        6.4000000000000048     
  0.53794394753250230        6.4000000000000048     
  0.53610796136344940        6.4000000000000048     
  0.53428446489622683        6.4000000000000048     
  0.53247333111691764        6.4000000000000048     
  0.53067443472800913        6.4000000000000048     
  0.52888765211949729        6.4000000000000048     
  0.52711286134057289        6.4000000000000048     
  0.52534994207187535        6.4000000000000048     
  0.52359877559830237        6.4000000000000048     
  0.52185924478236123        6.4000000000000048     
  0.52013123403804884        6.4000000000000048     
  0.51841462930524995        6.4000000000000048     
  0.51670931802464060        6.4000000000000048     
  0.51501518911308442        6.4000000000000048     
  0.51333213293951230        6.4000000000000048     
  0.51166004130127285        6.4000000000000048     
  0.50999880740094405        6.4000000000000048     
  0.50834832582359479        6.4000000000000048     
  0.50670849251448646        6.4000000000000048     
  0.50507920475720514        6.4000000000000048     
  0.50346036115221415        6.4000000000000048     
  0.50185186159581729        6.4000000000000048     
  0.50025360725952495        6.4000000000000048     
  0.49866550056981218        6.4000000000000048     
  0.49708744518826214        6.4000000000000048     
  0.49551934599208469        6.4000000000000048     
  0.49396110905500268        6.4000000000000048     
  0.49241264162849802        6.3600000000000048     
  0.49087385212340895        6.3600000000000048     
  0.48934465009187189        6.3600000000000048     
  0.48782494620959899        6.3600000000000048     
  0.48631465225848575        6.3600000000000048     
  0.48481368110953982        6.3600000000000048     
  0.48332194670612583        6.3600000000000048     
  0.48183936404751809        6.3600000000000048     
  0.48036584917275510        6.3600000000000048     
  0.47890131914478939        6.3600000000000048     
  0.47744569203492682        6.3600000000000048     
  0.47599888690754827        6.3600000000000048     
  0.47456082380510856        6.3600000000000048     
  0.47313142373340644        6.3600000000000048     
  0.47171060864712000        6.3600000000000048     
  0.47029830143560170        6.3600000000000048     
  0.46889442590892827        6.3600000000000048     
  0.46749890678419931        6.3600000000000048     
  0.46611166967208006        6.3600000000000048     
  0.46473264106358281        6.3600000000000048     
  0.46336174831708254        6.3600000000000048     
  0.46199891964556172        6.3600000000000048     
  0.46064408410407920        6.3600000000000048     
  0.45929717157745908        6.3600000000000048     
  0.45795811276819537        6.3600000000000048     
  0.45662683918456692        6.3600000000000048     
  0.45530328312895951        6.3600000000000048     
  0.45398737768639025        6.3600000000000048     
  0.45267905671323067        6.3600000000000048     
  0.45137825482612370        6.3600000000000048     
  0.45008490739109180        6.3600000000000048     
  0.44879895051283158        6.3600000000000048     
  0.44752032102419104        6.3600000000000048     
  0.44624895647582691        6.3600000000000048     
  0.44498479512603700        6.3600000000000048     
  0.44372777593076573        6.3600000000000048     
  0.44247783853377770        6.3600000000000048     
  0.44123492325699742        6.3600000000000048     
  0.43999897109101144        6.3600000000000048     
  0.43876992368572931        6.3600000000000048     
  0.43754772334120084        6.3600000000000048     
  0.43633231299858638        6.3600000000000048     
  0.43512363623127731        6.3600000000000048     
  0.43392163723616328        6.3600000000000048     
  0.43272626082504440        6.3600000000000048     
  0.43153745241618441        6.3600000000000048     
  0.43035515802600310        6.3600000000000048     
  0.42917932426090477        6.3600000000000048     
  0.42800989830924019        6.3600000000000048     
  0.42684682793339984        6.3600000000000048     
  0.42569006146203564        6.3600000000000048     
  0.42453954778240854        6.3600000000000048     
  0.42339523633286025        6.3600000000000048     
  0.42225707709540639        6.3600000000000048     
  0.42112502058844820        6.3600000000000048     
  0.41999901785960209        6.3600000000000048     
  0.41887902047864317        6.3600000000000048     
  0.41776498053056166        6.3600000000000048     
  0.41665685060872992        6.3600000000000048     
  0.41555458380817778        6.3600000000000048     
  0.41445813371897416        6.3600000000000048     
  0.41336745441971368        6.3600000000000048     
  0.41228250047110554        6.3600000000000048     
  0.41120322690966288        6.3600000000000048     
  0.41012958924149145        6.3600000000000048     
  0.40906154343617507        6.3600000000000048     
  0.40799904592075642        6.3600000000000048     
  0.40694205357381147        6.3600000000000048     
  0.40589052371961559        6.3600000000000048     
  0.40484441412240013        6.3600000000000048     
  0.40380368298069730        6.3600000000000048     
  0.40276828892177247        6.3600000000000048     
  0.40173819099614133        6.3600000000000048     
  0.40071334867217157        6.3600000000000048     
  0.39969372183076657        6.3600000000000048     
  0.39867927076013010        6.3600000000000048     
  0.39766995615061079        6.3600000000000048     
  0.39666573908962444        6.3600000000000048     
  0.39566658105665309        6.3600000000000048     
  0.39467244391831979        6.3600000000000048     
  0.39368328992353707        6.3600000000000048     
  0.39269908169872825        6.3600000000000048     
  0.39171978224312043        6.3600000000000048     
  0.39074535492410772        6.3600000000000048     
  0.38977576347268317        6.3600000000000048     
  0.38881097197893888        6.3600000000000048     
  0.38785094488763289        6.3600000000000048     
  0.38689564699382101        6.3600000000000048     
  0.38594504343855363        6.3600000000000048     
  0.38499909970463558        6.3600000000000048     
  0.38405778161244825        6.3600000000000048     
  0.38312105531583251        6.3600000000000048     
  0.38218888729803246        6.3600000000000048     
  0.38126124436769743        6.3600000000000048     
  0.38033809365494275        6.3600000000000048     
  0.37941940260746704        6.3600000000000048     
  0.37850513898672616        6.3200000000000047     
  0.37759527086416195        6.3200000000000047     
  0.37668976661748527        6.3200000000000047     
  0.37578859492701283        6.3200000000000047     
  0.37489172477205579        6.3200000000000047     
  0.37399912542736041        6.3200000000000047     
  0.37311076645959945        6.3200000000000047     
  0.37222661772391324        6.3200000000000047     
  0.37134664936049971        6.3200000000000047     
  0.37047083179125329        6.3200000000000047     
  0.36959913571645037        6.3200000000000047     
  0.36873153211148219        6.3200000000000047     
  0.36786799222363326        6.3200000000000047     
  0.36700848756890514        6.3200000000000047     
  0.36615298992888440        6.3200000000000047     
  0.36530147134765445        6.3200000000000047     
  0.36445390412875039        6.3200000000000047     
  0.36361026083215608        6.3200000000000047     
  0.36277051427134277        6.3200000000000047     
  0.36193463751034893        6.3200000000000047     
  0.36110260386089982        6.3200000000000047     
  0.36027438687956753        6.3200000000000047     
  0.35944996036496896        6.3200000000000047     
  0.35862929835500329        6.3200000000000047     
  0.35781237512412628        6.3200000000000047     
  0.35699916518066238        6.3200000000000047     
  0.35618964326415298        6.3200000000000047     
  0.35538378434274087        6.3200000000000047     
  0.35458156361059018        6.3200000000000047     
  0.35378295648534114        6.3200000000000047     
  0.35298793860559879        6.3200000000000047     
  0.35219648582845620        6.3200000000000047     
  0.35140857422705030        6.3200000000000047     
  0.35062418008815061        6.3200000000000047     
  0.34984327990978059        6.3200000000000047     
  0.34906585039886995        6.3200000000000047     
  0.34829186846893900        6.3200000000000047     
  0.34752131123781305        6.3200000000000047     
  0.34675415602536752        6.3200000000000047     
  0.34599038035130286        6.3200000000000047     
  0.34522996193294836        6.3200000000000047     
  0.34447287868309540        6.3200000000000047     
  0.34371910870785888        6.3200000000000047     
  0.34296863030456665        6.3200000000000047     
  0.34222142195967648        6.3200000000000047     
  0.34147746234672072        6.3200000000000047     
  0.34073673032427659        6.3200000000000047     
  0.33999920493396435        6.3200000000000047     
  0.33926486539846984        6.3200000000000047     
  0.33853369111959380        6.3200000000000047     
  0.33780566167632586        6.3200000000000047     
  0.33708075682294319        6.3200000000000047     
  0.33635895648713393        6.3200000000000047     
  0.33564024076814430        6.3200000000000047     
  0.33492458993495000        6.3200000000000047     
  0.33421198442445010        6.3200000000000047     
  0.33350240483968485        6.3200000000000047     
  0.33279583194807533        6.3200000000000047     
  0.33209224667968618        6.3200000000000047     
  0.33139163012550965        6.3200000000000047     
  0.33069396353577174        6.3200000000000047     
  0.32999922831825962        6.3200000000000047     
  0.32930740603666997        6.3200000000000047     
  0.32861847840897818        6.3200000000000047     
  0.32793242730582794        6.3200000000000047     
  0.32724923474894080        6.3200000000000047     
  0.32656888290954589        6.3200000000000047     
  0.32589135410682901        6.3200000000000047     
  0.32521663080640079        6.3200000000000047     
  0.32454469561878430        6.3200000000000047     
  0.32387553129792079        6.3200000000000047     
  0.32320912073969466        6.3200000000000047     
  0.32254544698047555        6.3200000000000047     
  0.32188449319567952        6.3200000000000047     
  0.32122624269834682        6.3200000000000047     
  0.32057067893773800        6.3200000000000047     
  0.31991778549794625        6.3200000000000047     
  0.31926754609652769        6.3200000000000047     
  0.31861994458314730        6.3200000000000047     
  0.31797496493824212        6.3200000000000047     
  0.31733259127170027        6.3200000000000047     
  0.31669280782155568        6.3200000000000047     
  0.31605559895269947        6.3200000000000047     
  0.31542094915560570        6.3200000000000047     
  0.31478884304507343        6.3200000000000047     
  0.31415926535898325        6.3200000000000047     
  0.31353220095706913        6.3200000000000047     
  0.31290763481970446        6.3200000000000047     
  0.31228555204670305        6.3200000000000047     
  0.31166593785613422        6.3200000000000047     
  0.31104877758315180        6.3200000000000047     
  0.31043405667883728        6.3200000000000047     
  0.30982176070905654        6.3200000000000047     
  0.30921187535333006        6.3200000000000047     
  0.30860438640371640        6.3200000000000047     
  0.30799927976370917        6.3200000000000047     
  0.30739654144714612        6.3200000000000047     
  0.30679615757713219        6.3200000000000047     
  0.30619811438497402        6.3200000000000047     
  0.30560239820912777        6.3200000000000047     
  0.30500899549415861        6.3200000000000047     
  0.30441789278971254        6.3200000000000047     
  0.30382907674950033        6.3200000000000047     
  0.30324253413029284        6.3200000000000047     
  0.30265825179092809        6.3200000000000047     
  0.30207621669133017        6.3200000000000047     
  0.30149641589153875        6.3200000000000047     
  0.30091883655075036        6.3200000000000047     
  0.30034346592637035        6.3200000000000047     
  0.29977029137307576        6.3200000000000047     
  0.29919930034188896        6.3200000000000047     
  0.29863048037926182        6.3200000000000047     
  0.29806381912617025        6.3200000000000047     
  0.29749930431721916        6.3200000000000047     
  0.29693692377975750        6.3200000000000047     
  0.29637666543300323        6.3200000000000047     
  0.29581851728717840        6.3200000000000047     
  0.29526246744265361        6.3200000000000047     
  0.29470850408910265        6.3200000000000047     
  0.29415661550466615        6.3200000000000047     
  0.29360679005512474        6.3200000000000047     
  0.29305901619308156        6.3200000000000047     
  0.29251328245715408        6.3200000000000047     
  0.29196957747117425        6.3200000000000047     
  0.29142788994339841        6.3200000000000047     
  0.29088820866572546        6.3200000000000047     
  0.29035052251292376        6.3200000000000047     
  0.28981482044186668        6.3200000000000047     
  0.28928109149077669        6.3200000000000047     
  0.28874932477847748        6.3200000000000047     
  0.28821950950365460        6.3200000000000047     
  0.28769163494412409        6.3200000000000047     
  0.28716569045610923        6.3200000000000047     
  0.28664166547352510        6.3200000000000047     
  0.28611954950727098        6.3200000000000047     
  0.28559933214453048        6.3200000000000047     
  0.28508100304807943        6.3200000000000047     
  0.28456455195560104        6.3200000000000047     
  0.28404996867900861        6.3200000000000047     
  0.28353724310377576        6.3200000000000047     
  0.28302636518827345        6.3200000000000047     
  0.28251732496311471        6.3200000000000047     
  0.28201011253050590        6.3200000000000047     
  0.28150471806360533        6.3200000000000047     
  0.28100113180588870        6.3200000000000047     
  0.28049934407052102        6.3200000000000047     
  0.27999934523973580        6.3200000000000047     
  0.27950112576422026        6.3200000000000047     
  0.27900467616250763        6.3200000000000047     
  0.27850998702037549        6.3200000000000047     
  0.27801704899025098        6.3200000000000047     
  0.27752585279062153        6.3200000000000047     
  0.27703638920545293        6.3200000000000047     
  0.27654864908361232        6.3200000000000047     
  0.27606262333829840        6.3200000000000047     
  0.27557830294647684        6.3200000000000047     
  0.27509567894832193        6.3200000000000047     
  0.27461474244666401        6.3200000000000047     
  0.27413548460644294        6.3200000000000047     
  0.27365789665416690        6.3200000000000047     
  0.27318196987737708        6.3200000000000047     
  0.27270769562411773        6.3200000000000047     
  0.27223506530241215        6.3200000000000047     
  0.27176407037974365        6.3200000000000047     
  0.27129470238254200        6.3200000000000047     
  0.27082695289567554        6.3200000000000047     
  0.27036081356194808        6.3200000000000047     
  0.26989627608160111        6.3200000000000047     
  0.26943333221182131        6.3200000000000047     
  0.26897197376625315        6.3200000000000047     
  0.26851219261451598        6.3200000000000047     
  0.26805398068172670        6.3200000000000047     
  0.26759732994802699        6.3200000000000047     
  0.26714223244811536        6.3200000000000047     
  0.26668868027078413        6.3200000000000047     
  0.26623666555846076        6.3200000000000047     
  0.26578618050675440        6.3200000000000047     
  0.26533721736400651        6.3200000000000047     
  0.26488976843084627        6.3200000000000047     
  0.26444382605975059        6.3200000000000047     
  0.26399938265460815        6.3200000000000047     
  0.26355643067028833        6.3200000000000047     
  0.26311496261221418        6.3200000000000047     
  0.26267497103593956        6.3200000000000047     
  0.26223644854673100        6.3200000000000047     
  0.26179938779915313        6.3200000000000047     
  0.26136378149665868        6.3200000000000047     
  0.26092962239118250        6.3200000000000047     
  0.26049690328273944        6.3200000000000047     
  0.26006561701902625        6.3200000000000047     
  0.25963575649502790        6.3200000000000047     
  0.25920731465262686        6.3200000000000047     
  0.25878028448021728        6.3200000000000047     
  0.25835465901232219        6.3200000000000047     
  0.25793043132921489        6.3200000000000047     
  0.25750759455654409        6.3200000000000047     
  0.25708614186496215        6.3200000000000047     
  0.25666606646975798        6.3200000000000047     
  0.25624736163049250        6.3200000000000047     
  0.25583002065063826        6.3200000000000047     
  0.25541403687722258        6.3200000000000047     
  0.25499940370047386        6.3200000000000047     
  0.25458611455347147        6.3200000000000047     
  0.25417416291179917        6.3200000000000047     
  0.25376354229320175        6.3200000000000047     
  0.25335424625724501        6.3200000000000047     
  0.25294626840497891        6.3200000000000047     
  0.25253960237860434        6.3200000000000047     
  0.25213424186114269        6.3200000000000047     
  0.25173018057610885        6.3200000000000047     
  0.25132741228718708        6.3200000000000047     
  0.25092593079791042        6.3200000000000047     
  0.25052572995134276        6.3200000000000047     
  0.25012680362976419        6.3200000000000047     
  0.24972914575435917        6.3200000000000047     
  0.24933275028490781        6.3200000000000047     
  0.24893761121948008        6.3200000000000047     
  0.24854372259413279        6.3200000000000047     
  0.24815107848260967        6.3200000000000047     
  0.24775967299604404        6.3200000000000047     
  0.24736950028266444        6.3200000000000047     
  0.24698055452750303        6.3200000000000047     
  0.24659282995210663        6.3200000000000047     
  0.24620632081425067        6.3200000000000047     
  0.24582102140765560        6.3200000000000047     
  0.24543692606170614        6.3200000000000047     
  0.24505402914117308        6.3200000000000047     
  0.24467232504593761        6.3200000000000047     
  0.24429180821071841        6.3200000000000047     
  0.24391247310480116        6.3200000000000047     
  0.24353431423177047        6.3200000000000047     
  0.24315732612924451        6.3200000000000047     
  0.24278150336861198        6.3200000000000047     
  0.24240684055477152        6.3200000000000047     
  0.24203333232587357        6.3200000000000047     
  0.24166097335306455        6.3200000000000047     
  0.24128975834023342        6.3200000000000047     
  0.24091968202376066        6.3200000000000047     
  0.24055073917226946        6.3200000000000047     
  0.24018292458637913        6.3200000000000047     
  0.23981623309846101        6.3200000000000047     
  0.23945065957239628        6.3200000000000047     
  0.23908619890333632        6.3200000000000047     
  0.23872284601746499        6.3200000000000047     
  0.23836059587176323        6.3200000000000047     
  0.23799944345377572        6.3200000000000047     
  0.23763938378137969        6.3200000000000047     
  0.23728041190255586        6.3200000000000047     
  0.23692252289516136        6.3200000000000047     
  0.23656571186670478        6.3200000000000047     
  0.23620997395412327        6.3200000000000047     
  0.23585530432356153        6.3200000000000047     
  0.23550169817015290        6.3200000000000047     
  0.23514915071780237        6.3200000000000047     
  0.23479765721897158        6.3200000000000047     
  0.23444721295446566        6.3200000000000047     
  0.23409781323322204        6.3200000000000047     
  0.23374945339210118        6.3200000000000047     
  0.23340212879567904        6.3200000000000047     
  0.23305583483604153        6.3200000000000047     
  0.23271056693258071        6.3200000000000047     
  0.23236632053179290        6.3200000000000047     
  0.23202309110707828        6.3200000000000047     
  0.23168087415854277        6.3200000000000047     
  0.23133966521280117        6.3200000000000047     
  0.23099945982278236        6.3200000000000047     
  0.23066025356753597        6.3200000000000047     
  0.23032204205204107        6.3200000000000047     
  0.22998482090701611        6.3200000000000047     
  0.22964858578873101        6.3200000000000047     
  0.22931333237882046        6.3200000000000047     
  0.22897905638409913        6.3200000000000047     
  0.22864575353637848        6.3200000000000047     
  0.22831341959228491        6.3200000000000047     
  0.22798205033307983        6.3200000000000047     
  0.22765164156448117        6.3200000000000047     
  0.22732218911648627        6.3200000000000047     
  0.22699368884319657        6.3200000000000047     
  0.22666613662264359        6.3200000000000047     
  0.22633952835661675        6.3200000000000047     
  0.22601385997049211        6.3200000000000047     
  0.22568912741306324        6.3200000000000047     
  0.22536532665637307        6.3200000000000047     
  0.22504245369554732        6.3200000000000047     
  0.22472050454862952        6.3200000000000047     
  0.22439947525641718        6.3200000000000047     
  0.22407936188229963        6.3200000000000047     
  0.22376016051209691        6.3200000000000047     
  0.22344186725390047        6.3200000000000047     
  0.22312447823791481        6.3200000000000047     
  0.22280798961630074        6.3200000000000047     
  0.22249239756301989        6.3200000000000047     
  0.22217769827368039        6.3200000000000047     
  0.22186388796538423        6.3200000000000047     
  0.22155096287657552        6.3200000000000047     
  0.22123891926689021        6.3200000000000047     
  0.22092775341700710        6.3200000000000047     
  0.22061746162850007        6.3200000000000047     
  0.22030804022369152        6.3200000000000047     
  0.21999948554550708        6.3200000000000047     
  0.21969179395733154        6.3200000000000047     
  0.21938496184286599        6.3200000000000047     
  0.21907898560598613        6.3200000000000047     
  0.21877386167060175        6.3200000000000047     
  0.21846958648051745        6.3200000000000047     
  0.21816615649929452        6.3200000000000047     
  0.21786356821011379        6.3200000000000047     
  0.21756181811563996        6.3200000000000047     
  0.21726090273788667        6.3200000000000047     
  0.21696081861808295        6.3200000000000047     
  0.21666156231654077        6.3200000000000047     
  0.21636313041252350        6.3200000000000047     
  0.21606551950411562        6.3200000000000047     
  0.21576872620809351        6.3200000000000047     
  0.21547274715979708        6.3200000000000047     
  0.21517757901300283        6.3200000000000047     
  0.21488321843979763        6.3200000000000047     
  0.21458966213045363        6.3200000000000047     
  0.21429690679330432        6.3200000000000047     
  0.21400494915462134        6.3200000000000047     
  0.21371378595849261        6.3200000000000047     
  0.21342341396670120        6.3200000000000047     
  0.21313382995860525        6.3200000000000047     
  0.21284503073101907        6.3200000000000047     
  0.21255701309809483        6.3200000000000047     
  0.21226977389120552        6.3200000000000047     
  0.21198330995882872        6.3200000000000047     
  0.21169761816643137        6.3200000000000047     
  0.21141269539635543        6.3200000000000047     
  0.21112853854770441        6.3200000000000047     
  0.21084514453623099        6.3200000000000047     
  0.21056251029422532        6.3200000000000047     
  0.21028063277040440        6.3200000000000047     
  0.20999950892980226        6.3200000000000047     
  0.20971913575366100        6.3200000000000047     
  0.20943951023932278        6.3200000000000047     
  0.20916062940012262        6.3200000000000047     
  0.20888249026528205        6.3200000000000047     
  0.20860508987980358        6.3200000000000047     
  0.20832842530436618        6.3200000000000047     
  0.20805249361522132        6.3200000000000047     
  0.20777729190409008        6.3200000000000047     
  0.20750281727806089        6.3200000000000047     
  0.20722906685948825        6.3200000000000047     
  0.20695603778589211        6.3200000000000047     
  0.20668372720985803        6.2800000000000047     
  0.20641213229893837        6.2800000000000047     
  0.20614125023555394        6.2800000000000047     
  0.20587107821689660        6.2800000000000047     
  0.20560161345483260        6.2800000000000047     
  0.20533285317580668        6.2800000000000047     
  0.20506479462074689        6.2800000000000047     
  0.20479743504497017        6.2800000000000047     
  0.20453077171808870        6.2800000000000047     
  0.20426480192391691        6.2800000000000047     
  0.20399952296037938        6.2800000000000047     
  0.20373493213941909        6.2800000000000047     
  0.20347102678690690        6.2800000000000047     
  0.20320780424255125        6.2800000000000047     
  0.20294526185980893        6.2800000000000047     
  0.20268339700579630        6.2800000000000047     
  0.20242220706120118        6.2800000000000047     
  0.20216168942019577        6.2800000000000047     
  0.20190184149034979        6.2800000000000047     
  0.20164266069254444        6.2800000000000047     
  0.20138414446088734        6.2800000000000047     
  0.20112629024262757        6.2800000000000047     
  0.20086909549807178        6.2800000000000047     
  0.20061255770050079        6.2800000000000047     
  0.20035667433608689        6.2800000000000047     
  0.20010144290381163        6.2800000000000047     
  0.19984686091538439        6.2800000000000047     
  0.19959292589516153        6.2800000000000047     
  0.19933963538006616        6.2800000000000047     
  0.19908698691950841        6.2800000000000047     
  0.19883497807530651        6.2800000000000047     
  0.19858360642160827        6.2800000000000047     
  0.19833286954481330        6.2800000000000047     
  0.19808276504349576        6.2800000000000047     
  0.19783329052832763        6.2800000000000047     
  0.19758444362200270        6.2800000000000047     
  0.19733622195916098        6.2800000000000047     
  0.19708862318631387        6.2800000000000047     
  0.19684164496176962        6.2800000000000047     
  0.19659528495555964        6.2800000000000047     
  0.19634954084936518        6.2800000000000047     
  0.19610441033644460        6.2800000000000047     
  0.19585989112156127        6.2800000000000047     
  0.19561598092091176        6.2800000000000047     
  0.19537267746205489        6.2800000000000047     
  0.19512997848384117        6.2800000000000047     
  0.19488788173634261        6.2800000000000047     
  0.19464638498078332        6.2800000000000047     
  0.19440548598947047        6.2800000000000047     
  0.19416518254572576        6.2800000000000047     
  0.19392547244381747        6.2800000000000047     
  0.19368635348889290        6.2800000000000047     
  0.19344782349691150        6.2800000000000047     
  0.19320988029457828        6.2800000000000047     
  0.19297252171927781        6.2800000000000047     
  0.19273574561900877        6.2800000000000047     
  0.19249954985231882        6.2800000000000047     
  0.19226393228824010        6.2800000000000047     
  0.19202889080622512        6.2800000000000047     
  0.19179442329608321        6.2800000000000047     
  0.19156052765791726        6.2800000000000047     
  0.19132720180206109        6.2800000000000047     
  0.19109444364901723        6.2800000000000047     
  0.19086225112939509        6.2800000000000047     
  0.19063062218384971        6.2800000000000047     
  0.19039955476302081        6.2800000000000047     
  0.19016904682747235        6.2800000000000047     
  0.18993909634763259        6.2800000000000047     
  0.18970970130373449        6.2800000000000047     
  0.18948085968575654        6.2800000000000047     
  0.18925256949336405        6.2800000000000047     
  0.18902482873585097        6.2800000000000047     
  0.18879763543208192        6.2800000000000047     
  0.18857098761043478        6.2800000000000047     
  0.18834488330874360        6.2800000000000047     
  0.18811932057424210        6.2800000000000047     
  0.18789429746350739        6.2800000000000047     
  0.18766981204240402        6.2800000000000047     
  0.18744586238602884        6.2800000000000047     
  0.18722244657865575        6.2800000000000047     
  0.18699956271368115        6.2800000000000047     
  0.18677720889356977        6.2800000000000047     
  0.18655538322980070        6.2800000000000047     
  0.18633408384281397        6.2800000000000047     
  0.18611330886195757        6.2800000000000047     
  0.18589305642543452        6.2800000000000047     
  0.18567332468025080        6.2800000000000047     
  0.18545411178216314        6.2800000000000047     
  0.18523541589562756        6.2800000000000047     
  0.18501723519374816        6.2800000000000047     
  0.18479956785822610        6.2800000000000047     
  0.18458241207930925        6.2800000000000047     
  0.18436576605574201        6.2800000000000047     
  0.18414962799471535        6.2800000000000047     
  0.18393399611181754        6.2800000000000047     
  0.18371886863098502        6.2800000000000047     
  0.18350424378445349        6.2800000000000047     
  0.18329011981270968        6.2800000000000047     
  0.18307649496444311        6.2800000000000047     
  0.18286336749649848        6.2800000000000047     
  0.18265073567382814        6.2800000000000047     
  0.18243859776944504        6.2800000000000047     
  0.18222695206437609        6.2800000000000047     
  0.18201579684761551        6.2800000000000047     
  0.18180513041607893        6.2800000000000047     
  0.18159495107455745        6.2800000000000047     
  0.18138525713567227        6.2800000000000047     
  0.18117604691982953        6.2800000000000047     
  0.18096731875517535        6.2800000000000047     
  0.18075907097755145        6.2800000000000047     
  0.18055130193045080        6.2800000000000047     
  0.18034400996497382        6.2800000000000047     
  0.18013719343978463        6.2800000000000047     
  0.17993085072106782        6.2800000000000047     
  0.17972498018248537        6.2800000000000047     
  0.17951958020513395        6.2800000000000047     
  0.17931464917750253        6.2800000000000047     
  0.17911018549543012        6.2800000000000047     
  0.17890618756206403        6.2800000000000047     
  0.17870265378781822        6.2800000000000047     
  0.17849958259033205        6.2800000000000047     
  0.17829697239442929        6.2800000000000047     
  0.17809482163207735        6.2800000000000047     
  0.17789312874234678        6.2800000000000047     
  0.17769189217137130        6.2800000000000047     
  0.17749111037230758        6.2800000000000047     
  0.17729078180529595        6.2800000000000047     
  0.17709090493742077        6.2800000000000047     
  0.17689147824267143        6.2800000000000047     
  0.17669250020190350        6.2800000000000047     
  0.17649396930280026        6.2800000000000047     
  0.17629588403983415        6.2800000000000047     
  0.17609824291422896        6.2800000000000047     
  0.17590104443392185        6.2800000000000047     
  0.17570428711352598        6.2800000000000047     
  0.17550796947429298        6.2800000000000047     
  0.17531209004407614        6.2800000000000047     
  0.17511664735729346        6.2800000000000047     
  0.17492163995489113        6.2800000000000047     
  0.17472706638430727        6.2800000000000047     
  0.17453292519943581        6.2800000000000047     
  0.17433921496059071        6.2800000000000047     
  0.17414593423447033        6.2800000000000047     
  0.17395308159412207        6.2800000000000047     
  0.17376065561890733        6.2800000000000047     
  0.17356865489446655        6.2800000000000047     
  0.17337707801268459        6.2800000000000047     
  0.17318592357165627        6.2800000000000047     
  0.17299519017565224        6.2800000000000047     
  0.17280487643508496        6.2800000000000047     
  0.17261498096647498        6.2800000000000047     
  0.17242550239241738        6.2800000000000047     
  0.17223643934154850        6.2800000000000047     
  0.17204779044851287        6.2800000000000047     
  0.17185955435393024        6.2800000000000047     
  0.17167172970436312        6.2800000000000047     
  0.17148431515228410        6.2800000000000047     
  0.17129730935604390        6.2800000000000047     
  0.17111071097983904        6.2800000000000047     
  0.17092451869368036        6.2800000000000047     
  0.17073873117336114        6.2800000000000047     
  0.17055334710042588        6.2800000000000047     
  0.17036836516213910        6.2800000000000047     
  0.17018378405145423        6.2800000000000047     
  0.16999960246698295        6.2800000000000047     
  0.16981581911296459        6.2800000000000047     
  0.16963243269923570        6.2800000000000047     
  0.16944944194119985        6.2800000000000047     
  0.16926684555979768        6.2800000000000047     
  0.16908464228147713        6.2800000000000047     
  0.16890283083816371        6.2800000000000047     
  0.16872140996723120        6.2800000000000047     
  0.16854037841147237        6.2800000000000047     
  0.16835973491906994        6.2800000000000047     
  0.16817947824356771        6.2800000000000047     
  0.16799960714384199        6.2800000000000047     
  0.16782012038407293        6.2800000000000047     
  0.16764101673371640        6.2800000000000047     
  0.16746229496747575        6.2800000000000047     
  0.16728395386527398        6.2800000000000047     
  0.16710599221222580        6.2800000000000047     
  0.16692840879861026        6.2800000000000047     
  0.16675120241984318        6.2800000000000047     
  0.16657437187644991        6.2800000000000047     
  0.16639791597403841        6.2800000000000047     
  0.16622183352327224        6.2800000000000047     
  0.16604612333984384        6.2800000000000047     
  0.16587078424444801        6.2800000000000047     
  0.16569581506275555        6.2800000000000047     
  0.16552121462538702        6.2800000000000047     
  0.16534698176788659        6.2800000000000047     
  0.16517311533069640        6.2800000000000047     
  0.16499961415913053        6.2800000000000047     
  0.16482647710334972        6.2800000000000047     
  0.16465370301833571        6.2800000000000047     
  0.16448129076386625        6.2800000000000047     
  0.16430923920448984        6.2800000000000047     
  0.16413754720950080        6.2800000000000047     
  0.16396621365291469        6.2800000000000047     
  0.16379523741344346        6.2800000000000047     
  0.16362461737447112        6.2800000000000047     
  0.16345435242402942        6.2800000000000047     
  0.16328444145477367        6.2800000000000047     
  0.16311488336395874        6.2800000000000047     
  0.16294567705341523        6.2800000000000047     
  0.16277682142952568        6.2800000000000047     
  0.16260831540320111        6.2800000000000047     
  0.16244015788985758        6.2800000000000047     
  0.16227234780939284        6.2800000000000047     
  0.16210488408616336        6.2800000000000047     
  0.16193776564896112        6.2800000000000047     
  0.16177099143099102        6.2800000000000047     
  0.16160456036984802        6.2800000000000047     
  0.16143847140749465        6.2800000000000047     
  0.16127272349023850        6.2800000000000047     
  0.16110731556871005        6.2800000000000047     
  0.16094224659784045        6.2800000000000047     
  0.16077751553683961        6.2800000000000047     
  0.16061312134917413        6.2800000000000047     
  0.16044906300254574        6.2800000000000047     
  0.16028533946886969        6.2800000000000047     
  0.16012194972425312        6.2800000000000047     
  0.15995889274897382        6.2800000000000047     
  0.15979616752745909        6.2800000000000047     
  0.15963377304826454        6.2800000000000047     
  0.15947170830405311        6.2800000000000047     
  0.15930997229157434        6.2800000000000047     
  0.15914856401164368        6.2800000000000047     
  0.15898748246912175        6.2800000000000047     
  0.15882672667289413        6.2800000000000047     
  0.15866629563585080        6.2800000000000047     
  0.15850618837486610        6.2800000000000047     
  0.15834640391077853        6.2800000000000047     
  0.15818694126837091        6.2800000000000047     
  0.15802779947635040        6.2800000000000047     
  0.15786897756732896        6.2800000000000047     
  0.15771047457780352        6.2800000000000047     
  0.15755228954813671        6.2800000000000047     
  0.15739442152253738        6.2800000000000047     
  0.15723686954904134        6.2800000000000047     
  0.15707963267949232        6.2800000000000047     
  0.15692270996952279        6.2800000000000047     
  0.15676610047853523        6.2800000000000047     
  0.15660980326968327        6.2800000000000047     
  0.15645381740985290        6.2800000000000047     
  0.15629814196964409        6.2800000000000047     
  0.15614277602335219        6.2800000000000047     
  0.15598771864894967        6.2800000000000047     
  0.15583296892806778        6.2800000000000047     
  0.15567852594597850        6.2800000000000047     
  0.15552438879157654        6.2800000000000047     
  0.15537055655736134        6.2800000000000047     
  0.15521702833941928        6.2800000000000047     
  0.15506380323740604        6.2800000000000047     
  0.15491088035452891        6.2800000000000047     
  0.15475825879752939        6.2800000000000047     
  0.15460593767666567        6.2800000000000047     
  0.15445391610569550        6.2800000000000047     
  0.15430219320185887        6.2800000000000047     
  0.15415076808586095        6.2800000000000047     
  0.15399963988185522        6.2800000000000047     
  0.15384880771742637        6.2800000000000047     
  0.15369827072357370        6.2800000000000047     
  0.15354802803469436        6.2800000000000047     
  0.15339807878856673        6.2800000000000047     
  0.15324842212633397        6.2800000000000047     
  0.15309905719248765        6.2800000000000047     
  0.15294998313485134        6.2800000000000047     
  0.15280119910456452        6.2800000000000047     
  0.15265270425606639        6.2800000000000047     
  0.15250449774707994        6.2800000000000047     
  0.15235657873859584        6.2800000000000047     
  0.15220894639485691        6.2800000000000047     
  0.15206159988334203        6.2800000000000047     
  0.15191453837475080        6.2800000000000047     
  0.15176776104298775        6.2800000000000047     
  0.15162126706514703        6.2800000000000047     
  0.15147505562149693        6.2800000000000047     
  0.15132912589546468        6.2800000000000047     
  0.15118347707362112        6.2800000000000047     
  0.15103810834566569        6.2800000000000047     
  0.15089301890441145        6.2800000000000047     
  0.15074820794576999        6.2800000000000047     
  0.15060367466873667        6.2800000000000047     
  0.15045941827537579        6.2800000000000047     
  0.15031543797080607        6.2800000000000047     
  0.15017173296318578        6.2800000000000047     
  0.15002830246369850        6.2800000000000047     
  0.14988514568653849        6.2800000000000047     
  0.14974226184889641        6.2800000000000047     
  0.14959965017094509        6.2800000000000047     
  0.14945730987582526        6.2800000000000047     
  0.14931524018963149        6.2800000000000047     
  0.14917344034139823        6.2800000000000047     
  0.14903190956308571        6.2800000000000047     
  0.14889064708956620        6.2800000000000047     
  0.14874965215861016        6.2800000000000047     
  0.14860892401087261        6.2800000000000047     
  0.14846846188987933        6.2800000000000047     
  0.14832826504201355        6.2800000000000047     
  0.14818833271650222        6.2800000000000047     
  0.14804866416540277        6.2800000000000047     
  0.14790925864358978        6.2800000000000047     
  0.14777011540874163        6.2800000000000047     
  0.14763123372132739        6.2800000000000047     
  0.14749261284459375        6.2800000000000047     
  0.14735425204455194        6.2800000000000047     
  0.14721615058996471        6.2800000000000047     
  0.14707830775233366        6.2800000000000047     
  0.14694072280588621        6.2800000000000047     
  0.14680339502756296        6.2800000000000047     
  0.14666632369700500        6.2800000000000047     
  0.14652950809654136        6.2800000000000047     
  0.14639294751117646        6.2800000000000047     
  0.14625664122857762        6.2800000000000047     
  0.14612058853906265        6.2800000000000047     
  0.14598478873558768        6.2800000000000047     
  0.14584924111373479        6.2800000000000047     
  0.14571394497169979        6.2800000000000047     
  0.14557889961028023        6.2800000000000047     
  0.14544410433286328        6.2800000000000047     
  0.14530955844541385        6.2800000000000047     
  0.14517526125646243        6.2800000000000047     
  0.14504121207709358        6.2800000000000047     
  0.14490741022093392        6.2800000000000047     
  0.14477385500414042        6.2800000000000047     
  0.14464054574538893        6.2800000000000047     
  0.14450748176586234        6.2800000000000047     
  0.14437466238923929        6.2800000000000047     
  0.14424208694168261        6.2800000000000047     
  0.14410975475182786        6.2800000000000047     
  0.14397766515077209        6.2800000000000047     
  0.14384581747206260        6.2800000000000047     
  0.14371421105168561        6.2800000000000047     
  0.14358284522805517        6.2800000000000047     
  0.14345171934200215        6.2800000000000047     
  0.14332083273676310        6.2800000000000047     
  0.14319018475796935        6.2800000000000047     
  0.14305977475363604        6.2800000000000047     
  0.14292960207415140        6.2800000000000047     
  0.14279966607226580        6.2800000000000047     
  0.14266996610308116        6.2800000000000047     
  0.14254050152404027        6.2800000000000047     
  0.14241127169491602        6.2800000000000047     
  0.14228227597780105        6.2800000000000047     
  0.14215351373709717        6.2800000000000047     
  0.14202498433950486        6.2800000000000047     
  0.14189668715401299        6.2800000000000047     
  0.14176862155188844        6.2800000000000047     
  0.14164078690666582        6.2800000000000047     
  0.14151318259413728        6.2800000000000047     
  0.14138580799234238        6.2800000000000047     
  0.14125866248155788        6.2800000000000047     
  0.14113174544428786        6.2800000000000047     
  0.14100505626525348        6.2800000000000047     
  0.14087859433138331        6.2800000000000047     
  0.14075235903180322        6.2800000000000047     
  0.14062634975782667        6.2800000000000047     
  0.14050056590294488        6.2800000000000047     
  0.14037500686281715        6.2800000000000047     
  0.14024967203526106        6.2800000000000047     
  0.14012456082024299        6.2800000000000047     
  0.13999967261986843        6.2800000000000047     
  0.13987500683837256        6.2800000000000047     
  0.13975056288211066        6.2800000000000047     
  0.13962634015954878        6.2800000000000047     
  0.13950233808125434        6.2800000000000047     
  0.13937855605988678        6.2800000000000047     
  0.13925499351018827        6.2800000000000047     
  0.13913164984897466        6.2800000000000047     
  0.13900852449512602        6.2800000000000047     
  0.13888561686957770        6.2800000000000047     
  0.13876292639531129        6.2800000000000047     
  0.13864045249734544        6.2800000000000047     
  0.13851819460272696        6.2800000000000047     
  0.13839615214052192        6.2800000000000047     
  0.13827432454180669        6.2800000000000047     
  0.13815271123965908        6.2800000000000047     
  0.13803131166914973        6.2800000000000047     
  0.13791012526733309        6.2800000000000047     
  0.13778915147323895        6.2800000000000047     
  0.13766838972786363        6.2800000000000047     
  0.13754783947416147        6.2800000000000047     
  0.13742750015703623        6.2800000000000047     
  0.13730737122333250        6.2800000000000047     
  0.13718745212182742        6.2800000000000047     
  0.13706774230322200        6.2800000000000047     
  0.13694824122013285        6.2800000000000047     
  0.13682894832708398        6.2800000000000047     
  0.13670986308049818        6.2800000000000047     
  0.13659098493868904        6.2800000000000047     
  0.13647231336185264        6.2800000000000047     
  0.13635384781205936        6.2800000000000047     
  0.13623558775324579        6.2800000000000047     
  0.13611753265120657        6.2800000000000047     
  0.13599968197358650        6.2800000000000047     
  0.13588203518987232        6.2800000000000047     
  0.13576459177138497        6.2800000000000047     
  0.13564735119127150        6.2800000000000047     
  0.13553031292449733        6.2800000000000047     
  0.13541347644783827        6.2800000000000047     
  0.13529684123987287        6.2800000000000047     
  0.13518040678097454        6.2800000000000047     
  0.13506417255330389        6.2800000000000047     
  0.13494813804080102        6.2800000000000047     
  0.13483230272917804        6.2800000000000047     
  0.13471666610591115        6.2800000000000047     
  0.13460122766023341        6.2800000000000047     
  0.13448598688312707        6.2800000000000047     
  0.13437094326731600        6.2800000000000047     
  0.13425609630725846        6.2800000000000047     
  0.13414144549913953        6.2800000000000047     
  0.13402699034086382        6.2800000000000047     
  0.13391273033204809        6.2800000000000047     
  0.13379866497401396        6.2800000000000047     
  0.13368479376978076        6.2800000000000047     
  0.13357111622405818        6.2800000000000047     
  0.13345763184323908        6.2800000000000047     
  0.13334434013539254        6.2800000000000047     
  0.13323124061025651        6.2800000000000047     
  0.13311833277923085        6.2800000000000047     
  0.13300561615537038        6.2800000000000047     
  0.13289309025337767        6.2800000000000047     
  0.13278075458959629        6.2800000000000047     
  0.13266860868200372        6.2800000000000047     
  0.13255665205020456        6.2800000000000047     
  0.13244488421542364        6.2800000000000047     
  0.13233330470049909        6.2800000000000047     
  0.13222191302987576        6.2800000000000047     
  0.13211070872959832        6.2800000000000047     
  0.13199969132730455        6.2800000000000047     
  0.13188886035221867        6.2800000000000047     
  0.13177821533514464        6.2800000000000047     
  0.13166775580845969        6.2800000000000047     
  0.13155748130610756        6.2800000000000047     
  0.13144739136359199        6.2800000000000047     
  0.13133748551797025        6.2800000000000047     
  0.13122776330784663        6.2800000000000047     
  0.13111822427336597        6.2800000000000047     
  0.13100886795620720        6.2800000000000047     
  0.13089969389957701        6.2800000000000047     
  0.13079070164820353        6.2800000000000047     
  0.13068189074832981        6.2800000000000047     
  0.13057326074770775        6.2800000000000047     
  0.13046481119559172        6.2800000000000047     
  0.13035654164273230        6.2800000000000047     
  0.13024845164137017        6.2800000000000047     
  0.13014054074522985        6.2800000000000047     
  0.13003280850951360        6.2800000000000047     
  0.12992525449089531        6.2800000000000047     
  0.12981787824751440        6.2800000000000047     
  0.12971067933896979        6.2800000000000047     
  0.12960365732631388        6.2800000000000047     
  0.12949681177204653        6.2800000000000047     
  0.12939014224010909        6.2800000000000047     
  0.12928364829587854        6.2800000000000047     
  0.12917732950616154        6.2800000000000047     
  0.12907118543918852        6.2800000000000047     
  0.12896521566460792        6.2800000000000047     
  0.12885941975348025        6.2800000000000047     
  0.12875379727827249        6.2800000000000047     
  0.12864834781285212        6.2800000000000047     
  0.12854307093248155        6.2800000000000047     
  0.12843796621381229        6.2800000000000047     
  0.12833303323487943        6.2800000000000047     
  0.12822827157509586        6.2800000000000047     
  0.12812368081524669        6.2800000000000047     
  0.12801926053748364        6.2800000000000047     
  0.12791501032531957        6.2800000000000047     
  0.12781092976362282        6.2800000000000047     
  0.12770701843861174        6.2800000000000047     
  0.12760327593784926        6.2800000000000047     
  0.12749970185023737        6.2800000000000047     
  0.12739629576601172        6.2800000000000047     
  0.12729305727673618        6.2800000000000047     
  0.12718998597529751        6.2800000000000047     
  0.12708708145590003        6.2800000000000047     
  0.12698434331406017        6.2800000000000047     
  0.12688177114660132        6.2800000000000047     
  0.12677936455164845        6.2800000000000047     
  0.12667712312862295        6.2800000000000047     
  0.12657504647823725        6.2800000000000047     
  0.12647313420248990        6.2800000000000047     
  0.12637138590466004        6.2800000000000047     
  0.12626980118930262        6.2800000000000047     
  0.12616837966224292        6.2800000000000047     
  0.12606712093057179        6.2800000000000047     
  0.12596602460264028        6.2800000000000047     
  0.12586509028805484        6.2800000000000047     
  0.12576431759767209        6.2800000000000047     
  0.12566370614359396        6.2800000000000047     
  0.12556325553916262        6.2800000000000047     
  0.12546296539895563        6.2800000000000047     
  0.12536283533878087        6.2800000000000047     
  0.12526286497567179        6.2800000000000047     
  0.12516305392788243        6.2800000000000047     
  0.12506340181488251        6.2800000000000047     
  0.12496390825735279        6.2800000000000047     
  0.12486457287718000        6.2800000000000047     
  0.12476539529745230        6.2800000000000047     
  0.12466637514245432        6.2800000000000047     
  0.12456751203766253        6.2800000000000047     
  0.12446880560974045        6.2800000000000047     
  0.12437025548653401        6.2800000000000047     
  0.12427186129706681        6.2800000000000047     
  0.12417362267153553        6.2800000000000047     
  0.12407553924130525        6.2800000000000047     
  0.12397761063890486        6.2800000000000047     
  0.12387983649802244        6.2800000000000047     
  0.12378221645350075        6.2800000000000047     
  0.12368475014133264        6.2800000000000047     
  0.12358743719865653        6.2800000000000047     
  0.12349027726375193        6.2800000000000047     
  0.12339326997603492        6.2800000000000047     
  0.12329641497605373        6.2800000000000047     
  0.12319971190548427        6.2800000000000047     
  0.12310316040712575        6.2800000000000047     
  0.12300676012489621        6.2800000000000047     
  0.12291051070382822        6.2800000000000047     
  0.12281441179006447        6.2800000000000047     
  0.12271846303085349        6.2800000000000047     
  0.12262266407454525        6.2800000000000047     
  0.12252701457058694        6.2800000000000047     
  0.12243151416951868        6.2800000000000047     
  0.12233616252296921        6.2800000000000047     
  0.12224095928365172        6.2800000000000047     
  0.12214590410535961        6.2800000000000047     
  0.12205099664296229        6.2800000000000047     
  0.12195623655240098        6.2800000000000047     
  0.12186162349068461        6.2800000000000047     
  0.12176715711588564        6.2800000000000047     
  0.12167283708713592        6.2800000000000047     
  0.12157866306462264        6.2800000000000047     
  0.12148463470958427        6.2800000000000047     
  0.12139075168430638        6.2800000000000047     
  0.12129701365211773        6.2800000000000047     
  0.12120342027738616        6.2800000000000047     
  0.12110997122551462        6.2800000000000047     
  0.12101666616293719        6.2800000000000047     
  0.12092350475711507        6.2800000000000047     
  0.12083048667653266        6.2800000000000047     
  0.12073761159069367        6.2800000000000047     
  0.12064487917011710        6.2800000000000047     
  0.12055228908633343        6.2800000000000047     
  0.12045984101188073        6.2800000000000047     
  0.12036753462030074        6.2800000000000047     
  0.12027536958613512        6.2800000000000047     
  0.12018334558492155        6.2800000000000047     
  0.12009146229318997        6.2800000000000047     
  0.11999971938845873        6.2800000000000047     
  0.11990811654923089        6.2800000000000047     
  0.11981665345499044        6.2800000000000047     
  0.11972532978619853        6.2800000000000047     
  0.11963414522428978        6.2800000000000047     
  0.11954309945166855        6.2800000000000047     
  0.11945219215170530        6.2800000000000047     
  0.11936142300873288        6.2800000000000047     
  0.11927079170804288        6.2800000000000047     
  0.11918029793588200        6.2800000000000047     
  0.11908994137944842        6.2800000000000047     
  0.11899972172688823        6.2800000000000047     
  0.11890963866729180        6.2800000000000047     
  0.11881969189069022        6.2800000000000047     
  0.11872988108805176        6.2800000000000047     
  0.11864020595127830        6.2800000000000047     
  0.11855066617320187        6.2800000000000047     
  0.11846126144758105        6.2800000000000047     
  0.11837199146909758        6.2800000000000047     
  0.11828285593335278        6.2800000000000047     
  0.11819385453686417        6.2800000000000047     
  0.11810498697706201        6.2800000000000047     
  0.11801625295228586        6.2800000000000047     
  0.11792765216178114        6.2800000000000047     
  0.11783918430569579        6.2800000000000047     
  0.11775084908507683        6.2800000000000047     
  0.11766264620186703        6.2800000000000047     
  0.11757457535890156        6.2800000000000047     
  0.11748663625990463        6.2800000000000047     
  0.11739882860948617        6.2800000000000047     
  0.11731115211313853        6.2800000000000047     
  0.11722360647723319        6.2800000000000047     
  0.11713619140901751        6.2800000000000047     
  0.11704890661661140        6.2800000000000047     
  0.11696175180900409        6.2800000000000047     
  0.11687472669605095        6.2800000000000047     
  0.11678783098847025        6.2800000000000047     
  0.11670106439783988        6.2800000000000047     
  0.11661442663659427        6.2800000000000047     
  0.11652791741802113        6.2800000000000047     
  0.11644153645625833        6.2800000000000047     
  0.11635528346629073        6.2800000000000047     
  0.11626915816394706        6.2800000000000047     
  0.11618316026589681        6.2800000000000047     
  0.11609728948964707        6.2800000000000047     
  0.11601154555353950        6.2800000000000047     
  0.11592592817674723        6.2800000000000047     
  0.11584043707927175        6.2800000000000047     
  0.11575507198193993        6.2800000000000047     
  0.11566983260640094        6.2800000000000047     
  0.11558471867512325        6.2800000000000047     
  0.11549972991139154        6.2800000000000047     
  0.11541486603930382        6.2800000000000047     
  0.11533012678376835        6.2800000000000047     
  0.11524551187050072        6.2800000000000047     
  0.11516102102602088        6.2800000000000047     
  0.11507665397765018        6.2800000000000047     
  0.11499241045350841        6.2800000000000047     
  0.11490829018251097        6.2800000000000047     
  0.11482429289436585        6.2800000000000047     
  0.11474041831957085        6.2800000000000047     
  0.11465666618941057        6.2800000000000047     
  0.11457303623595368        6.2800000000000047     
  0.11448952819204992        6.2800000000000047     
  0.11440614179132738        6.2800000000000047     
  0.11432287676818959        6.2800000000000047     
  0.11423973285781272        6.2800000000000047     
  0.11415670979614280        6.2800000000000047     
  0.11407380731989288        6.2800000000000047     
  0.11399102516654028        6.2800000000000047     
  0.11390836307432378        6.2800000000000047     
  0.11382582078224095        6.2800000000000047     
  0.11374339803004525        6.2800000000000047     
  0.11366109455824348        6.2800000000000047     
  0.11357891010809291        6.2800000000000047     
  0.11349684442159863        6.2800000000000047     
  0.11341489724151083        6.2800000000000047     
  0.11333306831132214        6.2800000000000047     
  0.11325135737526495        6.2800000000000047     
  0.11316976417830872        6.2800000000000047     
  0.11308828846615730        6.2800000000000047     
  0.11300692998524640        6.2800000000000047     
  0.11292568848274083        6.2800000000000047     
  0.11284456370653197        6.2800000000000047     
  0.11276355540523511        6.2800000000000047     
  0.11268266332818687        6.2800000000000047     
  0.11260188722544265        6.2800000000000047     
  0.11252122684777401        6.2800000000000047     
  0.11244068194666608        6.2800000000000047     
  0.11236025227431509        6.2800000000000047     
  0.11227993758362581        6.2800000000000047     
  0.11219973762820894        6.2800000000000047     
  0.11211965216237867        6.2800000000000047     
  0.11203968094115015        6.2800000000000047     
  0.11195982372023700        6.2800000000000047     
  0.11188008025604880        6.2800000000000047     
  0.11180045030568862        6.2800000000000047     
  0.11172093362695057        6.2800000000000047     
  0.11164152997831735        6.2800000000000047     
  0.11156223911895775        6.2800000000000047     
  0.11148306080872428        6.2800000000000047     
  0.11140399480815072        6.2800000000000047     
  0.11132504087844969        6.2800000000000047     
  0.11124619878151028        6.2800000000000047     
  0.11116746827989563        6.2800000000000047     
  0.11108884913684053        6.2800000000000047     
  0.11101034111624912        6.2800000000000047     
  0.11093194398269245        6.2800000000000047     
  0.11085365750140615        6.2800000000000047     
  0.11077548143828810        6.2800000000000047     
  0.11069741555989607        6.2800000000000047     
  0.11061945963344544        6.2800000000000047     
  0.11054161342680684        6.2800000000000047     
  0.11046387670850388        6.2800000000000047     
  0.11038624924771083        6.2800000000000047     
  0.11030873081425036        6.2800000000000047     
  0.11023132117859123        6.2800000000000047     
  0.11015402011184608        6.2800000000000047     
  0.11007682738576911        6.2800000000000047     
  0.10999974277275386        6.2800000000000047     
  0.10992276604583101        6.2800000000000047     
  0.10984589697866609        6.2800000000000047     
  0.10976913534555731        6.2800000000000047     
  0.10969248092143333        6.2800000000000047     
  0.10961593348185103        6.2800000000000047     
  0.10953949280299338        6.2800000000000047     
  0.10946315866166725        6.2800000000000047     
  0.10938693083530120        6.2800000000000047     
  0.10931080910194330        6.2800000000000047     
  0.10923479324025906        6.2800000000000047     
  0.10915888302952920        6.2800000000000047     
  0.10908307824964758        6.2800000000000047     
  0.10900737868111902        6.2800000000000047     
  0.10893178410505723        6.2800000000000047     
  0.10885629430318262        6.2800000000000047     
  0.10878090905782030        6.2800000000000047     
  0.10870562815189794        6.2800000000000047     
  0.10863045136894366        6.2800000000000047     
  0.10855537849308398        6.2800000000000047     
  0.10848040930904179        6.2800000000000047     
  0.10840554360213425        6.2800000000000047     
  0.10833078115827070        6.2800000000000047     
  0.10825612176395073        6.2800000000000047     
  0.10818156520626207        6.2800000000000047     
  0.10810711127287854        6.2800000000000047     
  0.10803275975205813        6.2800000000000047     
  0.10795851043264092        6.2800000000000047     
  0.10788436310404706        6.2800000000000047     
  0.10781031755627490        6.2800000000000047     
  0.10773637357989885        6.2800000000000047     
  0.10766253096606752        6.2800000000000047     
  0.10758878950650173        6.2800000000000047     
  0.10751514899349249        6.2800000000000047     
  0.10744160921989913        6.2800000000000047     
  0.10736816997914732        6.2800000000000047     
  0.10729483106522714        6.2800000000000047     
  0.10722159227269115        6.2800000000000047     
  0.10714845339665248        6.2800000000000047     
  0.10707541423278291        6.2800000000000047     
  0.10700247457731099        6.2800000000000047     
  0.10692963422702011        6.2800000000000047     
  0.10685689297924662        6.2800000000000047     
  0.10678425063187799        6.2800000000000047     
  0.10671170698335090        6.2800000000000047     
  0.10663926183264938        6.2800000000000047     
  0.10656691497930294        6.2800000000000047     
  0.10649466622338477        6.2800000000000047     
  0.10642251536550984        6.2800000000000047     
  0.10635046220683313        6.2800000000000047     
  0.10627850654904772        6.2800000000000047     
  0.10620664819438305        6.2800000000000047     
  0.10613488694560307        6.2800000000000047     
  0.10606322260600441        6.2800000000000047     
  0.10599165497941467        6.2800000000000047     
  0.10592018387019052        6.2800000000000047     
  0.10584880908321599        6.2800000000000047     
  0.10577753042390070        6.2800000000000047     
  0.10570634769817802        6.2800000000000047     
  0.10563526071250338        6.2800000000000047     
  0.10556426927385251        6.2800000000000047     
  0.10549337318971963        6.2800000000000047     
  0.10542257226811580        6.2800000000000047     
  0.10535186631756710        6.2800000000000047     
  0.10528125514711296        6.2800000000000047     
  0.10521073856630445        6.2800000000000047     
  0.10514031638520251        6.2800000000000047     
  0.10506998841437627        6.2800000000000047     
  0.10499975446490142        6.2800000000000047     
  0.10492961434835840        6.2800000000000047     
  0.10485956787683080        6.2800000000000047     
  0.10478961486290363        6.2800000000000047     
  0.10471975511966169        6.2800000000000047     
