   0.0000000000000000        7.8852986855221241E-003
   1.0000000000000000E-002   7.8776091367717526E-003
   2.0000000000000000E-002   7.8700129493776659E-003
   2.9999999999999999E-002   7.8625699543749747E-003
   4.0000000000000001E-002   7.8553393014727073E-003
   5.0000000000000003E-002   7.8483792365290992E-003
   5.9999999999999998E-002   7.8417468855715711E-003
   7.0000000000000007E-002   7.8354980460116890E-003
   8.0000000000000002E-002   7.8296869856269071E-003
   8.9999999999999997E-002   7.8243662498024176E-003
  0.10000000000000001        7.8195864774573236E-003
  0.11000000000000000        7.8153962260008713E-003
  0.12000000000000000        7.8118418056063246E-003
  0.13000000000000000        7.8089671230224846E-003
  0.14000000000000001        7.8068135350908667E-003
  0.14999999999999999        7.8054197120890102E-003
  0.16000000000000000        7.8048215109730564E-003
  0.17000000000000001        7.8050518585653338E-003
  0.17999999999999999        7.8061406446986378E-003
  0.19000000000000000        7.8081146253108245E-003
  0.20000000000000001        7.8109973354723340E-003
  0.20999999999999999        7.8148090123177361E-003
  0.22000000000000000        7.8195665278564495E-003
  0.23000000000000001        7.8252833316393797E-003
  0.23999999999999999        7.8319694032727705E-003
  0.25000000000000000        7.8396312147810156E-003
  0.26000000000000001        7.8482717028411572E-003
  0.27000000000000002        7.8578902509312629E-003
  0.28000000000000003        7.8684826814571455E-003
  0.28999999999999998        7.8800412579436846E-003
  0.29999999999999999        7.8925546974008155E-003
  0.31000000000000000        7.9060081929913199E-003
  0.32000000000000001        7.9203834471497838E-003
  0.33000000000000002        7.9356587153099328E-003
  0.34000000000000002        7.9518088604121455E-003
  0.35000000000000003        7.9688054183652563E-003
  0.35999999999999999        7.9866166746316407E-003
  0.37000000000000000        8.0052077520994247E-003
  0.38000000000000000        8.0245407103861563E-003
  0.39000000000000001        8.0445746566948292E-003
  0.40000000000000002        8.0652658683094715E-003
  0.41000000000000003        8.0865679267787417E-003
  0.41999999999999998        8.1084318637836585E-003
  0.42999999999999999        8.1308063186324338E-003
  0.44000000000000000        8.1536377072561929E-003
  0.45000000000000001        8.1768704025125139E-003
  0.46000000000000002        8.2004469255201485E-003
  0.47000000000000003        8.2243081476691977E-003
  0.47999999999999998        8.2483935028588289E-003
  0.48999999999999999        8.2726412094230369E-003
  0.50000000000000000        8.2969885011109773E-003
  0.51000000000000001        8.3213718663903320E-003
  0.52000000000000002        8.3457272952472510E-003
  0.53000000000000003        8.3699905325592266E-003
  0.54000000000000004        8.3940973370282418E-003
  0.55000000000000004        8.4179837445680916E-003
  0.56000000000000005        8.4415863349627338E-003
  0.57000000000000006        8.4648425005310803E-003
  0.57999999999999996        8.4876907154691743E-003
  0.58999999999999997        8.5100708044796216E-003
  0.59999999999999998        8.5319242092521033E-003
  0.60999999999999999        8.5531942513188842E-003
  0.62000000000000000        8.5738263897862377E-003
  0.63000000000000000        8.5937684724316198E-003
  0.64000000000000001        8.6129709786553817E-003
  0.65000000000000002        8.6313872527938908E-003
  0.66000000000000003        8.6489737263295910E-003
  0.67000000000000004        8.6656901275767358E-003
  0.68000000000000005        8.6814996774809729E-003
  0.69000000000000006        8.6963692702391130E-003
  0.70000000000000007        8.7102696375339905E-003
  0.70999999999999996        8.7231754952729768E-003
  0.71999999999999997        8.7350656718267975E-003
  0.72999999999999998        8.7459232168872556E-003
  0.73999999999999999        8.7557354901859809E-003
  0.75000000000000000        8.7644942294556050E-003
  0.76000000000000001        8.7721955971566297E-003
  0.77000000000000002        8.7788402056377668E-003
  0.78000000000000003        8.7844331205548243E-003
  0.79000000000000004        8.7889838425170355E-003
  0.80000000000000004        8.7925062670931101E-003
  0.81000000000000005        8.7950186234506140E-003
  0.82000000000000006        8.7965433920578692E-003
  0.83000000000000007        8.7971072020184074E-003
  0.83999999999999997        8.7967407087444355E-003
  0.84999999999999998        8.7954784528072698E-003
  0.85999999999999999        8.7933587009222363E-003
  0.87000000000000000        8.7904232701359643E-003
  0.88000000000000000        8.7867173363831153E-003
  0.89000000000000001        8.7822892286668827E-003
  0.90000000000000002        8.7771902101886588E-003
  0.91000000000000003        8.7714742478175890E-003
  0.92000000000000004        8.7651977713303283E-003
  0.93000000000000005        8.7584194238891962E-003
  0.94000000000000006        8.7511998052412308E-003
  0.95000000000000007        8.7436012091246622E-003
  0.95999999999999996        8.7356873563612901E-003
  0.96999999999999997        8.7275231250889696E-003
  0.97999999999999998        8.7191742795520704E-003
  0.98999999999999999        8.7107071988234090E-003
   1.0000000000000000        8.7021886067708797E-003
   1.0100000000000000        8.6936853045174699E-003
   1.0200000000000000        8.6852639065665739E-003
   1.0300000000000000        8.6769905816834244E-003
   1.0400000000000000        8.6689307995357623E-003
   1.0500000000000000        8.6611490840059410E-003
   1.0600000000000001        8.6537087739917921E-003
   1.0700000000000001        8.6466717924192377E-003
   1.0800000000000001        8.6400984240948050E-003
   1.0900000000000001        8.6340471029322362E-003
   1.1000000000000001        8.6285742089978433E-003
   1.1100000000000001        8.6237338757347119E-003
   1.1200000000000001        8.6195778076419913E-003
   1.1300000000000001        8.6161551086153150E-003
   1.1400000000000001        8.6135121210847154E-003
   1.1500000000000001        8.6116922760283484E-003
   1.1599999999999999        8.6107359538909051E-003
   1.1699999999999999        8.6106803563906660E-003
   1.1799999999999999        8.6115593891722270E-003
   1.1899999999999999        8.6134035552317099E-003
   1.2000000000000000        8.6162398590331445E-003
   1.2100000000000000        8.6200917212235287E-003
   1.2200000000000000        8.6249789038604086E-003
   1.2300000000000000        8.6309174460728888E-003
   1.2400000000000000        8.6379196100950795E-003
   1.2500000000000000        8.6459938376307801E-003
   1.2600000000000000        8.6551447165401033E-003
   1.2700000000000000        8.6653729578619453E-003
   1.2800000000000000        8.6766753832264107E-003
   1.2900000000000000        8.6890449227404933E-003
   1.3000000000000000        8.7024706234664732E-003
   1.3100000000000001        8.7169376686433968E-003
   1.3200000000000001        8.7324274078337035E-003
   1.3300000000000001        8.7489173982000408E-003
   1.3400000000000001        8.7663814571400760E-003
   1.3500000000000001        8.7847897265185687E-003
   1.3600000000000001        8.8041087487471179E-003
   1.3700000000000001        8.8243015549528056E-003
   1.3800000000000001        8.8453277654762068E-003
   1.3900000000000001        8.8671437029102084E-003
   1.4000000000000001        8.8897025178667193E-003
   1.4099999999999999        8.9129543276164434E-003
   1.4199999999999999        8.9368463676946994E-003
   1.4299999999999999        8.9613231565095035E-003
   1.4399999999999999        8.9863266729129018E-003
   1.4500000000000000        9.0117965466218908E-003
   1.4600000000000000        9.0376702612826147E-003
   1.4700000000000000        9.0638833698780310E-003
   1.4800000000000000        9.0903697220769963E-003
   1.4900000000000000        9.1170617030133742E-003
   1.5000000000000000        9.1438904828719941E-003
   1.5100000000000000        9.1707862765445288E-003
   1.5200000000000000        9.1976786125026085E-003
   1.5300000000000000        9.2244966099182951E-003
   1.5400000000000000        9.2511692629515755E-003
   1.5500000000000000        9.2776257310137819E-003
   1.5600000000000001        9.3037956337125062E-003
   1.5700000000000001        9.3296093490880545E-003
   1.5800000000000001        9.3549983136622192E-003
   1.5900000000000001        9.3798953227444189E-003
   1.6000000000000001        9.4042348293735777E-003
   1.6100000000000001        9.4279532402231653E-003
   1.6200000000000001        9.4509892067547573E-003
   1.6300000000000001        9.4732839098870900E-003
   1.6400000000000001        9.4947813364349033E-003
   1.6500000000000001        9.5154285455847677E-003
   1.6600000000000001        9.5351759236971360E-003
   1.6699999999999999        9.5539774257680059E-003
   1.6799999999999999        9.5717908019431683E-003
   1.6899999999999999        9.5885778075511727E-003
   1.7000000000000000        9.6043043952147699E-003
   1.7100000000000000        9.6189408877061788E-003
   1.7200000000000000        9.6324621303310841E-003
   1.7300000000000000        9.6448476217623653E-003
   1.7400000000000000        9.6560816223873660E-003
   1.7500000000000000        9.6661532393891407E-003
   1.7600000000000000        9.6750564879458465E-003
   1.7700000000000000        9.6827903281027968E-003
   1.7800000000000000        9.6893586770469345E-003
   1.7900000000000000        9.6947703966922972E-003
   1.8000000000000000        9.6990392566638113E-003
   1.8100000000000001        9.7021838729444820E-003
   1.8200000000000001        9.7042276226285418E-003
   1.8300000000000001        9.7051985353882233E-003
   1.8400000000000001        9.7051291624307041E-003
   1.8500000000000001        9.7040564238732255E-003
   1.8600000000000001        9.7020214356081484E-003
   1.8700000000000001        9.6990693168643519E-003
   1.8800000000000001        9.6952489797892220E-003
   1.8900000000000001        9.6906129024807042E-003
   1.9000000000000001        9.6852168869892008E-003
   1.9100000000000001        9.6791198038816834E-003
   1.9199999999999999        9.6723833250187529E-003
   1.9299999999999999        9.6650716462346117E-003
   1.9399999999999999        9.6572512016324785E-003
   1.9500000000000000        9.6489903712179120E-003
   1.9600000000000000        9.6403591835760201E-003
   1.9700000000000000        9.6314290152797327E-003
   1.9800000000000000        9.6222722886698912E-003
   1.9900000000000000        9.6129621695952069E-003
   2.0000000000000000        9.6035722666318723E-003
   2.0100000000000002        9.5941763332228012E-003
   2.0200000000000000        9.5848479740871396E-003
   2.0300000000000002        9.5756603571505103E-003
   2.0400000000000000        9.5666859321458606E-003
   2.0499999999999998        9.5579961569181807E-003
   2.0600000000000001        9.5496612323588033E-003
   2.0699999999999998        9.5417498467763838E-003
   2.0800000000000001        9.5343289303965947E-003
   2.0899999999999999        9.5274634205712791E-003
   2.1000000000000001        9.5212160381669790E-003
   2.1099999999999999        9.5156470754967949E-003
   2.1200000000000001        9.5108141960654861E-003
   2.1299999999999999        9.5067722463014204E-003
   2.1400000000000001        9.5035730793726556E-003
   2.1499999999999999        9.5012653911099032E-003
   2.1600000000000001        9.4998945679978086E-003
   2.1699999999999999        9.4995025471457141E-003
   2.1800000000000002        9.5001276881111658E-003
   2.1899999999999999        9.5018046564207814E-003
   2.2000000000000002        9.5045643186156513E-003
   2.2100000000000000        9.5084336486462254E-003
   2.2200000000000002        9.5134356454426548E-003
   2.2300000000000000        9.5195892615056905E-003
   2.2400000000000002        9.5269093423823413E-003
   2.2500000000000000        9.5354065769261837E-003
   2.2600000000000002        9.5450874582754253E-003
   2.2700000000000000        9.5559542555291067E-003
   2.2800000000000002        9.5680049961437523E-003
   2.2900000000000000        9.5812334591252254E-003
   2.3000000000000003        9.5956291791374614E-003
   2.3100000000000001        9.6111774616967592E-003
   2.3199999999999998        9.6278594096676755E-003
   2.3300000000000001        9.6456519613163077E-003
   2.3399999999999999        9.6645279402093713E-003
   2.3500000000000001        9.6844561172807486E-003
   2.3599999999999999        9.7054012853984972E-003
   2.3700000000000001        9.7273243467823935E-003
   2.3799999999999999        9.7501824136147688E-003
   2.3900000000000001        9.7739289221768777E-003
   2.3999999999999999        9.7985137608183250E-003
   2.4100000000000001        9.8238834120277351E-003
   2.4199999999999999        9.8499811088234683E-003
   2.4300000000000002        9.8767470056189775E-003
   2.4399999999999999        9.9041183636423020E-003
   2.4500000000000002        9.9320297509020508E-003
   2.4600000000000000        9.9604132565921932E-003
   2.4700000000000002        9.9891987197193981E-003
   2.4800000000000000        1.0018313971621610E-002
   2.4900000000000002        1.0047685091914079E-002
   2.5000000000000000        1.0077236677277642E-002
   2.5100000000000002        1.0106892122356723E-002
   2.5200000000000000        1.0136573911906924E-002
   2.5300000000000002        1.0166203923184918E-002
   2.5400000000000000        1.0195703737439126E-002
   2.5500000000000003        1.0224994959226992E-002
   2.5600000000000001        1.0253999542151723E-002
   2.5699999999999998        1.0282640119494641E-002
   2.5800000000000001        1.0310840338104636E-002
   2.5899999999999999        1.0338525193807062E-002
   2.6000000000000001        1.0365621366507346E-002
   2.6099999999999999        1.0392057553091673E-002
   2.6200000000000001        1.0417764796171888E-002
   2.6299999999999999        1.0442676806680746E-002
   2.6400000000000001        1.0466730278307671E-002
   2.6499999999999999        1.0489865191758195E-002
   2.6600000000000001        1.0512025106845159E-002
   2.6699999999999999        1.0533157440454147E-002
   2.6800000000000002        1.0553213728486754E-002
   2.6899999999999999        1.0572149869964440E-002
   2.7000000000000002        1.0589926351570932E-002
   2.7100000000000000        1.0606508451032530E-002
   2.7200000000000002        1.0621866417864511E-002
   2.7300000000000000        1.0635975630166009E-002
   2.7400000000000002        1.0648816726306850E-002
   2.7500000000000000        1.0660375710531796E-002
   2.7600000000000002        1.0670644031690643E-002
   2.7700000000000000        1.0679618634504374E-002
   2.7800000000000002        1.0687301982979385E-002
   2.7900000000000000        1.0693702055789515E-002
   2.8000000000000003        1.0698832313658292E-002
   2.8100000000000001        1.0702711638979266E-002
   2.8199999999999998        1.0705364248124637E-002
   2.8300000000000001        1.0706819577088337E-002
   2.8399999999999999        1.0707112141310468E-002
   2.8500000000000001        1.0706281370706635E-002
   2.8599999999999999        1.0704371421108009E-002
   2.8700000000000001        1.0701430963468799E-002
   2.8799999999999999        1.0697512952348351E-002
   2.8900000000000001        1.0692674375298524E-002
   2.8999999999999999        1.0686975984899533E-002
   2.9100000000000001        1.0680482015274903E-002
   2.9199999999999999        1.0673259884990762E-002
   2.9300000000000002        1.0665379888291840E-002
   2.9399999999999999        1.0656914876660026E-002
   2.9500000000000002        1.0647939932688900E-002
   2.9600000000000000        1.0638532038260025E-002
   2.9700000000000002        1.0628769738977650E-002
   2.9800000000000000        1.0618732806769348E-002
   2.9900000000000002        1.0608501902498554E-002
   3.0000000000000000        1.0598158240352694E-002
   3.0100000000000002        1.0587783255676969E-002
   3.0200000000000000        1.0577458277816658E-002
   3.0300000000000002        1.0567264209413001E-002
   3.0400000000000000        1.0557281213471190E-002
   3.0500000000000003        1.0547588409387550E-002
   3.0600000000000001        1.0538263578982444E-002
   3.0700000000000003        1.0529382883449678E-002
   3.0800000000000001        1.0521020591990265E-002
   3.0899999999999999        1.0513248822762776E-002
   3.1000000000000001        1.0506137296647042E-002
   3.1099999999999999        1.0499753104191198E-002
   3.1200000000000001        1.0494160485992747E-002
   3.1299999999999999        1.0489420626649471E-002
   3.1400000000000001        1.0485591462322162E-002
   3.1499999999999999        1.0482727501855926E-002
   3.1600000000000001        1.0480879661338103E-002
   3.1699999999999999        1.0480095111902593E-002
   3.1800000000000002        1.0480417140548239E-002
   3.1899999999999999        1.0481885023702174E-002
   3.2000000000000002        1.0484533913239585E-002
   3.2100000000000000        1.0488394734669216E-002
   3.2200000000000002        1.0493494097197791E-002
   3.2300000000000000        1.0499854215409336E-002
   3.2400000000000002        1.0507492842327354E-002
   3.2500000000000000        1.0516423213668226E-002
   3.2600000000000002        1.0526654003146577E-002
   3.2700000000000000        1.0538189288748601E-002
   3.2800000000000002        1.0551028529956669E-002
   3.2900000000000000        1.0565166555969219E-002
   3.3000000000000003        1.0580593565032803E-002
   3.3100000000000001        1.0597295135066572E-002
   3.3200000000000003        1.0615252245827420E-002
   3.3300000000000001        1.0634441312921669E-002
   3.3399999999999999        1.0654834234023922E-002
   3.3500000000000001        1.0676398447709528E-002
   3.3599999999999999        1.0699097005340961E-002
   3.3700000000000001        1.0722888656475629E-002
   3.3799999999999999        1.0747727948270169E-002
   3.3900000000000001        1.0773565339355581E-002
   3.3999999999999999        1.0800347328640939E-002
   3.4100000000000001        1.0828016599467433E-002
   3.4199999999999999        1.0856512179489963E-002
   3.4300000000000002        1.0885769616594897E-002
   3.4399999999999999        1.0915721171084750E-002
   3.4500000000000002        1.0946296024265816E-002
   3.4600000000000000        1.0977420503461946E-002
   3.4700000000000002        1.1009018323358976E-002
   3.4800000000000000        1.1041010843445206E-002
   3.4900000000000002        1.1073317341171500E-002
   3.5000000000000000        1.1105855300298020E-002
   3.5100000000000002        1.1138540713735800E-002
   3.5200000000000000        1.1171288400025755E-002
   3.5300000000000002        1.1204012332429738E-002
   3.5400000000000000        1.1236625979443127E-002
   3.5500000000000003        1.1269042655373214E-002
   3.5600000000000001        1.1301175879467759E-002
   3.5700000000000003        1.1332939741928496E-002
   3.5800000000000001        1.1364249275003050E-002
   3.5899999999999999        1.1395020827217293E-002
   3.6000000000000001        1.1425172438700698E-002
   3.6099999999999999        1.1454624215454800E-002
   3.6200000000000001        1.1483298700340211E-002
   3.6299999999999999        1.1511121238496767E-002
   3.6400000000000001        1.1538020334874667E-002
   3.6499999999999999        1.1563928001540241E-002
   3.6600000000000001        1.1588780092429512E-002
   3.6699999999999999        1.1612516623254160E-002
   3.6800000000000002        1.1635082074323420E-002
   3.6899999999999999        1.1656425674124421E-002
   3.7000000000000002        1.1676501661609735E-002
   3.7100000000000000        1.1695269525265513E-002
   3.7200000000000002        1.1712694217183486E-002
   3.7300000000000000        1.1728746340527967E-002
   3.7400000000000002        1.1743402308973990E-002
   3.7500000000000000        1.1756644476897473E-002
   3.7600000000000002        1.1768461239313287E-002
   3.7700000000000000        1.1778847100785330E-002
   3.7800000000000002        1.1787802712769031E-002
   3.7900000000000000        1.1795334879093722E-002
   3.8000000000000003        1.1801456529532576E-002
   3.8100000000000001        1.1806186661660393E-002
   3.8200000000000003        1.1809550251442636E-002
   3.8300000000000001        1.1811578133237214E-002
   3.8399999999999999        1.1812306850124087E-002
   3.8500000000000001        1.1811778475698465E-002
   3.8599999999999999        1.1810040408669458E-002
   3.8700000000000001        1.1807145141801289E-002
   3.8799999999999999        1.1803150006906226E-002
   3.8900000000000001        1.1798116897754065E-002
   3.8999999999999999        1.1792111972899404E-002
   3.9100000000000001        1.1785205340536658E-002
   3.9199999999999999        1.1777470727583034E-002
   3.9300000000000002        1.1768985135253207E-002
   3.9399999999999999        1.1759828483430629E-002
   3.9500000000000002        1.1750083246155217E-002
   3.9600000000000000        1.1739834080538572E-002
   3.9700000000000002        1.1729167451388370E-002
   3.9800000000000000        1.1718171253766936E-002
   3.9900000000000002        1.1706934435637140E-002
   4.0000000000000000        1.1695546622651607E-002
   4.0099999999999998        1.1684097747032234E-002
   4.0200000000000005        1.1672677682357385E-002
   4.0300000000000002        1.1661375885933545E-002
   4.0400000000000000        1.1650281050278662E-002
   4.0499999999999998        1.1639480765080885E-002
   4.0600000000000005        1.1629061190832148E-002
   4.0700000000000003        1.1619106745168445E-002
   4.0800000000000001        1.1609699802774275E-002
   4.0899999999999999        1.1600920409545402E-002
   4.0999999999999996        1.1592846011537771E-002
   4.1100000000000003        1.1585551199074607E-002
   4.1200000000000001        1.1579107466237771E-002
   4.1299999999999999        1.1573582985828839E-002
   4.1399999999999997        1.1569042399767238E-002
   4.1500000000000004        1.1565546624779554E-002
   4.1600000000000001        1.1563152673142622E-002
   4.1699999999999999        1.1561913488166015E-002
   4.1799999999999997        1.1561877794039844E-002
   4.1900000000000004        1.1563089959633394E-002
   4.2000000000000002        1.1565589875805327E-002
   4.2100000000000000        1.1569412845780299E-002
   4.2199999999999998        1.1574589488157021E-002
   4.2300000000000004        1.1581145652140815E-002
   4.2400000000000002        1.1589102344632505E-002
   4.2500000000000000        1.1598475668863064E-002
   4.2599999999999998        1.1609276774326108E-002
   4.2700000000000005        1.1621511817839308E-002
   4.2800000000000002        1.1635181935647176E-002
   4.2900000000000000        1.1650283226565274E-002
   4.2999999999999998        1.1666806746259056E-002
   4.3100000000000005        1.1684738512841270E-002
   4.3200000000000003        1.1704059524059486E-002
   4.3300000000000001        1.1724745786433453E-002
   4.3399999999999999        1.1746768356776859E-002
   4.3500000000000005        1.1770093396608353E-002
   4.3600000000000003        1.1794682240013605E-002
   4.3700000000000001        1.1820491475562004E-002
   4.3799999999999999        1.1847473042914610E-002
   4.3899999999999997        1.1875574344766649E-002
   4.4000000000000004        1.1904738374765619E-002
   4.4100000000000001        1.1934903862019905E-002
   4.4199999999999999        1.1966005432769355E-002
   4.4299999999999997        1.1997973789723497E-002
   4.4400000000000004        1.2030735909494107E-002
   4.4500000000000002        1.2064215258440286E-002
   4.4600000000000000        1.2098332027129732E-002
   4.4699999999999998        1.2133003383476599E-002
   4.4800000000000004        1.2168143744467378E-002
   4.4900000000000002        1.2203665066214134E-002
   4.5000000000000000        1.2239477151899311E-002
   4.5099999999999998        1.2275487976983843E-002
   4.5200000000000005        1.2311604030856774E-002
   4.5300000000000002        1.2347730673902721E-002
   4.5400000000000000        1.2383772508762240E-002
   4.5499999999999998        1.2419633764361558E-002
   4.5600000000000005        1.2455218691089820E-002
   4.5700000000000003        1.2490431965315473E-002
   4.5800000000000001        1.2525179101257592E-002
   4.5899999999999999        1.2559366868060865E-002
   4.6000000000000005        1.2592903709777427E-002
   4.6100000000000003        1.2625700165830110E-002
   4.6200000000000001        1.2657669289422989E-002
   4.6299999999999999        1.2688727061281059E-002
   4.6399999999999997        1.2718792796042643E-002
   4.6500000000000004        1.2747789538594501E-002
   4.6600000000000001        1.2775644447633796E-002
   4.6699999999999999        1.2802289163768511E-002
   4.6799999999999997        1.2827660159514719E-002
   4.6900000000000004        1.2851699068634134E-002
   4.7000000000000002        1.2874352992363914E-002
   4.7100000000000000        1.2895574780226637E-002
   4.7199999999999998        1.2915323283272110E-002
   4.7300000000000004        1.2933563577790829E-002
   4.7400000000000002        1.2950267157748052E-002
   4.7500000000000000        1.2965412094420115E-002
   4.7599999999999998        1.2978983161961149E-002
   4.7700000000000005        1.2990971927893519E-002
   4.7800000000000002        1.3001376807791180E-002
   4.7900000000000000        1.3010203083706425E-002
   4.7999999999999998        1.3017462886184812E-002
   4.8100000000000005        1.3023175139999690E-002
   4.8200000000000003        1.3027365474031556E-002
   4.8300000000000001        1.3030066095998990E-002
   4.8399999999999999        1.3031315633027318E-002
   4.8500000000000005        1.3031158939304371E-002
   4.8600000000000003        1.3029646872322184E-002
   4.8700000000000001        1.3026836039437386E-002
   4.8799999999999999        1.3022788516693853E-002
   4.8899999999999997        1.3017571542041055E-002
   4.9000000000000004        1.3011257185245963E-002
   4.9100000000000001        1.3003921996935487E-002
   4.9199999999999999        1.2995646639314773E-002
   4.9299999999999997        1.2986515501192748E-002
   4.9400000000000004        1.2976616299994120E-002
   4.9500000000000002        1.2966039673464765E-002
   4.9600000000000000        1.2954878763771240E-002
   4.9699999999999998        1.2943228796659342E-002
   4.9800000000000004        1.2931186658278823E-002
   4.9900000000000002        1.2918850472194390E-002
   5.0000000000000000        1.2906319178990881E-002
   5.0099999999999998        1.2893692120751105E-002
   5.0200000000000005        1.2881068632531771E-002
   5.0300000000000002        1.2868547642795311E-002
   5.0400000000000000        1.2856227284573226E-002
   5.0499999999999998        1.2844204518943282E-002
   5.0600000000000005        1.2832574772203830E-002
   5.0700000000000003        1.2821431587920328E-002
   5.0800000000000001        1.2810866294816273E-002
   5.0899999999999999        1.2800967691272026E-002
   5.1000000000000005        1.2791821746998409E-002
   5.1100000000000003        1.2783511322258540E-002
   5.1200000000000001        1.2776115904828342E-002
   5.1299999999999999        1.2769711364722077E-002
   5.1399999999999997        1.2764369726549991E-002
   5.1500000000000004        1.2760158959247881E-002
   5.1600000000000001        1.2757142782793111E-002
   5.1699999999999999        1.2755380491434133E-002
   5.1799999999999997        1.2754926792879267E-002
   5.1900000000000004        1.2755831662842635E-002
   5.2000000000000002        1.2758140214312885E-002
   5.2100000000000000        1.2761892580900571E-002
   5.2199999999999998        1.2767123813636287E-002
   5.2300000000000004        1.2773863790620003E-002
   5.2400000000000002        1.2782137138979636E-002
   5.2500000000000000        1.2791963168659245E-002
   5.2599999999999998        1.2803355817648590E-002
   5.2700000000000005        1.2816323608357473E-002
   5.2800000000000002        1.2830869614948261E-002
   5.2900000000000000        1.2846991441555411E-002
   5.2999999999999998        1.2864681211439669E-002
   5.3100000000000005        1.2883925567246256E-002
   5.3200000000000003        1.2904705682657386E-002
   5.3300000000000001        1.2926997285844630E-002
   5.3399999999999999        1.2950770695235120E-002
   5.3500000000000005        1.2975990868205061E-002
   5.3600000000000003        1.3002617463396728E-002
   5.3700000000000001        1.3030604917428515E-002
   5.3799999999999999        1.3059902536814461E-002
   5.3899999999999997        1.3090454605948846E-002
   5.4000000000000004        1.3122200512013424E-002
   5.4100000000000001        1.3155074887660644E-002
   5.4199999999999999        1.3189007772285570E-002
   5.4299999999999997        1.3223924792639926E-002
   5.4400000000000004        1.3259747363459048E-002
   5.4500000000000002        1.3296392908661973E-002
   5.4600000000000000        1.3333775103554641E-002
   5.4699999999999998        1.3371804138312673E-002
   5.4800000000000004        1.3410387002845116E-002
   5.4900000000000002        1.3449427792949900E-002
   5.5000000000000000        1.3488828037462276E-002
   5.5099999999999998        1.3528487045876194E-002
   5.5200000000000005        1.3568302275686138E-002
   5.5300000000000002        1.3608169718458931E-002
   5.5400000000000000        1.3647984303400897E-002
   5.5499999999999998        1.3687640316942463E-002
   5.5600000000000005        1.3727031836625769E-002
   5.5700000000000003        1.3766053177343017E-002
   5.5800000000000001        1.3804599347757579E-002
   5.5899999999999999        1.3842566514529158E-002
   5.6000000000000005        1.3879852471776264E-002
   5.6100000000000003        1.3916357113041128E-002
   5.6200000000000001        1.3951982902878047E-002
   5.6299999999999999        1.3986635345069767E-002
   5.6399999999999997        1.4020223444386973E-002
   5.6500000000000004        1.4052660158750799E-002
   5.6600000000000001        1.4083862838632498E-002
   5.6699999999999999        1.4113753650535492E-002
   5.6799999999999997        1.4142259981447310E-002
   5.6900000000000004        1.4169314821229923E-002
   5.7000000000000002        1.4194857120026563E-002
   5.7100000000000000        1.4218832117911964E-002
   5.7199999999999998        1.4241191644191263E-002
   5.7300000000000004        1.4261894383959542E-002
   5.7400000000000002        1.4280906109772786E-002
   5.7500000000000000        1.4298199876543122E-002
   5.7599999999999998        1.4313756178057344E-002
   5.7700000000000005        1.4327563063818920E-002
   5.7800000000000002        1.4339616215238677E-002
   5.7900000000000000        1.4349918980528599E-002
   5.7999999999999998        1.4358482367992127E-002
   5.8100000000000005        1.4365324997752740E-002
   5.8200000000000003        1.4370473012300379E-002
   5.8300000000000001        1.4373959946579692E-002
   5.8399999999999999        1.4375826558669820E-002
   5.8500000000000005        1.4376120622425523E-002
   5.8600000000000003        1.4374896683751113E-002
   5.8700000000000001        1.4372215782457058E-002
   5.8799999999999999        1.4368145141910106E-002
   5.8899999999999997        1.4362757828916006E-002
   5.9000000000000004        1.4356132386480114E-002
   5.9100000000000001        1.4348352442258749E-002
   5.9199999999999999        1.4339506295656137E-002
   5.9299999999999997        1.4329686486624034E-002
   5.9400000000000004        1.4318989349293506E-002
   5.9500000000000002        1.4307514553598724E-002
   5.9600000000000000        1.4295364638058973E-002
   5.9699999999999998        1.4282644536842618E-002
   5.9800000000000004        1.4269461104176671E-002
   5.9900000000000002        1.4255922639060994E-002
   6.0000000000000000        1.4242138413121145E-002
   6.0099999999999998        1.4228218204277094E-002
   6.0200000000000005        1.4214271838726046E-002
   6.0300000000000002        1.4200408743536803E-002
   6.0400000000000000        1.4186737511935008E-002
   6.0499999999999998        1.4173365483127991E-002
   6.0600000000000005        1.4160398338273109E-002
   6.0700000000000003        1.4147939713946437E-002
   6.0800000000000001        1.4136090834217959E-002
   6.0899999999999999        1.4124950162187256E-002
   6.1000000000000005        1.4114613071592230E-002
   6.1100000000000003        1.4105171538864713E-002
   6.1200000000000001        1.4096713855784489E-002
   6.1299999999999999        1.4089324362676089E-002
   6.1400000000000006        1.4083083201900420E-002
   6.1500000000000004        1.4078066091227956E-002
   6.1600000000000001        1.4074344116531575E-002
   6.1699999999999999        1.4071983543117863E-002
   6.1799999999999997        1.4071045644921393E-002
   6.1900000000000004        1.4071586550717890E-002
   6.2000000000000002        1.4073657106472397E-002
   6.2100000000000000        1.4077302752927800E-002
   6.2199999999999998        1.4082563417547871E-002
   6.2300000000000004        1.4089473419975549E-002
   6.2400000000000002        1.4098061390224341E-002
   6.2500000000000000        1.4108350198909509E-002
   6.2599999999999998        1.4120356898932870E-002
   6.2700000000000005        1.4134092678153312E-002
   6.2800000000000002        1.4149562822716285E-002
   6.2900000000000000        1.4166766690860358E-002
   6.2999999999999998        1.4185697697175823E-002
   6.3100000000000005        1.4206343307446075E-002
   6.3200000000000003        1.4228685044365535E-002
   6.3300000000000001        1.4252698504577152E-002
   6.3399999999999999        1.4278353387624572E-002
   6.3500000000000005        1.4305613537546981E-002
   6.3600000000000003        1.4334436997967095E-002
   6.3700000000000001        1.4364776081626344E-002
   6.3799999999999999        1.4396577455403922E-002
   6.3900000000000006        1.4429782241915398E-002
   6.4000000000000004        1.4464326138819955E-002
   6.4100000000000001        1.4500139556972783E-002
   6.4199999999999999        1.4537147778535238E-002
   6.4299999999999997        1.4575271136101776E-002
   6.4400000000000004        1.4614425213824217E-002
   6.4500000000000002        1.4654521071397038E-002
   6.4600000000000000        1.4695465491629379E-002
   6.4699999999999998        1.4737161252157311E-002
   6.4800000000000004        1.4779507421657094E-002
   6.4900000000000002        1.4822399680698524E-002
   6.5000000000000000        1.4865730667137117E-002
   6.5099999999999998        1.4909390345686030E-002
   6.5200000000000005        1.4953266401031933E-002
   6.5300000000000002        1.4997244653578911E-002
   6.5400000000000000        1.5041209496607885E-002
   6.5499999999999998        1.5085044353348669E-002
   6.5600000000000005        1.5128632152167332E-002
   6.5700000000000003        1.5171855817787787E-002
   6.5800000000000001        1.5214598776187927E-002
   6.5899999999999999        1.5256745470553413E-002
   6.6000000000000005        1.5298181885432405E-002
   6.6100000000000003        1.5338796076012655E-002
   6.6200000000000001        1.5378478699259150E-002
   6.6299999999999999        1.5417123543486145E-002
   6.6400000000000006        1.5454628052815642E-002
   6.6500000000000004        1.5490893842883812E-002
   6.6600000000000001        1.5525827204106141E-002
   6.6699999999999999        1.5559339588804288E-002
   6.6799999999999997        1.5591348078525536E-002
   6.6900000000000004        1.5621775827958951E-002
   6.7000000000000002        1.5650552481968144E-002
   6.7100000000000000        1.5677614562410548E-002
   6.7199999999999998        1.5702905821611116E-002
   6.7300000000000004        1.5726377559587515E-002
   6.7400000000000002        1.5747988902388495E-002
   6.7500000000000000        1.5767707039207698E-002
   6.7599999999999998        1.5785507416261720E-002
   6.7700000000000005        1.5801373885769326E-002
   6.7800000000000002        1.5815298808745520E-002
   6.7900000000000000        1.5827283110709404E-002
   6.7999999999999998        1.5837336289803793E-002
   6.8100000000000005        1.5845476377232784E-002
   6.8200000000000003        1.5851729850329371E-002
   6.8300000000000001        1.5856131498966666E-002
   6.8399999999999999        1.5858724246426342E-002
   6.8500000000000005        1.5859558926214011E-002
   6.8600000000000003        1.5858694016676646E-002
   6.8700000000000001        1.5856195335619400E-002
   6.8799999999999999        1.5852135697429166E-002
   6.8900000000000006        1.5846594535498124E-002
   6.9000000000000004        1.5839657492990069E-002
   6.9100000000000001        1.5831415985203781E-002
   6.9199999999999999        1.5821966736964201E-002
   6.9299999999999997        1.5811411298602345E-002
   6.9400000000000004        1.5799855544181837E-002
   6.9500000000000002        1.5787409155674875E-002
   6.9600000000000000        1.5774185096801459E-002
   6.9699999999999998        1.5760299080210750E-002
   6.9800000000000004        1.5745869031608704E-002
   6.9900000000000002        1.5731014554325365E-002
   7.0000000000000000        1.5715856397664207E-002
   7.0099999999999998        1.5700515932196155E-002
   7.0200000000000005        1.5685114634947362E-002
   7.0300000000000002        1.5669773587192109E-002
   7.0400000000000000        1.5654612987301048E-002
   7.0499999999999998        1.5639751680817156E-002
   7.0600000000000005        1.5625306709637743E-002
   7.0700000000000003        1.5611392881881654E-002
   7.0800000000000001        1.5598122363714651E-002
   7.0899999999999999        1.5585604294100528E-002
   7.1000000000000005        1.5573944423147202E-002
   7.1100000000000003        1.5563244774427219E-002
   7.1200000000000001        1.5553603331375343E-002
   7.1299999999999999        1.5545113747609890E-002
   7.1400000000000006        1.5537865080788292E-002
   7.1500000000000004        1.5531941549394282E-002
   7.1600000000000001        1.5527422311675367E-002
   7.1699999999999999        1.5524381265792499E-002
   7.1799999999999997        1.5522886870124942E-002
   7.1900000000000004        1.5523001982585364E-002
   7.2000000000000002        1.5524783717745742E-002
   7.2100000000000000        1.5528283320554306E-002
   7.2199999999999998        1.5533546055439846E-002
   7.2300000000000004        1.5540611109639960E-002
   7.2400000000000002        1.5549511509672188E-002
   7.2500000000000000        1.5560274049966932E-002
   7.2599999999999998        1.5572919232812336E-002
   7.2700000000000005        1.5587461218916829E-002
   7.2800000000000002        1.5603907788061469E-002
   7.2900000000000000        1.5622260309507063E-002
   7.2999999999999998        1.5642513722011770E-002
   7.3100000000000005        1.5664656523526180E-002
   7.3200000000000003        1.5688670770831113E-002
   7.3300000000000001        1.5714532089593770E-002
   7.3399999999999999        1.5742209695505837E-002
   7.3500000000000005        1.5771666427358055E-002
   7.3600000000000003        1.5802858793067639E-002
   7.3700000000000001        1.5835737029825596E-002
   7.3799999999999999        1.5870245179650664E-002
   7.3900000000000006        1.5906321181737050E-002
   7.4000000000000004        1.5943896983040412E-002
   7.4100000000000001        1.5982898668586504E-002
   7.4199999999999999        1.6023246612978811E-002
   7.4299999999999997        1.6064855654542104E-002
   7.4400000000000004        1.6107635293466677E-002
   7.4500000000000002        1.6151489915201243E-002
   7.4600000000000000        1.6196319040192617E-002
   7.4699999999999998        1.6242017600888965E-002
   7.4800000000000004        1.6288476246701749E-002
   7.4900000000000002        1.6335581677372698E-002
   7.5000000000000000        1.6383217004917305E-002
   7.5099999999999998        1.6431262144011645E-002
   7.5200000000000005        1.6479594230369248E-002
   7.5300000000000002        1.6528088066317562E-002
   7.5400000000000000        1.6576616592431800E-002
   7.5499999999999998        1.6625051383733915E-002
   7.5600000000000005        1.6673263168602834E-002
   7.5700000000000003        1.6721122368198518E-002
   7.5800000000000001        1.6768499653855212E-002
   7.5899999999999999        1.6815266519580020E-002
   7.6000000000000005        1.6861295866485004E-002
   7.6100000000000003        1.6906462595706627E-002
   7.6200000000000001        1.6950644206116420E-002
   7.6299999999999999        1.6993721392916612E-002
   7.6400000000000006        1.7035578643041428E-002
   7.6500000000000004        1.7076104823153141E-002
   7.6600000000000001        1.7115193755937237E-002
   7.6699999999999999        1.7152744780364916E-002
   7.6799999999999997        1.7188663291599019E-002
   7.6900000000000004        1.7222861256282487E-002
   7.7000000000000002        1.7255257699061048E-002
   7.7100000000000000        1.7285779156346000E-002
   7.7199999999999998        1.7314360093539458E-002
   7.7300000000000004        1.7340943282190279E-002
   7.7400000000000002        1.7365480133853268E-002
   7.7500000000000000        1.7387930987757066E-002
   7.7599999999999998        1.7408265349761410E-002
   7.7700000000000005        1.7426462080491326E-002
   7.7800000000000002        1.7442509530963116E-002
   7.7900000000000000        1.7456405624476569E-002
   7.7999999999999998        1.7468157884010758E-002
   7.8100000000000005        1.7477783404844828E-002
   7.8200000000000003        1.7485308772605474E-002
   7.8300000000000001        1.7490769927422364E-002
   7.8399999999999999        1.7494211975350504E-002
   7.8500000000000005        1.7495688948669440E-002
   7.8600000000000003        1.7495263517113991E-002
   7.8700000000000001        1.7493006652499487E-002
   7.8799999999999999        1.7488997249589928E-002
   7.8900000000000006        1.7483321706402974E-002
   7.9000000000000004        1.7476073467453578E-002
   7.9100000000000001        1.7467352533704045E-002
   7.9199999999999999        1.7457264943206249E-002
   7.9300000000000006        1.7445922226593427E-002
   7.9400000000000004        1.7433440841700083E-002
   7.9500000000000002        1.7419941591658689E-002
   7.9600000000000000        1.7405549030841301E-002
   7.9699999999999998        1.7390390862984405E-002
   7.9800000000000004        1.7374597335756588E-002
   7.9900000000000002        1.7358300635897193E-002
   8.0000000000000000        1.7341634288890549E-002
   8.0099999999999998        1.7324732566920735E-002
   8.0199999999999996        1.7307729908607440E-002
   8.0299999999999994        1.7290760353737548E-002
   8.0400000000000009        1.7273956995897007E-002
   8.0500000000000007        1.7257451455573541E-002
   8.0600000000000005        1.7241373375948305E-002
   8.0700000000000003        1.7225849943230079E-002
   8.0800000000000001        1.7211005433014889E-002
   8.0899999999999999        1.7196960783783494E-002
   8.0999999999999996        1.7183833198279441E-002
   8.1099999999999994        1.7171735773161161E-002
   8.1200000000000010        1.7160777156972288E-002
   8.1300000000000008        1.7151061236165197E-002
   8.1400000000000006        1.7142686848610721E-002
   8.1500000000000004        1.7135747523769521E-002
   8.1600000000000001        1.7130331248466378E-002
   8.1699999999999999        1.7126520257015797E-002
   8.1799999999999997        1.7124390844291827E-002
   8.1899999999999995        1.7124013200220490E-002
   8.1999999999999993        1.7125451264099978E-002
   8.2100000000000009        1.7128762597120904E-002
   8.2200000000000006        1.7133998271472016E-002
   8.2300000000000004        1.7141202774464487E-002
   8.2400000000000002        1.7150413926198045E-002
   8.2500000000000000        1.7161662809419775E-002
   8.2599999999999998        1.7174973710379692E-002
   8.2699999999999996        1.7190364069681219E-002
   8.2799999999999994        1.7207844442332081E-002
   8.2900000000000009        1.7227418466438264E-002
   8.3000000000000007        1.7249082840230714E-002
   8.3100000000000005        1.7272827307374061E-002
   8.3200000000000003        1.7298634650770278E-002
   8.3300000000000001        1.7326480695332623E-002
   8.3399999999999999        1.7356334320461481E-002
   8.3499999999999996        1.7388157483195943E-002
   8.3599999999999994        1.7421905253242408E-002
   8.3700000000000010        1.7457525861283633E-002
   8.3800000000000008        1.7494960762144858E-002
   8.3900000000000006        1.7534144714539224E-002
   8.4000000000000004        1.7575005879219237E-002
   8.4100000000000001        1.7617465937429289E-002
   8.4199999999999999        1.7661440231578937E-002
   8.4299999999999997        1.7706837930037800E-002
   8.4399999999999995        1.7753562217890335E-002
   8.4499999999999993        1.7801510515376186E-002
   8.4600000000000009        1.7850574725590589E-002
   8.4700000000000006        1.7900641512817096E-002
   8.4800000000000004        1.7951592612624738E-002
   8.4900000000000002        1.8003305174580091E-002
   8.5000000000000000        1.8055652138108943E-002
   8.5099999999999998        1.8108502641689748E-002
   8.5199999999999996        1.8161722465185916E-002
   8.5299999999999994        1.8215174504725665E-002
   8.5400000000000009        1.8268719279118398E-002
   8.5500000000000007        1.8322215466374032E-002
   8.5600000000000005        1.8375520468457796E-002
   8.5700000000000003        1.8428491001987211E-002
   8.5800000000000001        1.8480983712156437E-002
   8.5899999999999999        1.8532855806771255E-002
   8.5999999999999996        1.8583965706895172E-002
   8.6099999999999994        1.8634173710255702E-002
   8.6200000000000010        1.8683342663239094E-002
   8.6300000000000008        1.8731338637025439E-002
   8.6400000000000006        1.8778031603180704E-002
   8.6500000000000004        1.8823296103838982E-002
   8.6600000000000001        1.8867011911476477E-002
   8.6699999999999999        1.8909064673202074E-002
   8.6799999999999997        1.8949346534476344E-002
   8.6899999999999995        1.8987756737208768E-002
   8.7000000000000011        1.9024202187288473E-002
   8.7100000000000009        1.9058597986766772E-002
   8.7200000000000006        1.9090867926128283E-002
   8.7300000000000004        1.9120944932367788E-002
   8.7400000000000002        1.9148771468918913E-002
   8.7500000000000000        1.9174299883864130E-002
   8.7599999999999998        1.9197492703278321E-002
   8.7699999999999996        1.9218322867027363E-002
   8.7799999999999994        1.9236773904844233E-002
   8.7900000000000009        1.9252840051032411E-002
   8.8000000000000007        1.9266526296698068E-002
   8.8100000000000005        1.9277848378979189E-002
   8.8200000000000003        1.9286832707311356E-002
   8.8300000000000001        1.9293516227341791E-002
   8.8399999999999999        1.9297946223670787E-002
   8.8499999999999996        1.9300180063149312E-002
   8.8599999999999994        1.9300284880991208E-002
   8.8700000000000010        1.9298337212459306E-002
   8.8800000000000008        1.9294422573350057E-002
   8.8900000000000006        1.9288634992930286E-002
   8.9000000000000004        1.9281076503354963E-002
   8.9100000000000001        1.9271856589929727E-002
   8.9199999999999999        1.9261091606852757E-002
   8.9299999999999997        1.9248904163294372E-002
   8.9399999999999995        1.9235422484826695E-002
   8.9500000000000011        1.9220779755317548E-002
   8.9600000000000009        1.9205113444439290E-002
   8.9700000000000006        1.9188564625917868E-002
   8.9800000000000004        1.9171277291565637E-002
   8.9900000000000002        1.9153397666000754E-002
   9.0000000000000000        1.9135073526758164E-002
   9.0099999999999998        1.9116453534253265E-002
   9.0199999999999996        1.9097686575765056E-002
   9.0299999999999994        1.9078921127270727E-002
   9.0400000000000009        1.9060304636594139E-002
   9.0500000000000007        1.9041982930930061E-002
   9.0600000000000005        1.9024099651381614E-002
   9.0700000000000003        1.9006795716710795E-002
   9.0800000000000001        1.8990208818047159E-002
   9.0899999999999999        1.8974472945853974E-002
   9.0999999999999996        1.8959717949996971E-002
   9.1099999999999994        1.8946069133326551E-002
   9.1200000000000010        1.8933646878765323E-002
   9.1300000000000008        1.8922566309497072E-002
   9.1400000000000006        1.8912936981486536E-002
   9.1500000000000004        1.8904862607230555E-002
   9.1600000000000001        1.8898440809350565E-002
   9.1699999999999999        1.8893762902386917E-002
   9.1799999999999997        1.8890913700959404E-002
   9.1899999999999995        1.8889971352302845E-002
   9.2000000000000011        1.8891007191091255E-002
   9.2100000000000009        1.8894085614411707E-002
   9.2200000000000006        1.8899263974755488E-002
   9.2300000000000004        1.8906592488946085E-002
   9.2400000000000002        1.8916114161025108E-002
   9.2500000000000000        1.8927864717266731E-002
   9.2599999999999998        1.8941872551680498E-002
   9.2699999999999996        1.8958158680590885E-002
   9.2799999999999994        1.8976736705142383E-002
   9.2900000000000009        1.8997612780869935E-002
   9.3000000000000007        1.9020785593782612E-002
   9.3100000000000005        1.9046246342736314E-002
   9.3200000000000003        1.9073978728203697E-002
   9.3300000000000001        1.9103958947887238E-002
   9.3399999999999999        1.9136155699949559E-002
   9.3499999999999996        1.9170530194955133E-002
   9.3599999999999994        1.9207036177916012E-002
   9.3700000000000010        1.9245619962105876E-002
   9.3800000000000008        1.9286220476551388E-002
   9.3900000000000006        1.9328769329311036E-002
   9.4000000000000004        1.9373190888815131E-002
   9.4100000000000001        1.9419402385655399E-002
   9.4199999999999999        1.9467314037276494E-002
   9.4299999999999997        1.9516829198033717E-002
   9.4399999999999995        1.9567844537037832E-002
   9.4500000000000011        1.9620250246105902E-002
   9.4600000000000009        1.9673930279985506E-002
   9.4700000000000006        1.9728762630802921E-002
   9.4800000000000004        1.9784619638426780E-002
   9.4900000000000002        1.9841368338121317E-002
   9.5000000000000000        1.9898870846501129E-002
   9.5099999999999998        1.9956984786398707E-002
   9.5199999999999996        2.0015563750814654E-002
   9.5299999999999994        2.0074457805646789E-002
   9.5400000000000009        2.0133514030405888E-002
   9.5500000000000007        2.0192577095607678E-002
   9.5600000000000005        2.0251489875016081E-002
   9.5700000000000003        2.0310094090386935E-002
   9.5800000000000001        2.0368230985849216E-002
   9.5899999999999999        2.0425742028561008E-002
   9.5999999999999996        2.0482469631798485E-002
   9.6099999999999994        2.0538257896195285E-002
   9.6200000000000010        2.0592953364436652E-002
   9.6300000000000008        2.0646405784353786E-002
   9.6400000000000006        2.0698468875053170E-002
   9.6500000000000004        2.0749001090459851E-002
   9.6600000000000001        2.0797866374463281E-002
   9.6699999999999999        2.0844934901732066E-002
   9.6799999999999997        2.0890083798200777E-002
   9.6899999999999995        2.0933197835255327E-002
   9.7000000000000011        2.0974170091724989E-002
   9.7100000000000009        2.1012902577952346E-002
   9.7200000000000006        2.1049306816441762E-002
   9.7300000000000004        2.1083304373888119E-002
   9.7400000000000002        2.1114827339754935E-002
   9.7500000000000000        2.1143818746996682E-002
   9.7599999999999998        2.1170232931008018E-002
   9.7699999999999996        2.1194035823416647E-002
   9.7799999999999994        2.1215205177918368E-002
   9.7900000000000009        2.1233730725969350E-002
   9.8000000000000007        2.1249614260796659E-002
   9.8100000000000005        2.1262869648857454E-002
   9.8200000000000003        2.1273522768553391E-002
   9.8300000000000001        2.1281611376691753E-002
   9.8399999999999999        2.1287184903861535E-002
   9.8499999999999996        2.1290304180552895E-002
   9.8599999999999994        2.1291041096492051E-002
   9.8700000000000010        2.1289478196266965E-002
   9.8800000000000008        2.1285708214892864E-002
   9.8900000000000006        2.1279833557485261E-002
   9.9000000000000004        2.1271965727680031E-002
   9.9100000000000001        2.1262224709851039E-002
   9.9199999999999999        2.1250738310520382E-002
   9.9299999999999997        2.1237641464639603E-002
   9.9399999999999995        2.1223075512623743E-002
   9.9500000000000011        2.1207187454160600E-002
   9.9600000000000009        2.1190129184876075E-002
   9.9700000000000006        2.1172056721925275E-002
   9.9800000000000004        2.1153129424496764E-002
   9.9900000000000002        2.1133509215059170E-002
   10.000000000000000        2.1113359806961024E-002
