   0.0000000000000000       0.12566370614359174     
   1.0000000000000000E-002  0.12554055571157102     
   2.0000000000000000E-002  0.12529425484752960     
   2.9999999999999999E-002  0.12492492423889082     
   4.0000000000000001E-002  0.12443280526050146     
   5.0000000000000003E-002  0.12381825985635798     
   5.9999999999999998E-002  0.12308177030305922     
   7.0000000000000007E-002  0.12222393885510123     
   8.0000000000000002E-002  0.12124548727224624     
   8.9999999999999997E-002  0.12014725622931324     
  0.10000000000000001       0.11893020460885345     
  0.11000000000000000       0.11759540867728893     
  0.12000000000000000       0.11614406114520774     
  0.13000000000000000       0.11457747011262280     
  0.14000000000000001       0.11289705790011556     
  0.14999999999999999       0.11110435976689795     
  0.16000000000000000       0.10920102251693822     
  0.17000000000000001       0.10718880299440693     
  0.17999999999999999       0.10506956646980904     
  0.19000000000000000       0.10284528491827663     
  0.20000000000000001       0.10051803519160381     
  0.20999999999999999        9.8089997085711075E-002
  0.22000000000000000        9.5563451305330574E-002
  0.23000000000000001        9.2940777327806076E-002
  0.23999999999999999        9.0224451168002359E-002
  0.25000000000000000        8.7417043046417384E-002
  0.26000000000000001        8.4521214962687774E-002
  0.27000000000000002        8.1539718176772677E-002
  0.28000000000000003        7.8475390600194136E-002
  0.28999999999999998        7.5331154099802358E-002
  0.29999999999999999        7.2110011716622388E-002
  0.31000000000000000        6.8815044802424619E-002
  0.32000000000000001        6.5449410076744555E-002
  0.33000000000000002        6.2016336607158121E-002
  0.34000000000000002        5.8519122715696474E-002
  0.35000000000000003        5.4961132814359812E-002
  0.35999999999999999        5.1345794172761770E-002
  0.37000000000000000        4.7676593621005653E-002
  0.38000000000000000        4.3957074190960232E-002
  0.39000000000000001        4.0190831699166221E-002
  0.40000000000000002        3.6381511274665074E-002
  0.41000000000000003        3.2532803835098739E-002
  0.41999999999999998        2.8648442514483237E-002
  0.42999999999999999        2.4732199046109335E-002
  0.44000000000000000        2.0787880104071239E-002
  0.45000000000000001        1.6819323606967959E-002
  0.46000000000000002        1.2830394987362688E-002
  0.47000000000000003        8.8249834306225877E-003
  0.47999999999999998        4.8069980867948723E-003
  0.48999999999999999        7.8036425920514647E-004
  0.50000000000000000       -3.2509804265096380E-003
  0.51000000000000001       -7.2830898691984437E-003
  0.52000000000000002       -1.1312013351069270E-002
  0.53000000000000003       -1.5333799404868282E-002
  0.54000000000000004       -1.9344499685583244E-002
  0.55000000000000004       -2.3340172842881438E-002
  0.56000000000000005       -2.7316888390487758E-002
  0.57000000000000006       -3.1270730568708056E-002
  0.57999999999999996       -3.5197802196305673E-002
  0.58999999999999997       -3.9094228507945958E-002
  0.59999999999999998       -4.2956160973433861E-002
  0.60999999999999999       -4.6779781094983978E-002
  0.62000000000000000       -5.0561304178780131E-002
  0.63000000000000000       -5.4296983077103199E-002
  0.64000000000000001       -5.7983111897331061E-002
  0.65000000000000002       -6.1616029674143362E-002
  0.66000000000000003       -6.5192124001296287E-002
  0.67000000000000004       -6.8707834619368552E-002
  0.68000000000000005       -7.2159656955919541E-002
  0.69000000000000006       -7.5544145614543548E-002
  0.70000000000000007       -7.8857917809350753E-002
  0.70999999999999996       -8.2097656741455707E-002
  0.71999999999999997       -8.5260114914107496E-002
  0.72999999999999998       -8.8342117383152660E-002
  0.73999999999999999       -9.1340564939581995E-002
  0.75000000000000000       -9.4252437220975843E-002
  0.76000000000000001       -9.7074795748728904E-002
  0.77000000000000002       -9.9804786888005412E-002
  0.78000000000000003      -0.10243964472744815     
  0.79000000000000004      -0.10497669387574066     
  0.80000000000000004      -0.10741335217220026     
  0.81000000000000005      -0.10974713330866163     
  0.82000000000000006      -0.11197564935999425     
  0.83000000000000007      -0.11409661322068439     
  0.83999999999999997      -0.11610784094500172     
  0.84999999999999998      -0.11800725398836279     
  0.85999999999999999      -0.11979288134759775     
  0.87000000000000000      -0.12146286159792412     
  0.88000000000000000      -0.12301544482452985     
  0.89000000000000001      -0.12444899444676960     
  0.90000000000000002      -0.12576198893308133     
  0.91000000000000003      -0.12695302340483522     
  0.92000000000000004      -0.12802081112743469     
  0.93000000000000005      -0.12896418488709741     
  0.94000000000000006      -0.12978209825185524     
  0.95000000000000007      -0.13047362671542373     
  0.95999999999999996      -0.13103796872270540     
  0.96999999999999997      -0.13147444657580595     
  0.97999999999999998      -0.13178250721955825     
  0.98999999999999999      -0.13196172290566627     
   1.0000000000000000      -0.13201179173469912     
   1.0100000000000000      -0.13193253807528441     
   1.0200000000000000      -0.13172391285996971     
   1.0300000000000000      -0.13138599375734122     
   1.0400000000000000      -0.13091898522010997     
   1.0500000000000000      -0.13032321840899652     
   1.0600000000000001      -0.12959915099236735     
   1.0700000000000001      -0.12874736682169738     
   1.0800000000000001      -0.12776857548305487     
   1.0900000000000001      -0.12666361172492710     
   1.1000000000000001      -0.12543343476282595     
   1.1100000000000001      -0.12407912746123437     
   1.1200000000000001      -0.12260189539357522     
   1.1300000000000001      -0.12100306578100405     
   1.1400000000000001      -0.11928408631094717     
   1.1500000000000001      -0.11744652383642491     
   1.1599999999999999      -0.11549206295731793     
   1.1699999999999999      -0.11342250448485125     
   1.1799999999999999      -0.11123976379068640     
   1.1899999999999999      -0.10894586904212639     
   1.2000000000000000      -0.10654295932505151     
   1.2100000000000000      -0.10403328265631534     
   1.2200000000000000      -0.10141919388744063     
   1.2300000000000000       -9.8703152501562724E-002
   1.2400000000000000       -9.5887720305675134E-002
   1.2500000000000000       -9.2975559020336010E-002
   1.2600000000000000       -8.9969427769097318E-002
   1.2700000000000000       -8.6872180470018698E-002
   1.2800000000000000       -8.3686763131726363E-002
   1.2900000000000000       -8.0416211056573414E-002
   1.3000000000000000       -7.7063645953551377E-002
   1.3100000000000001       -7.3632272963693887E-002
   1.3200000000000001       -7.0125377600801925E-002
   1.3300000000000001       -6.6546322610405537E-002
   1.3400000000000001       -6.2898544749960372E-002
   1.3500000000000001       -5.9185551493357004E-002
   1.3600000000000001       -5.5410917662898677E-002
   1.3700000000000001       -5.1578281991976858E-002
   1.3800000000000001       -4.7691343621745402E-002
   1.3900000000000001       -4.3753858535161803E-002
   1.4000000000000001       -3.9769635931828896E-002
   1.4099999999999999       -3.5742534547131527E-002
   1.4199999999999999       -3.1676458919220968E-002
   1.4299999999999999       -2.7575355607454222E-002
   1.4399999999999999       -2.3443209365946637E-002
   1.4500000000000000       -1.9284039275943750E-002
   1.4600000000000000       -1.5101894840762234E-002
   1.4700000000000000       -1.0900852047090293E-002
   1.4800000000000000       -6.6850093964744041E-003
   1.4900000000000000       -2.4584839108523675E-003
   1.5000000000000000        1.7745928839782137E-003
   1.5100000000000000        6.0100789930414306E-003
   1.5200000000000000        1.0243826001078350E-002
   1.5300000000000000        1.4471683131702088E-002
   1.5400000000000000        1.8689501312844768E-002
   1.5500000000000000        2.2893137244518379E-002
   1.5600000000000001        2.7078457464905403E-002
   1.5700000000000001        3.1241342410792801E-002
   1.5800000000000001        3.5377690468364587E-002
   1.5900000000000001        3.9483422010373796E-002
   1.6000000000000001        4.3554483415724009E-002
   1.6100000000000001        4.7586851067504057E-002
   1.6200000000000001        5.1576535325536695E-002
   1.6300000000000001        5.5519584469523181E-002
   1.6400000000000001        5.9412088608890641E-002
   1.6500000000000001        6.3250183555477971E-002
   1.6600000000000001        6.7030054655228585E-002
   1.6699999999999999        7.0747940575094828E-002
   1.6799999999999999        7.4400137041398945E-002
   1.6899999999999999        7.7983000525939469E-002
   1.7000000000000000        8.1492951876179429E-002
   1.7100000000000000        8.4926479885903960E-002
   1.7200000000000000        8.8280144802789839E-002
   1.7300000000000000        9.1550581769387532E-002
   1.7400000000000000        9.4734504194078487E-002
   1.7500000000000000        9.7828707048635444E-002
   1.7600000000000000       0.10083007008908221     
   1.7700000000000000       0.10373556099662130     
   1.7800000000000000       0.10654223843547310     
   1.7900000000000000       0.10924725502454821     
   1.8000000000000000       0.11184786021995656     
   1.8100000000000001       0.11434140310544084     
   1.8200000000000001       0.11672533508790958     
   1.8300000000000001       0.11899721249533499     
   1.8400000000000001       0.12115469907437423     
   1.8500000000000001       0.12319556838516806     
   1.8600000000000001       0.12511770609086900     
   1.8700000000000001       0.12691911213955248     
   1.8800000000000001       0.12859790283626690     
   1.8900000000000001       0.13015231280308456     
   1.9000000000000001       0.13158069682512269     
   1.9100000000000001       0.13288153158061378     
   1.9199999999999999       0.13405341725321626     
   1.9299999999999999       0.13509507902486972     
   1.9399999999999999       0.13600536844761504     
   1.9500000000000000       0.13678326469291599     
   1.9600000000000000       0.13742787567713827     
   1.9700000000000000       0.13793843906196149     
   1.9800000000000000       0.13831432312862113     
   1.9900000000000000       0.13855502752500004     
   2.0000000000000000       0.13866018388471291     
   2.0100000000000002       0.13862955631745127     
   2.0200000000000000       0.13846304176998261     
   2.0300000000000002       0.13816067025732284     
   2.0400000000000000       0.13772260496372851     
   2.0499999999999998       0.13714914221328200     
   2.0600000000000001       0.13644071130997104     
   2.0699999999999998       0.13559787424729106     
   2.0800000000000001       0.13462132528752729     
   2.0899999999999999       0.13351189041100120     
   2.1000000000000001       0.13227052663569330     
   2.1099999999999999       0.13089832120778264     
   2.1200000000000001       0.12939649066376899     
   2.1299999999999999       0.12776637976497171     
   2.1400000000000001       0.12600946030532395     
   2.1499999999999999       0.12412732979350652     
   2.1600000000000001       0.12212171001058987     
   2.1699999999999999       0.11999444544447557     
   2.1800000000000002       0.11774750160255090     
   2.1899999999999999       0.11538296320409065     
   2.2000000000000002       0.11290303225405990     
   2.2100000000000000       0.11031002600008913     
   2.2200000000000002       0.10760637477450939     
   2.2300000000000000       0.10479461972344956     
   2.2400000000000002       0.10187741042511071     
   2.2500000000000000        9.8857502399442881E-002
   2.2600000000000002        9.5737754511558443E-002
   2.2700000000000000        9.2521126271322557E-002
   2.2800000000000002        8.9210675031665340E-002
   2.2900000000000000        8.5809553088262228E-002
   2.3000000000000003        8.2321004683328078E-002
   2.3100000000000001        7.8748362916367429E-002
   2.3199999999999998        7.5095046564817122E-002
   2.3300000000000001        7.1364556817608782E-002
   2.3399999999999999        6.7560473924766912E-002
   2.3500000000000001        6.3686453766243795E-002
   2.3599999999999999        5.9746224343274396E-002
   2.3700000000000001        5.5743582195614080E-002
   2.3799999999999999        5.1682388748097358E-002
   2.3900000000000001        4.7566566590028933E-002
   2.3999999999999999        4.3400095690987371E-002
   2.4100000000000001        3.9187009556687580E-002
   2.4199999999999999        3.4931391328610624E-002
   2.4300000000000002        3.0637369831168111E-002
   2.4399999999999999        2.6309115570223564E-002
   2.4500000000000002        2.1950836686844472E-002
   2.4600000000000000        1.7566774870206560E-002
   2.4700000000000002        1.3161201233615539E-002
   2.4800000000000000        8.7384121576517156E-003
   2.4900000000000002        4.3027251044789484E-003
   2.5000000000000000       -1.4152559260831744E-004
   2.5100000000000002       -4.5899929602979724E-003
   2.5200000000000000       -9.0383216329068712E-003
   2.5300000000000002       -1.3482152112414679E-002
   2.5400000000000000       -1.7917125036722239E-002
   2.5500000000000003       -2.2338885451959632E-002
   2.5600000000000001       -2.6743087084661037E-002
   2.5699999999999998       -3.1125396609619521E-002
   2.5800000000000001       -3.5481497909235035E-002
   2.5899999999999999       -3.9807096320173124E-002
   2.6000000000000001       -4.4097922863160159E-002
   2.6099999999999999       -4.8349738451753430E-002
   2.6200000000000001       -5.2558338075940805E-002
   2.6299999999999999       -5.6719554956445456E-002
   2.6400000000000001       -6.0829264665635686E-002
   2.6499999999999999       -6.4883389210968603E-002
   2.6600000000000001       -6.8877901076929191E-002
   2.6699999999999999       -7.2808827221463035E-002
   2.6800000000000002       -7.6672253022941492E-002
   2.6899999999999999       -8.0464326173742912E-002
   2.7000000000000002       -8.4181260516581854E-002
   2.7100000000000000       -8.7819339819770526E-002
   2.7200000000000002       -9.1374921487652944E-002
   2.7300000000000000       -9.4844440202511981E-002
   2.7400000000000002       -9.8224411494313130E-002
   2.7500000000000000      -0.10151143523471581     
   2.7600000000000002      -0.10470219905185407     
   2.7700000000000000      -0.10779348166246230     
   2.7800000000000002      -0.11078215611799971     
   2.7900000000000000      -0.11366519296150791     
   2.8000000000000003      -0.11643966329202048     
   2.8100000000000001      -0.11910274173343076     
   2.8199999999999998      -0.12165170930481486     
   2.8300000000000001      -0.12408395618930021     
   2.8399999999999999      -0.12639698439866684     
   2.8500000000000001      -0.12858841033096796     
   2.8599999999999999      -0.13065596721855838     
   2.8700000000000001      -0.13259750746402443     
   2.8799999999999999      -0.13441100486161631     
   2.8900000000000001      -0.13609455670189344     
   2.8999999999999999      -0.13764638575740620     
   2.9100000000000001      -0.13906484214735110     
   2.9199999999999999      -0.14034840507925372     
   2.9300000000000002      -0.14149568446585195     
   2.9399999999999999      -0.14250542241547251     
   2.9500000000000002      -0.14337649459431653     
   2.9600000000000000      -0.14410791145919341     
   2.9700000000000002      -0.14469881935936785     
   2.9800000000000000      -0.14514850150631228     
   2.9900000000000002      -0.14545637881028453     
   3.0000000000000000      -0.14562201058278060     
   3.0100000000000002      -0.14564509510404258     
   3.0200000000000000      -0.14552547005493344     
   3.0300000000000002      -0.14526311281262233     
   3.0400000000000000      -0.14485814060965740     
   3.0500000000000003      -0.14431081055613609     
   3.0600000000000001      -0.14362151952481733     
   3.0700000000000003      -0.14279080389915355     
   3.0800000000000001      -0.14181933918435544     
   3.0899999999999999      -0.14070793948173616     
   3.1000000000000001      -0.13945755682671621     
   3.1099999999999999      -0.13806928039100416     
   3.1200000000000001      -0.13654433554960194     
   3.1299999999999999      -0.13488408281341652     
   3.1400000000000001      -0.13309001662839248     
   3.1499999999999999      -0.13116376404221131     
   3.1600000000000001      -0.12910708323973430     
   3.1699999999999999      -0.12692186194849595     
   3.1800000000000002      -0.12461011571568265     
   3.1899999999999999      -0.12217398605815982     
   3.2000000000000002      -0.11961573848723563     
   3.2100000000000000      -0.11693776040997443     
   3.2200000000000002      -0.11414255890899574     
   3.2300000000000000      -0.11123275840281528     
   3.2400000000000002      -0.10821109818890401     
   3.2500000000000000      -0.10508042987175797     
   3.2600000000000002      -0.10184371467838682     
   3.2700000000000000       -9.8504020663741337E-002
   3.2800000000000002       -9.5064519808711029E-002
   3.2900000000000000       -9.1528485013430264E-002
   3.3000000000000003       -8.7899286988736960E-002
   3.3100000000000001       -8.4180391048730499E-002
   3.3200000000000003       -8.0375353807475070E-002
   3.3300000000000001       -7.6487819782991878E-002
   3.3399999999999999       -7.2521517911777370E-002
   3.3500000000000001       -6.8480257977175524E-002
   3.3599999999999999       -6.4367926955020138E-002
   3.3700000000000001       -6.0188485280047124E-002
   3.3799999999999999       -5.5945963036658185E-002
   3.3900000000000001       -5.1644456077694800E-002
   3.3999999999999999       -4.7288122074955495E-002
   3.4100000000000001       -4.2881176505260049E-002
   3.4199999999999999       -3.8427888575931143E-002
   3.4300000000000002       -3.3932577093627084E-002
   3.4399999999999999       -2.9399606280518610E-002
   3.4500000000000002       -2.4833381541858386E-002
   3.4600000000000000       -2.0238345189043251E-002
   3.4700000000000002       -1.5618972122317096E-002
   3.4800000000000000       -1.0979765477305678E-002
   3.4900000000000002       -6.3252522396143899E-003
   3.5000000000000000       -1.6599788317553420E-003
   3.5100000000000002        3.0114933232985282E-003
   3.5200000000000000        7.6845922576075183E-003
   3.5300000000000002        1.2354739928459675E-002
   3.5400000000000000        1.7017356698899377E-002
   3.5500000000000003        2.1667865824209188E-002
   3.5600000000000001        2.6301697939954079E-002
   3.5700000000000003        3.0914295547191245E-002
   3.5800000000000001        3.5501117490447258E-002
   3.5899999999999999        4.0057643424067021E-002
   3.6000000000000001        4.4579378262546147E-002
   3.6099999999999999        4.9061856610469690E-002
   3.6200000000000001        5.3500647167695932E-002
   3.6299999999999999        5.7891357105443915E-002
   3.6400000000000001        6.2229636408967559E-002
   3.6499999999999999        6.6511182182527870E-002
   3.6600000000000001        7.0731742912407386E-002
   3.6699999999999999        7.4887122683748031E-002
   3.6800000000000002        7.8973185347034514E-002
   3.6899999999999999        8.2985858630090920E-002
   3.7000000000000002        8.6921138191507236E-002
   3.7100000000000000        9.0775091611466061E-002
   3.7200000000000002        9.4543862315997207E-002
   3.7300000000000000        9.8223673430749114E-002
   3.7400000000000002       0.10181083156043134     
   3.7500000000000000       0.10530173049015144     
   3.7600000000000002       0.10869285480494233     
   3.7700000000000000       0.11198078342385286     
   3.7800000000000002       0.11516219304505454     
   3.7900000000000000       0.11823386149850085     
   3.8000000000000003       0.12119267100276300     
   3.8100000000000001       0.12403561132275663     
   3.8200000000000003       0.12675978282516756     
   3.8300000000000001       0.12936239942848218     
   3.8399999999999999       0.13184079144462812     
   3.8500000000000001       0.13419240830933415     
   3.8599999999999999       0.13641482119842446     
   3.8700000000000001       0.13850572552737161     
   3.8799999999999999       0.14046294333154433     
   3.8900000000000001       0.14228442552470019     
   3.8999999999999999       0.14396825403339114     
   3.9100000000000001       0.14551264380506790     
   3.9199999999999999       0.14691594468779193     
   3.9300000000000002       0.14817664317958698     
   3.9399999999999999       0.14929336404558802     
   3.9500000000000002       0.15026487180127304     
   3.9600000000000000       0.15109007206019340     
   3.9700000000000002       0.15176801274474852     
   3.9800000000000000       0.15229788515868464     
   3.9900000000000002       0.15267902492013091     
   4.0000000000000000       0.15291091275412166     
   4.0099999999999998       0.15299317514369068     
   4.0200000000000005       0.15292558483876068     
   4.0300000000000002       0.15270806122218986     
   4.0400000000000000       0.15234067053247705     
   4.0499999999999998       0.15182362594276649     
   4.0600000000000005       0.15115728749593410     
   4.0700000000000003       0.15034216189567781     
   4.0800000000000001       0.14937890215367550     
   4.0899999999999999       0.14826830709301542     
   4.0999999999999996       0.14701132070824474     
   4.1100000000000003       0.14560903138252290     
   4.1200000000000001       0.14406267096250699     
   4.1299999999999999       0.14237361369173621     
   4.1399999999999997       0.14054337500342215     
   4.1500000000000004       0.13857361017369021     
   4.1600000000000001       0.13646611283645491     
   4.1699999999999999       0.13422281336124939     
   4.1799999999999997       0.13184577709546413     
   4.1900000000000004       0.12933720247258487     
   4.2000000000000002       0.12669941898815204     
   4.2100000000000000       0.12393488504529609     
   4.2199999999999998       0.12104618567183176     
   4.2300000000000004       0.11803603011102302     
   4.2400000000000002       0.11490724928825589     
   4.2500000000000000       0.11166279315597996     
   4.2599999999999998       0.10830572791940155     
   4.2700000000000005       0.10483923314553026     
   4.2800000000000002       0.10126659875829797     
   4.2900000000000000        9.7591221922583057E-002
   4.2999999999999998        9.3816603820085012E-002
   4.3100000000000005        8.9946346320102830E-002
   4.3200000000000003        8.5984148548376965E-002
   4.3300000000000001        8.1933803357257404E-002
   4.3399999999999999        7.7799193700560432E-002
   4.3500000000000005        7.3584288916573343E-002
   4.3600000000000003        6.9293140922759705E-002
   4.3700000000000001        6.4929880325807834E-002
   4.3799999999999999        6.0498712450751654E-002
   4.3899999999999997        5.6003913292976180E-002
   4.4000000000000004        5.1449825396998973E-002
   4.4100000000000001        4.6840853665994650E-002
   4.4199999999999999        4.2181461106101270E-002
   4.4299999999999997        3.7476164509615210E-002
   4.4400000000000004        3.2729530081245177E-002
   4.4500000000000002        2.7946169011655718E-002
   4.4600000000000000        2.3130733002586640E-002
   4.4699999999999998        1.8287909747886140E-002
   4.4800000000000004        1.3422418374843103E-002
   4.4900000000000002        8.5390048502471394E-003
   4.5000000000000000        3.6424373556438287E-003
   4.5099999999999998       -1.2624983637127239E-003
   4.5200000000000005       -6.1710036716778075E-003
   4.5300000000000002       -1.1078271731246453E-002
   4.5400000000000000       -1.5979492207216853E-002
   4.5499999999999998       -2.0869855976890631E-002
   4.5600000000000005       -2.5744559844201338E-002
   4.5700000000000003       -3.0598811252654692E-002
   4.5800000000000001       -3.5427832992460731E-002
   4.5899999999999999       -4.0226867897239164E-002
   4.6000000000000005       -4.4991183525684986E-002
   4.6100000000000003       -4.9716076823591512E-002
   4.6200000000000001       -5.4396878761642870E-002
   4.6299999999999999       -5.9028958944407108E-002
   4.6399999999999997       -6.3607730185984937E-002
   4.6500000000000004       -6.8128653047797250E-002
   4.6600000000000001       -7.2587240334027289E-002
   4.6699999999999999       -7.6979061540270496E-002
   4.6799999999999997       -8.1299747250986348E-002
   4.6900000000000004       -8.5544993481392745E-002
   4.7000000000000002       -8.9710565959493171E-002
   4.7100000000000000       -9.3792304343981836E-002
   4.7199999999999998       -9.7786126373830190E-002
   4.7300000000000004      -0.10168803194542145     
   4.7400000000000002      -0.10549410711316634     
   4.7500000000000000      -0.10920052800960472     
   4.7599999999999998      -0.11280356468107221     
   4.7700000000000005      -0.11629958483509029     
   4.7800000000000002      -0.11968505749572091     
   4.7900000000000000      -0.12295655656321314     
   4.7999999999999998      -0.12611076427435958     
   4.8100000000000005      -0.12914447456007405     
   4.8200000000000003      -0.13205459629679966     
   4.8300000000000001      -0.13483815644845640     
   4.8399999999999999      -0.13749230309574226     
   4.8500000000000005      -0.14001430834970863     
   4.8600000000000003      -0.14240157114664118     
   4.8700000000000001      -0.14465161992139103     
   4.8799999999999999      -0.14676211515641716     
   4.8899999999999997      -0.14873085180392032     
   4.9000000000000004      -0.15055576157857020     
   4.9100000000000001      -0.15223491511845225     
   4.9199999999999999      -0.15376652401198729     
   4.9299999999999997      -0.15514894268870624     
   4.9400000000000004      -0.15638067017189344     
   4.9500000000000002      -0.15746035169124573     
   4.9600000000000000      -0.15838678015382954     
   4.9699999999999998      -0.15915889747175593     
   4.9800000000000004      -0.15977579574513159     
   4.9900000000000002      -0.16023671829898492     
   5.0000000000000000      -0.16054106057300802     
   5.0099999999999998      -0.16068837086309812     
   5.0200000000000005      -0.16067835091382665     
   5.0300000000000002      -0.16051085636110937     
   5.0400000000000000      -0.16018589702449654     
   5.0499999999999998      -0.15970363704864982     
   5.0600000000000005      -0.15906439489371907     
   5.0700000000000003      -0.15826864317448067     
   5.0800000000000001      -0.15731700834824641     
   5.0899999999999999      -0.15621027025170117     
   5.1000000000000005      -0.15494936148697463     
   5.1100000000000003      -0.15353536665740145     
   5.1200000000000001      -0.15196952145357101     
   5.1299999999999999      -0.15025321159041632     
   5.1399999999999997      -0.14838797159623715     
   5.1500000000000004      -0.14637548345469936     
   5.1600000000000001      -0.14421757510099725     
   5.1699999999999999      -0.14191621877350954     
   5.1799999999999997      -0.13947352922242284     
   5.1900000000000004      -0.13689176177693813     
   5.2000000000000002      -0.13417331027281543     
   5.2100000000000000      -0.13132070484215133     
   5.2199999999999998      -0.12833660956741988     
   5.2300000000000004      -0.12522382000194310     
   5.2400000000000002      -0.12198526055909026     
   5.2500000000000000      -0.11862398177263551     
   5.2599999999999998      -0.11514315743083287     
   5.2700000000000005      -0.11154608158689303     
   5.2800000000000002      -0.10783616544867097     
   5.2900000000000000      -0.10401693415049376     
   5.2999999999999998      -0.10009202341017685     
   5.3100000000000005       -9.6065176074392467E-002
   5.3200000000000003       -9.1940238555666104E-002
   5.3300000000000001       -8.7721157164386832E-002
   5.3399999999999999       -8.3411974339323014E-002
   5.3500000000000005       -7.9016824780238096E-002
   5.3600000000000003       -7.4539931486300642E-002
   5.3700000000000001       -6.9985601704078554E-002
   5.3799999999999999       -6.5358222788999887E-002
   5.3899999999999997       -6.0662257984251226E-002
   5.4000000000000004       -5.5902242121169343E-002
   5.4100000000000001       -5.1082777245262896E-002
   5.4199999999999999       -4.6208528172077705E-002
   5.4299999999999997       -4.1284217977192152E-002
   5.4400000000000004       -3.6314623424697962E-002
   5.4500000000000002       -3.1304570338586121E-002
   5.4600000000000000       -2.6258928921518081E-002
   5.4699999999999998       -2.1182609025518224E-002
   5.4800000000000004       -1.6080555379175281E-002
   5.4900000000000002       -1.0957742775987331E-002
   5.5000000000000000       -5.8191712285277893E-003
   5.5099999999999998       -6.6986109314778018E-004
   5.5200000000000005        4.4851518300361862E-003
   5.5300000000000002        9.6408212170914376E-003
   5.5400000000000000        1.4792095155353253E-002
   5.5499999999999998        1.9933921088822318E-002
   5.5600000000000005        2.5061250769039138E-002
   5.5700000000000003        3.0169045206588911E-002
   5.5800000000000001        3.5252279618385028E-002
   5.5899999999999999        4.0305948365878683E-002
   5.6000000000000005        4.5325069879346327E-002
   5.6100000000000003        5.0304691563415410E-002
   5.6200000000000001        5.5239894679002734E-002
   5.6299999999999999        6.0125799196857906E-002
   5.6399999999999997        6.4957568617927661E-002
   5.6500000000000004        6.9730414755784495E-002
   5.6600000000000001        7.4439602476395750E-002
   5.6699999999999999        7.9080454390546340E-002
   5.6799999999999997        8.3648355494270063E-002
   5.6900000000000004        8.8138757752691047E-002
   5.7000000000000002        9.2547184622727652E-002
   5.7100000000000000        9.6869235510166615E-002
   5.7199999999999998       0.10110059015667530     
   5.7300000000000004       0.10523701295238404     
   5.7400000000000002       0.10927435716973923     
   5.7500000000000000       0.11320856911440108     
   5.7599999999999998       0.11703569218903659     
   5.7700000000000005       0.12075187086593998     
   5.7800000000000002       0.12435335456449813     
   5.7900000000000000       0.12783650142960765     
   5.7999999999999998       0.13119778200724397     
   5.8100000000000005       0.13443378281347926     
   5.8200000000000003       0.13754120979334744     
   5.8300000000000001       0.14051689166605844     
   5.8399999999999999       0.14335778315317194     
   5.8500000000000005       0.14606096808645269     
   5.8600000000000003       0.14862366239224334     
   5.8700000000000001       0.15104321694930928     
   5.8799999999999999       0.15331712031723083     
   5.8899999999999997       0.15544300133254205     
   5.9000000000000004       0.15741863156994237     
   5.9100000000000001       0.15924192766603681     
   5.9199999999999999       0.16091095350319271     
   5.9299999999999997       0.16242392225123589     
   5.9400000000000004       0.16377919826484594     
   5.9500000000000002       0.16497529883464979     
   5.9600000000000000       0.16601089579015407     
   5.9699999999999998       0.16688481695280041     
   5.9800000000000004       0.16759604743757239     
   5.9900000000000002       0.16814373080173062     
   6.0000000000000000       0.16852717003940004     
   6.0099999999999998       0.16874582842088376     
   6.0200000000000005       0.16879933017572887     
   6.0300000000000002       0.16868746101872151     
   6.0400000000000000       0.16841016851814194     
   6.0499999999999998       0.16796756230576401     
   6.0600000000000005       0.16735991412823831     
   6.0700000000000003       0.16658765773965295     
   6.0800000000000001       0.16565138863522194     
   6.0899999999999999       0.16455186362620605     
   6.1000000000000005       0.16329000025632764     
   6.1100000000000003       0.16186687606009556     
   6.1200000000000001       0.16028372766361229     
   6.1299999999999999       0.15854194972859012     
   6.1400000000000006       0.15664309374045760     
   6.1500000000000004       0.15458886664159105     
   6.1600000000000001       0.15238112931085887     
   6.1699999999999999       0.15002189489081794     
   6.1799999999999997       0.14751332696405234     
   6.1900000000000004       0.14485773758029374     
   6.2000000000000002       0.14205758513611039     
   6.2100000000000000       0.13911547210909833     
   6.2199999999999998       0.13603414264865291     
   6.2300000000000004       0.13281648002554056     
   6.2400000000000002       0.12946550394263254     
   6.2500000000000000       0.12598436770929947     
   6.2599999999999998       0.12237635528210263     
   6.2700000000000005       0.11864487817455067     
   6.2800000000000002       0.11479347223882226     
   6.2900000000000000       0.11082579432248278     
   6.2999999999999998       0.10674561880334926     
   6.3100000000000005       0.10255683400577971     
   6.3200000000000003        9.8263438501782874E-002
   6.3300000000000001        9.3869537300460382E-002
   6.3399999999999999        8.9379337929406139E-002
   6.3500000000000005        8.4797146411797447E-002
   6.3600000000000003        8.0127363143017938E-002
   6.3700000000000001        7.5374478670754863E-002
   6.3799999999999999        7.0543069382611623E-002
   6.3900000000000006        6.5637793105371045E-002
   6.4000000000000004        6.0663384620135513E-002
   6.4100000000000001        5.5624651097656713E-002
   6.4199999999999999        5.0526467458250186E-002
   6.4299999999999997        4.5373771660767954E-002
   6.4400000000000004        4.0171559925176639E-002
   6.4500000000000002        3.4924881893357768E-002
   6.4600000000000000        2.9638835732812223E-002
   6.4699999999999998        2.4318563188011188E-002
   6.4800000000000004        1.8969244584191997E-002
   6.4900000000000002        1.3596093788448557E-002
   6.5000000000000000        8.2043531330126089E-003
   6.5099999999999998        2.7992883056639807E-003
   6.5200000000000005       -2.6138167877549990E-003
   6.5300000000000002       -8.0296651837135306E-003
   6.5400000000000000       -1.3442952039220062E-002
   6.5499999999999998       -1.8848369822846555E-002
   6.5600000000000005       -2.4240613513474611E-002
   6.5700000000000003       -2.9614385801676277E-002
   6.5800000000000001       -3.4964402288634740E-002
   6.5899999999999999       -4.0285396677507558E-002
   6.6000000000000005       -4.5572125952137513E-002
   6.6100000000000003       -5.0819375538023515E-002
   6.6200000000000001       -5.6021964440476420E-002
   6.6299999999999999       -6.1174750354902059E-002
   6.6400000000000006       -6.6272634744176037E-002
   6.6500000000000004       -7.1310567878102207E-002
   6.6600000000000001       -7.6283553829979089E-002
   6.6699999999999999       -8.1186655425335430E-002
   6.6799999999999997       -8.6014999137938392E-002
   6.6900000000000004       -9.0763779928224528E-002
   6.7000000000000002       -9.5428266019355473E-002
   6.7100000000000000      -0.10000380360615677     
   6.7199999999999998      -0.10448582149225909     
   6.7300000000000004      -0.10886983565082738     
   6.7400000000000002      -0.11315145370433326     
   6.7500000000000000      -0.11732637931890132     
   6.7599999999999998      -0.12139041650883914     
   6.7700000000000005      -0.12533947384704444     
   6.7800000000000002      -0.12916956857707107     
   6.7900000000000000      -0.13287683062272759     
   6.7999999999999998      -0.13645750649117860     
   6.8100000000000005      -0.13990796306561934     
   6.8200000000000003      -0.14322469128369872     
   6.8300000000000001      -0.14640430969797377     
   6.8399999999999999      -0.14944356791479080     
   6.8500000000000005      -0.15233934990810383     
   6.8600000000000003      -0.15508867720486036     
   6.8700000000000001      -0.15768871193870695     
   6.8799999999999999      -0.16013675976889277     
   6.8900000000000006      -0.16243027266137866     
   6.9000000000000004      -0.16456685152929104     
   6.9100000000000001      -0.16654424872999526     
   6.9199999999999999      -0.16836037041620078     
   6.9299999999999997      -0.17001327873865091     
   6.9400000000000004      -0.17150119389809315     
   6.9500000000000002      -0.17282249604437153     
   6.9600000000000000      -0.17397572702062977     
   6.9699999999999998      -0.17495959195076452     
   6.9800000000000004      -0.17577296066841905     
   6.9900000000000002      -0.17641486898596184     
   7.0000000000000000      -0.17688451980204958     
   7.0099999999999998      -0.17718128404653108     
   7.0200000000000005      -0.17730470146160657     
   7.0300000000000002      -0.17725448121831647     
   7.0400000000000000      -0.17703050236759399     
   7.0499999999999998      -0.17663281412527754     
   7.0600000000000005      -0.17606163599064087     
   7.0700000000000003      -0.17531735769816142     
   7.0800000000000001      -0.17440053900241115     
   7.0899999999999999      -0.17331190929611667     
   7.1000000000000005      -0.17205236706159982     
   7.1100000000000003      -0.17062297915597280     
   7.1200000000000001      -0.16902497993062540     
   7.1299999999999999      -0.16725977018570515     
   7.1400000000000006      -0.16532891596045288     
   7.1500000000000004      -0.16323414716041862     
   7.1600000000000001      -0.16097735602274310     
   7.1699999999999999      -0.15856059542085038     
   7.1799999999999997      -0.15598607701005537     
   7.1900000000000004      -0.15325616921574794     
   7.2000000000000002      -0.15037339506597067     
   7.2100000000000000      -0.14734042987036194     
   7.2199999999999998      -0.14416009874758856     
   7.2300000000000004      -0.14083537400354224     
   7.2400000000000002      -0.13736937236272326     
   7.2500000000000000      -0.13376535205538082     
   7.2599999999999998      -0.13002670976312292     
   7.2700000000000005      -0.12615697742585075     
   7.2800000000000002      -0.12215981891301071     
   7.2900000000000000      -0.11803902656229334     
   7.2999999999999998      -0.11379851758904122     
   7.3100000000000005      -0.10944233036975805     
   7.3200000000000003      -0.10497462060323762     
   7.3300000000000001      -0.10039965735295482     
   7.3399999999999999       -9.5721818974480857E-002
   7.3500000000000005       -9.0945588931800991E-002
   7.3600000000000003       -8.6075551506526141E-002
   7.3700000000000001       -8.1116387404098114E-002
   7.3799999999999999       -7.6072869261193693E-002
   7.3900000000000006       -7.0949857058633256E-002
   7.4000000000000004       -6.5752293444196849E-002
   7.4100000000000001       -6.0485198969842988E-002
   7.4199999999999999       -5.5153667247913811E-002
   7.4299999999999997       -4.9762860030994192E-002
   7.4400000000000004       -4.4318002220171612E-002
   7.4500000000000002       -3.8824376806518658E-002
   7.4600000000000000       -3.3287319750689937E-002
   7.4699999999999998       -2.7712214805590829E-002
   7.4800000000000004       -2.2104488287136046E-002
   7.4900000000000002       -1.6469603798171785E-002
   7.5000000000000000       -1.0813056910686129E-002
   7.5099999999999998       -5.1403698114782636E-003
   7.5200000000000005        5.4291408350207356E-004
   7.5300000000000002        6.2312355408976599E-003
   7.5400000000000000        1.1919024942491415E-002
   7.5499999999999998        1.7600707733255089E-002
   7.5600000000000005        2.3270709879575122E-002
   7.5700000000000003        2.8923463332316567E-002
   7.5800000000000001        3.4553411489376025E-002
   7.5899999999999999        4.0155014652369814E-002
   7.6000000000000005        4.5722755472104012E-002
   7.6100000000000003        5.1251144377478894E-002
   7.6200000000000001        5.6734724982491110E-002
   7.6299999999999999        6.2168079466013396E-002
   7.6400000000000006        6.7545833919052847E-002
   7.6500000000000004        7.2862663654215606E-002
   7.6600000000000001        7.8113298472137688E-002
   7.6699999999999999        8.3292527879678641E-002
   7.6799999999999997        8.8395206254716890E-002
   7.6900000000000004        9.3416257952433066E-002
   7.7000000000000002        9.8350682348019608E-002
   7.7100000000000000       0.10319355881081277     
   7.7199999999999998       0.10794005160490487     
   7.7300000000000004       0.11258541471136238     
   7.7400000000000002       0.11712499656724708     
   7.7500000000000000       0.12155424471671464     
   7.7599999999999998       0.12586871036954630     
   7.7700000000000005       0.13006405286255560     
   7.7800000000000002       0.13413604401940271     
   7.7900000000000000       0.13808057240444455     
   7.7999999999999998       0.14189364746634736     
   7.8100000000000005       0.14557140356729381     
   7.8200000000000003       0.14911010389372326     
   7.8300000000000001       0.15250614424465675     
   7.8399999999999999       0.15575605669377438     
   7.8500000000000005       0.15885651312153223     
   7.8600000000000003       0.16180432861373020     
   7.8700000000000001       0.16459646472306907     
   7.8799999999999999       0.16723003259036648     
   7.8900000000000006       0.16970229592223529     
   7.9000000000000004       0.17201067382216553     
   7.9100000000000001       0.17415274347209200     
   7.9199999999999999       0.17612624266167273     
   7.9300000000000006       0.17792907216265083     
   7.9400000000000004       0.17955929794582048     
   7.9500000000000002       0.18101515323827072     
   7.9600000000000000       0.18229504041873407     
   7.9699999999999998       0.18339753274902390     
   7.9800000000000004       0.18432137593970338     
   7.9900000000000002       0.18506548954828883     
   8.0000000000000000       0.18562896820845337     
   8.0099999999999998       0.18601108268886057     
   8.0199999999999996       0.18621128078042348     
   8.0299999999999994       0.18622918801095131     
   8.0400000000000009       0.18606460818631435     
   8.0500000000000007       0.18571752375742664     
   8.0600000000000005       0.18518809601251635     
   8.0700000000000003       0.18447666509432378     
   8.0800000000000001       0.18358374984203893     
   8.0899999999999999       0.18251004745796165     
   8.0999999999999996       0.18125643299903918     
   8.1099999999999994       0.17982395869360790     
   8.1200000000000010       0.17821385308383755     
   8.1300000000000008       0.17642751999454748     
   8.1400000000000006       0.17446653732923526     
   8.1500000000000004       0.17233265569432837     
   8.1600000000000001       0.17002779685283884     
   8.1699999999999999       0.16755405200876886     
   8.1799999999999997       0.16491367992378309     
   8.1899999999999995       0.16210910486782873     
   8.1999999999999993       0.15914291440554906     
   8.2100000000000009       0.15601785702049892     
   8.2200000000000006       0.15273683957933135     
   8.2300000000000004       0.14930292463828368     
   8.2400000000000002       0.14571932759444828     
   8.2500000000000000       0.14198941368446735     
   8.2599999999999998       0.13811669483344385     
   8.2699999999999996       0.13410482635700960     
   8.2799999999999994       0.12995760351963856     
   8.2900000000000009       0.12567895795243764     
   8.3000000000000007       0.12127295393378748     
   8.3100000000000005       0.11674378453634393     
   8.3200000000000003       0.11209576764404527     
   8.3300000000000001       0.10733334184290100     
   8.3399999999999999       0.10246106218946556     
   8.3499999999999996        9.7483595861024078E-002
   8.3599999999999994        9.2405717691636913E-002
   8.3700000000000010        8.7232305598305956E-002
   8.3800000000000008        8.1968335901637185E-002
   8.3900000000000006        7.6618878545482078E-002
   8.4000000000000004        7.1189092220143371E-002
   8.4100000000000001        6.5684219393830096E-002
   8.4199999999999999        6.0109581257141075E-002
   8.4299999999999997        5.4470572585446096E-002
   8.4399999999999995        4.8772656524119121E-002
   8.4499999999999993        4.3021359301658409E-002
   8.4600000000000009        3.7222264875804059E-002
   8.4700000000000006        3.1381009517834083E-002
   8.4800000000000004        2.5503276340285819E-002
   8.4900000000000002        1.9594789773410080E-002
   8.5000000000000000        1.3661309995720860E-002
   8.5099999999999998        7.7086273240536980E-003
   8.5199999999999996        1.7425565685907302E-003
   8.5299999999999994       -4.2310686416498107E-003
   8.5400000000000009       -1.0206401557327570E-002
   8.5500000000000007       -1.6177588025736513E-002
   8.5600000000000005       -2.2138772220619274E-002
   8.5700000000000003       -2.8084102379236815E-002
   8.5800000000000001       -3.4007736541078151E-002
   8.5899999999999999       -3.9903848282587834E-002
   8.5999999999999996       -4.5766632442287257E-002
   8.6099999999999994       -5.1590310830669742E-002
   8.6200000000000010       -5.7369137919258788E-002
   8.6300000000000008       -6.3097406503233783E-002
   8.6400000000000006       -6.8769453332047897E-002
   8.6500000000000004       -7.4379664702488843E-002
   8.6600000000000001       -7.9922482008664378E-002
   8.6699999999999999       -8.5392407243431473E-002
   8.6799999999999997       -9.0784008445830081E-002
   8.6899999999999995       -9.6091925089130129E-002
   8.7000000000000011      -0.10131087340415326     
   8.7100000000000009      -0.10643565163258904     
   8.7200000000000006      -0.11146114520508876     
   8.7300000000000004      -0.11638233183898854     
   8.7400000000000002      -0.12119428655058732     
   8.7500000000000000      -0.12589218657698389     
   8.7599999999999998      -0.13047131620256092     
   8.7699999999999996      -0.13492707148529248     
   8.7799999999999994      -0.13925496487814554     
   8.7900000000000009      -0.14345062974094300     
   8.8000000000000007      -0.14750982473815988     
   8.8100000000000005      -0.15142843811823065     
   8.8200000000000003      -0.15520249187005800     
   8.8300000000000001      -0.15882814575252949     
   8.8399999999999999      -0.16230170119296833     
   8.8499999999999996      -0.16561960505056969     
   8.8599999999999994      -0.16877845324100194     
   8.8700000000000010      -0.17177499421848463     
   8.8800000000000008      -0.17460613231179115     
   8.8900000000000006      -0.17726893091076354     
   8.9000000000000004      -0.17976061550007039     
   8.9100000000000001      -0.18207857653708467     
   8.9199999999999999      -0.18422037217090889     
   8.9299999999999997      -0.18618373079972678     
   8.9399999999999995      -0.18796655346381716     
   8.9500000000000011      -0.18956691607172382     
   8.9600000000000009      -0.19098307145723595     
   8.9700000000000006      -0.19221345126499778     
   8.9800000000000004      -0.19325666766273153     
   8.9900000000000002      -0.19411151487822556     
   9.0000000000000000      -0.19477697055941012     
   9.0099999999999998      -0.19525219695601403     
   9.0199999999999996      -0.19553654192146971     
   9.0299999999999994      -0.19562953973390851     
   9.0400000000000009      -0.19553091173526427     
   9.0500000000000007      -0.19524056678768079     
   9.0600000000000005      -0.19475860154659674     
   9.0700000000000003      -0.19408530055006076     
   9.0800000000000001      -0.19322113612400912     
   9.0899999999999999      -0.19216676810341843     
   9.0999999999999996      -0.19092304336942620     
   9.1099999999999994      -0.18949099520269264     
   9.1200000000000010      -0.18787184245345703     
   9.1300000000000008      -0.18606698852892278     
   9.1400000000000006      -0.18407802019878414     
   9.1500000000000004      -0.18190670621988717     
   9.1600000000000001      -0.17955499578119538     
   9.1699999999999999      -0.17702501677040811     
   9.1799999999999997      -0.17431907386375525     
   9.1899999999999995      -0.17143964644066739     
   9.2000000000000011      -0.16838938632519307     
   9.2100000000000009      -0.16517111535620688     
   9.2200000000000006      -0.16178782278862200     
   9.2300000000000004      -0.15824266252798805     
   9.2400000000000002      -0.15453895020102124     
   9.2500000000000000      -0.15068016006477700     
   9.2599999999999998      -0.14666992175733576     
   9.2699999999999996      -0.14251201689303103     
   9.2799999999999994      -0.13821037550540413     
   9.2900000000000009      -0.13376907234122204     
   9.3000000000000007      -0.12919232300904465     
   9.3100000000000005      -0.12448447998597288     
   9.3200000000000003      -0.11965002848635224     
   9.3300000000000001      -0.11469358219634536     
   9.3399999999999999      -0.10961987887842184     
   9.3499999999999996      -0.10443377584994591     
   9.3599999999999994       -9.9140245340169131E-002
   9.3700000000000010       -9.3744369730059396E-002
   9.3800000000000008       -8.8251336679516304E-002
   9.3900000000000006       -8.2666434146637754E-002
   9.4000000000000004       -7.6995045303813278E-002
   9.4100000000000001       -7.1242643355525090E-002
   9.4199999999999999       -6.5414786262839170E-002
   9.4299999999999997       -5.9517111379664832E-002
   9.4399999999999995       -5.3555330005952910E-002
   9.4500000000000011       -4.7535221863088915E-002
   9.4600000000000009       -4.1462629496819087E-002
   9.4700000000000006       -3.5343452613123431E-002
   9.4800000000000004       -2.9183642352520897E-002
   9.4900000000000002       -2.2989195508357499E-002
   9.5000000000000000       -1.6766148694688631E-002
   9.5099999999999998       -1.0520572469421573E-002
   9.5199999999999996       -4.2585654184337206E-003
   9.5299999999999994        2.0137517935741658E-003
   9.5400000000000009        8.2902423996921160E-003
   9.5500000000000007        1.4564759529052364E-002
   9.5600000000000005        2.0831152220860915E-002
   9.5700000000000003        2.7083271448330993E-002
   9.5800000000000001        3.3314976146624625E-002
   9.5899999999999999        3.9520139238898896E-002
   9.5999999999999996        4.5692653654549477E-002
   9.6099999999999994        5.1826438333745936E-002
   9.6200000000000010        5.7915444212360938E-002
   9.6300000000000008        6.3953660181408870E-002
   9.6400000000000006        6.9935119015128680E-002
   9.6500000000000004        7.5853903261870720E-002
   9.6600000000000001        8.1704151091977928E-002
   9.6699999999999999        8.7480062096888508E-002
   9.6799999999999997        9.3175903033728941E-002
   9.6899999999999995        9.8786013509714429E-002
   9.7000000000000011       0.10430481160072685     
   9.7100000000000009       0.10972679939849976     
   9.7200000000000006       0.11504656848090396     
   9.7300000000000004       0.12025880529989763     
   9.7400000000000002       0.12535829648178001     
   9.7500000000000000       0.13033993403446850     
   9.7599999999999998       0.13519872045660483     
   9.7699999999999996       0.13992977374338739     
   9.7799999999999994       0.14452833228412248     
   9.7900000000000009       0.14898975964658906     
   9.8000000000000007       0.15330954924341719     
   9.8100000000000005       0.15748332887579167     
   9.8200000000000003       0.16150686514990759     
   9.8300000000000001       0.16537606776172523     
   9.8399999999999999       0.16908699364569596     
   9.8499999999999996       0.17263585098326020     
   9.8599999999999994       0.17601900306705168     
   9.8700000000000010       0.17923297201687954     
   9.8800000000000008       0.18227444234370171     
   9.8900000000000006       0.18514026435794734     
   9.9000000000000004       0.18782745741869614     
   9.9100000000000001       0.19033321302037415     
   9.9199999999999999       0.19265489771378183     
   9.9299999999999997       0.19479005585842954     
   9.9399999999999995       0.19673641220331775     
   9.9500000000000011       0.19849187429346468     
   9.9600000000000009       0.20005453469965237     
   9.9700000000000006       0.20142267306903247     
   9.9800000000000004       0.20259475799440690     
   9.9900000000000002       0.20356944870017368     
   10.000000000000000       0.20434559654310594     
