   0.0000000000000000        4.9295665645120417E-004
   1.0000000000000000E-002   4.9247620331000375E-004
   2.0000000000000000E-002   4.9200015591140480E-004
   2.9999999999999999E-002   4.9153037716789902E-004
   4.0000000000000001E-002   4.9106870457950476E-004
   5.0000000000000003E-002   4.9061694308900590E-004
   5.9999999999999998E-002   4.9017685807687653E-004
   7.0000000000000007E-002   4.8975016852186764E-004
   8.0000000000000002E-002   4.8933854035446242E-004
   8.9999999999999997E-002   4.8894358002631922E-004
  0.10000000000000001        4.8856682831972993E-004
  0.11000000000000000        4.8820975442090116E-004
  0.12000000000000000        4.8787375027561512E-004
  0.13000000000000000        4.8756012525171867E-004
  0.14000000000000001        4.8727010112391300E-004
  0.14999999999999999        4.8700480739995823E-004
  0.16000000000000000        4.8676527700617733E-004
  0.17000000000000001        4.8655244234498281E-004
  0.17999999999999999        4.8636713173963426E-004
  0.19000000000000000        4.8621006627926446E-004
  0.20000000000000001        4.8608185707273491E-004
  0.20999999999999999        4.8598300292386129E-004
  0.22000000000000000        4.8591388843343558E-004
  0.23000000000000001        4.8587478253622318E-004
  0.23999999999999999        4.8586583747669767E-004
  0.25000000000000000        4.8588708822886064E-004
  0.26000000000000001        4.8593845236045817E-004
  0.27000000000000002        4.8601973034194114E-004
  0.28000000000000003        4.8613060630175190E-004
  0.28999999999999998        4.8627064922196294E-004
  0.29999999999999999        4.8643931457258420E-004
  0.31000000000000000        4.8663594637842432E-004
  0.32000000000000001        4.8685977971074581E-004
  0.33000000000000002        4.8710994359659420E-004
  0.34000000000000002        4.8738546433376367E-004
  0.35000000000000003        4.8768526920268669E-004
  0.35999999999999999        4.8800819055935156E-004
  0.37000000000000000        4.8835297029708818E-004
  0.38000000000000000        4.8871826466084182E-004
  0.39000000000000001        4.8910264939655969E-004
  0.40000000000000002        4.8950462521807911E-004
  0.41000000000000003        4.8992262357071173E-004
  0.41999999999999998        4.9035501267229642E-004
  0.42999999999999999        4.9080010380832826E-004
  0.44000000000000000        4.9125615785868557E-004
  0.45000000000000001        4.9172139203171837E-004
  0.46000000000000002        4.9219398678072531E-004
  0.47000000000000003        4.9267209287603357E-004
  0.47999999999999998        4.9315383860768446E-004
  0.48999999999999999        4.9363733708868314E-004
  0.50000000000000000        4.9412069363299611E-004
  0.51000000000000001        4.9460201317810121E-004
  0.52000000000000002        4.9507940772410908E-004
  0.53000000000000003        4.9555100375940620E-004
  0.54000000000000004        4.9601494964284789E-004
  0.55000000000000004        4.9646942291541106E-004
  0.56000000000000005        4.9691263750758022E-004
  0.57000000000000006        4.9734285081766698E-004
  0.57999999999999996        4.9775837062923157E-004
  0.58999999999999997        4.9815756183942583E-004
  0.59999999999999998        4.9853885297188234E-004
  0.60999999999999999        4.9890074244540478E-004
  0.62000000000000000        4.9924180457264916E-004
  0.63000000000000000        4.9956069526400438E-004
  0.64000000000000001        4.9985615741172040E-004
  0.65000000000000002        5.0012702593189243E-004
  0.66000000000000003        5.0037223244249398E-004
  0.67000000000000004        5.0059080955785595E-004
  0.68000000000000005        5.0078189477968692E-004
  0.69000000000000006        5.0094473396976487E-004
  0.70000000000000007        5.0107868438813738E-004
  0.70999999999999996        5.0118321728314600E-004
  0.71999999999999997        5.0125792002318954E-004
  0.72999999999999998        5.0130249776032614E-004
  0.73999999999999999        5.0131677461851118E-004
  0.75000000000000000        5.0130069440086958E-004
  0.76000000000000001        5.0125432081417787E-004
  0.77000000000000002        5.0117783720844374E-004
  0.78000000000000003        5.0107154583265269E-004
  0.79000000000000004        5.0093586661150173E-004
  0.80000000000000004        5.0077133544661645E-004
  0.81000000000000005        5.0057860205136309E-004
  0.82000000000000006        5.0035842732752309E-004
  0.83000000000000007        5.0011168029584496E-004
  0.83999999999999997        4.9983933459444457E-004
  0.84999999999999998        4.9954246455917364E-004
  0.85999999999999999        4.9922224090337864E-004
  0.87000000000000000        4.9887992601627606E-004
  0.88000000000000000        4.9851686889925090E-004
  0.89000000000000001        4.9813449976209565E-004
  0.90000000000000002        4.9773432430325244E-004
  0.91000000000000003        4.9731791769531139E-004
  0.92000000000000004        4.9688691830552102E-004
  0.93000000000000005        4.9644302117306466E-004
  0.94000000000000006        4.9598797127328503E-004
  0.95000000000000007        4.9552355659600864E-004
  0.95999999999999996        4.9505160106558070E-004
  0.96999999999999997        4.9457395733239228E-004
  0.97999999999999998        4.9409249946465097E-004
  0.98999999999999999        4.9360911556992234E-004
   1.0000000000000000        4.9312570037586675E-004
   1.0100000000000000        4.9264414779984830E-004
   1.0200000000000000        4.9216634353593043E-004
   1.0300000000000000        4.9169415768851273E-004
   1.0400000000000000        4.9122943748176439E-004
   1.0500000000000000        4.9077400007149666E-004
   1.0600000000000001        4.9032962548809585E-004
   1.0700000000000001        4.8989804973616777E-004
   1.0800000000000001        4.8948095807761609E-004
   1.0900000000000001        4.8907997852289196E-004
   1.1000000000000001        4.8869667555308336E-004
   1.1100000000000001        4.8833254409869228E-004
   1.1200000000000001        4.8798900379424728E-004
   1.1300000000000001        4.8766739353027987E-004
   1.1400000000000001        4.8736896632363023E-004
   1.1500000000000001        4.8709488452227664E-004
   1.1599999999999999        4.8684621536229102E-004
   1.1699999999999999        4.8662392689427026E-004
   1.1799999999999999        4.8642888429050585E-004
   1.1899999999999999        4.8626184654824523E-004
   1.2000000000000000        4.8612346359991874E-004
   1.2100000000000000        4.8601427383860121E-004
   1.2200000000000000        4.8593470207055885E-004
   1.2300000000000000        4.8588505789873049E-004
   1.2400000000000000        4.8586553454466942E-004
   1.2500000000000000        4.8587620811191940E-004
   1.2600000000000000        4.8591703729471749E-004
   1.2700000000000000        4.8598786353112384E-004
   1.2800000000000000        4.8608841160196928E-004
   1.2900000000000000        4.8621829067261885E-004
   1.3000000000000000        4.8637699577457429E-004
   1.3100000000000001        4.8656390972057846E-004
   1.3200000000000001        4.8677830544932875E-004
   1.3300000000000001        4.8701934878854844E-004
   1.3400000000000001        4.8728610163004712E-004
   1.3500000000000001        4.8757752550312235E-004
   1.3600000000000001        4.8789248553577491E-004
   1.3700000000000001        4.8822975478908596E-004
   1.3800000000000001        4.8858801894994120E-004
   1.3900000000000001        4.8896588136462847E-004
   1.4000000000000001        4.8936186839664778E-004
   1.4099999999999999        4.8977443508943378E-004
   1.4199999999999999        4.9020197111143335E-004
   1.4299999999999999        4.9064280696593039E-004
   1.4399999999999999        4.9109522043833424E-004
   1.4500000000000000        4.9155744326113569E-004
   1.4600000000000000        4.9202766796899037E-004
   1.4700000000000000        4.9250405491963140E-004
   1.4800000000000000        4.9298473945346669E-004
   1.4900000000000000        4.9346783916498602E-004
   1.5000000000000000        4.9395146125773780E-004
   1.5100000000000000        4.9443370995494982E-004
   1.5200000000000000        4.9491269393553579E-004
   1.5300000000000000        4.9538653376802045E-004
   1.5400000000000000        4.9585336931170761E-004
   1.5500000000000000        4.9631136705588464E-004
   1.5600000000000001        4.9675872736741730E-004
   1.5700000000000001        4.9719369161754052E-004
   1.5800000000000001        4.9761454915864430E-004
   1.5900000000000001        4.9801964412283834E-004
   1.6000000000000001        4.9840738201251643E-004
   1.6100000000000001        4.9877623605824406E-004
   1.6200000000000001        4.9912475331499923E-004
   1.6300000000000001        4.9945156047154714E-004
   1.6400000000000001        4.9975536935023741E-004
   1.6500000000000001        5.0003498207060464E-004
   1.6600000000000001        5.0028929585785558E-004
   1.6699999999999999        5.0051730747328730E-004
   1.6799999999999999        5.0071811724937930E-004
   1.6899999999999999        5.0089093271041035E-004
   1.7000000000000000        5.0103507176481061E-004
   1.7100000000000000        5.0114996545308477E-004
   1.7200000000000000        5.0123516024202217E-004
   1.7300000000000000        5.0129031985286202E-004
   1.7400000000000000        5.0131522661678329E-004
   1.7500000000000000        5.0130978235115849E-004
   1.7600000000000000        5.0127400875372226E-004
   1.7700000000000000        5.0120804731167764E-004
   1.7800000000000000        5.0111215872655529E-004
   1.7900000000000000        5.0098672185911494E-004
   1.8000000000000000        5.0083223219541458E-004
   1.8100000000000001        5.0064929984482782E-004
   1.8200000000000001        5.0043864707552757E-004
   1.8300000000000001        5.0020110540036728E-004
   1.8400000000000001        4.9993761222492396E-004
   1.8500000000000001        4.9964920707211229E-004
   1.8600000000000001        4.9933702740066928E-004
   1.8700000000000001        4.9900230403515297E-004
   1.8800000000000001        4.9864635622612786E-004
   1.8900000000000001        4.9827058636348087E-004
   1.9000000000000001        4.9787647436437077E-004
   1.9100000000000001        4.9746557175963204E-004
   1.9199999999999999        4.9703949550357861E-004
   1.9299999999999999        4.9659992153381651E-004
   1.9399999999999999        4.9614857810716465E-004
   1.9500000000000000        4.9568723893939461E-004
   1.9600000000000000        4.9521771617798524E-004
   1.9700000000000000        4.9474185323499268E-004
   1.9800000000000000        4.9426151751053601E-004
   1.9900000000000000        4.9377859303575424E-004
   2.0000000000000000        4.9329497306449240E-004
   2.0100000000000002        4.9281255264309331E-004
   2.0200000000000000        4.9233322118840545E-004
   2.0300000000000002        4.9185885510168420E-004
   2.0400000000000000        4.9139131044814374E-004
   2.0499999999999998        4.9093241572995266E-004
   2.0600000000000001        4.9048396478014054E-004
   2.0699999999999998        4.9004770980418772E-004
   2.0800000000000001        4.8962535459612562E-004
   2.0899999999999999        4.8921854795389041E-004
   2.1000000000000001        4.8882887731821142E-004
   2.1099999999999999        4.8845786265836800E-004
   2.1200000000000001        4.8810695062812470E-004
   2.1299999999999999        4.8777750901105331E-004
   2.1400000000000001        4.8747082147732328E-004
   2.1499999999999999        4.8718808266887771E-004
   2.1600000000000001        4.8693039363197185E-004
   2.1699999999999999        4.8669875761162728E-004
   2.1800000000000002        4.8649407622412030E-004
   2.1899999999999999        4.8631714602022304E-004
   2.2000000000000002        4.8616865545166878E-004
   2.2100000000000000        4.8604918224957145E-004
   2.2200000000000002        4.8595919122716843E-004
   2.2300000000000000        4.8589903251093506E-004
   2.2400000000000002        4.8586894020891087E-004
   2.2500000000000000        4.8586903151838864E-004
   2.2600000000000002        4.8589930627899379E-004
   2.2700000000000000        4.8595964696978981E-004
   2.2800000000000002        4.8604981915205490E-004
   2.2900000000000000        4.8616947235670480E-004
   2.3000000000000003        4.8631814141131323E-004
   2.3100000000000001        4.8649524820494096E-004
   2.3199999999999998        4.8670010388285134E-004
   2.3300000000000001        4.8693191146370867E-004
   2.3399999999999999        4.8718976887175648E-004
   2.3500000000000001        4.8747267237179173E-004
   2.3599999999999999        4.8777952039617437E-004
   2.3700000000000001        4.8810911775021222E-004
   2.3799999999999999        4.8846018018059269E-004
   2.3900000000000001        4.8883133929196411E-004
   2.3999999999999999        4.8922114779328648E-004
   2.4100000000000001        4.8962808505579269E-004
   2.4199999999999999        4.9005056296151455E-004
   2.4300000000000002        4.9048693202314946E-004
   2.4399999999999999        4.9093548775030506E-004
   2.4500000000000002        4.9139447724142718E-004
   2.4600000000000000        4.9186210597482551E-004
   2.4700000000000002        4.9233654477482390E-004
   2.4800000000000000        4.9281593692520774E-004
   2.4900000000000002        4.9329840540537873E-004
   2.5000000000000000        4.9378206021874287E-004
   2.5100000000000002        4.9426500578718207E-004
   2.5200000000000000        4.9474534838143209E-004
   2.5300000000000002        4.9522120355937076E-004
   2.5400000000000000        4.9569070358192950E-004
   2.5500000000000003        4.9615200477690254E-004
   2.5600000000000001        4.9660329482279690E-004
   2.5699999999999998        4.9704279992056951E-004
   2.5800000000000001        4.9746879182677119E-004
   2.5899999999999999        4.9787959471723716E-004
   2.6000000000000001        4.9827359185450185E-004
   2.6099999999999999        4.9864923202945781E-004
   2.6200000000000001        4.9900503575266120E-004
   2.6299999999999999        4.9933960116726431E-004
   2.6400000000000001        4.9965160965938118E-004
   2.6499999999999999        4.9993983114283514E-004
   2.6600000000000001        5.0020312899394970E-004
   2.6699999999999999        5.0044046461693932E-004
   2.6800000000000002        5.0065090161938619E-004
   2.6899999999999999        5.0083360958032069E-004
   2.7000000000000002        5.0098786739377339E-004
   2.7100000000000000        5.0111306617474144E-004
   2.7200000000000002        5.0120871171256882E-004
   2.7300000000000000        5.0127442646410048E-004
   2.7400000000000002        5.0130995107545485E-004
   2.7500000000000000        5.0131514542667776E-004
   2.7600000000000002        5.0128998919529320E-004
   2.7700000000000000        5.0123458193490665E-004
   2.7800000000000002        5.0114914267041736E-004
   2.7900000000000000        5.0103400900970848E-004
   2.8000000000000003        5.0088963577789953E-004
   2.8100000000000001        5.0071659317728584E-004
   2.8199999999999998        5.0051556448495811E-004
   2.8300000000000001        5.0028734329375505E-004
   2.8399999999999999        5.0003283031312227E-004
   2.8500000000000001        4.9975302973962127E-004
   2.8599999999999999        4.9944904521608989E-004
   2.8700000000000001        4.9912207539569203E-004
   2.8799999999999999        4.9877340912874986E-004
   2.8900000000000001        4.9840442029610525E-004
   2.8999999999999999        4.9801656230762570E-004
   2.9100000000000001        4.9761136229159680E-004
   2.9199999999999999        4.9719041499873666E-004
   2.9300000000000002        4.9675537644670040E-004
   2.9399999999999999        4.9630795733084251E-004
   2.9500000000000002        4.9584991623017498E-004
   2.9600000000000000        4.9538305263500189E-004
   2.9700000000000002        4.9490919982536337E-004
   2.9800000000000000        4.9443021762984158E-004
   2.9900000000000002        4.9394798509324169E-004
   3.0000000000000000        4.9346439308292514E-004
   3.0100000000000002        4.9298133686281127E-004
   3.0200000000000000        4.9250070866538786E-004
   3.0300000000000002        4.9202439028971253E-004
   3.0400000000000000        4.9155424575456259E-004
   3.0500000000000003        4.9109211403573229E-004
   3.0600000000000001        4.9063980191408512E-004
   3.0700000000000003        4.9019907696292028E-004
   3.0800000000000001        4.8977166069993732E-004
   3.0899999999999999        4.8935922192926465E-004
   3.1000000000000001        4.8896337030007427E-004
   3.1099999999999999        4.8858565010314247E-004
   3.1200000000000001        4.8822753432896024E-004
   3.1299999999999999        4.8789041901030778E-004
   3.1400000000000001        4.8757561786722350E-004
   3.1499999999999999        4.8728435727474862E-004
   3.1600000000000001        4.8701777157256844E-004
   3.1699999999999999        4.8677689872997766E-004
   3.1800000000000002        4.8656267638550528E-004
   3.1899999999999999        4.8637593827087808E-004
   3.2000000000000002        4.8621741103489172E-004
   3.2100000000000000        4.8608771147711622E-004
   3.2200000000000002        4.8598734420051407E-004
   3.2300000000000000        4.8591669969142250E-004
   3.2400000000000002        4.8587605283459368E-004
   3.2500000000000000        4.8586556186661561E-004
   3.2600000000000002        4.8588526777210205E-004
   3.2700000000000000        4.8593509412515185E-004
   3.2800000000000002        4.8601484737687217E-004
   3.2900000000000000        4.8612421758614587E-004
   3.3000000000000003        4.8626277959407164E-004
   3.3100000000000001        4.8642999463506444E-004
   3.3200000000000003        4.8662521238253818E-004
   3.3300000000000001        4.8684767341826890E-004
   3.3399999999999999        4.8709651212110812E-004
   3.3500000000000001        4.8737075996118181E-004
   3.3599999999999999        4.8766934919186383E-004
   3.3700000000000001        4.8799111692335420E-004
   3.3799999999999999        4.8833480956616008E-004
   3.3900000000000001        4.8869908762762563E-004
   3.3999999999999999        4.8908253084474040E-004
   3.4100000000000001        4.8948364363485763E-004
   3.4199999999999999        4.8990086084508091E-004
   3.4300000000000002        4.9033255377930335E-004
   3.4399999999999999        4.9077703648106206E-004
   3.4500000000000002        4.9123257224861945E-004
   3.4600000000000000        4.9169738035972541E-004
   3.4700000000000002        4.9216964297869891E-004
   3.4800000000000000        4.9264751222157606E-004
   3.4900000000000002        4.9312911735247846E-004
   3.5000000000000000        4.9361257208291711E-004
   3.5100000000000002        4.9409598194583709E-004
   3.5200000000000000        4.9457745171767840E-004
   3.5300000000000002        4.9505509285627529E-004
   3.5400000000000000        4.9552703092833623E-004
   3.5500000000000003        4.9599141299511412E-004
   3.5600000000000001        4.9644641492733945E-004
   3.5700000000000003        4.9689024861942989E-004
   3.5800000000000001        4.9732116907508488E-004
   3.5899999999999999        4.9773748133294382E-004
   3.6000000000000001        4.9813754720659325E-004
   3.6099999999999999        4.9851979180765287E-004
   3.6200000000000001        4.9888270982871314E-004
   3.6299999999999999        4.9922487155593413E-004
   3.6400000000000001        4.9954492858879981E-004
   3.6499999999999999        4.9984161924102564E-004
   3.6600000000000001        5.0011377360098075E-004
   3.6699999999999999        5.0036031822847096E-004
   3.6800000000000002        5.0058028046919890E-004
   3.6899999999999999        5.0077279236727403E-004
   3.7000000000000002        5.0093709415979153E-004
   3.7100000000000000        5.0107253733680654E-004
   3.7200000000000002        5.0117858725556744E-004
   3.7300000000000000        5.0125482529530933E-004
   3.7400000000000002        5.0130095054527128E-004
   3.7500000000000000        5.0131678101758949E-004
   3.7600000000000002        5.0130225437883540E-004
   3.7700000000000000        5.0125742819981704E-004
   3.7800000000000002        5.0118247971916541E-004
   3.7900000000000000        5.0107770512470033E-004
   3.8000000000000003        5.0094351835406866E-004
   3.8100000000000001        5.0078044942034050E-004
   3.8200000000000003        5.0058914226993689E-004
   3.8300000000000001        5.0037035218337945E-004
   3.8399999999999999        5.0012494272794303E-004
   3.8500000000000001        4.9985388227742774E-004
   3.8599999999999999        4.9955824011424586E-004
   3.8700000000000001        4.9923918212882717E-004
   3.8799999999999999        4.9889796613697250E-004
   3.8900000000000001        4.9853593683446421E-004
   3.8999999999999999        4.9815452041021178E-004
   3.9100000000000001        4.9775521884150385E-004
   3.9199999999999999        4.9733960389492676E-004
   3.9300000000000002        4.9690931085869265E-004
   3.9399999999999999        4.9646603203255682E-004
   3.9500000000000002        4.9601151000226902E-004
   3.9600000000000000        4.9554753072633348E-004
   3.9700000000000002        4.9507591646340385E-004
   3.9800000000000000        4.9459851857009513E-004
   3.9900000000000002        4.9411721019681565E-004
   4.0000000000000000        4.9363387891225975E-004
   4.0099999999999998        4.9315041928603268E-004
   4.0200000000000005        4.9266872545694043E-004
   4.0300000000000002        4.9219068371943034E-004
   4.0400000000000000        4.9171816515409356E-004
   4.0499999999999998        4.9125301833191420E-004
   4.0600000000000005        4.9079706212041782E-004
   4.0700000000000003        4.9035207861993716E-004
   4.0800000000000001        4.8991980625352836E-004
   4.0899999999999999        4.8950193304098176E-004
   4.0999999999999996        4.8910009007787367E-004
   4.1100000000000003        4.8871584524646443E-004
   4.1200000000000001        4.8835069717978669E-004
   4.1299999999999999        4.8800606950180159E-004
   4.1399999999999997        4.8768330536422077E-004
   4.1500000000000004        4.8738366229958424E-004
   4.1600000000000001        4.8710830740817388E-004
   4.1699999999999999        4.8685831289772754E-004
   4.1799999999999997        4.8663465198942008E-004
   4.1900000000000004        4.8643819520589150E-004
   4.2000000000000002        4.8626970705359851E-004
   4.2100000000000000        4.8612984311190025E-004
   4.2199999999999998        4.8601914753773883E-004
   4.2300000000000004        4.8593805099508087E-004
   4.2400000000000002        4.8588686901720801E-004
   4.2500000000000000        4.8586580080523141E-004
   4.2599999999999998        4.8587492846935258E-004
   4.2700000000000005        4.8591421671457261E-004
   4.2800000000000002        4.8598351297090913E-004
   4.2900000000000000        4.8608254796994778E-004
   4.2999999999999998        4.8621093676375657E-004
   4.3100000000000005        4.8636818018358370E-004
   4.3200000000000003        4.8655366673421507E-004
   4.3300000000000001        4.8676667491546550E-004
   4.3399999999999999        4.8700637596495866E-004
   4.3500000000000005        4.8727183701194955E-004
   4.3600000000000003        4.8756202463060201E-004
   4.3700000000000001        4.8787580878219831E-004
   4.3799999999999999        4.8821196713003307E-004
   4.3899999999999997        4.8856918971453022E-004
   4.4000000000000004        4.8894608396998752E-004
   4.4100000000000001        4.8934118006602385E-004
   4.4199999999999999        4.8975293655492301E-004
   4.4299999999999997        4.9017974630357220E-004
   4.4400000000000004        4.9061994268931254E-004
   4.4500000000000002        4.9107180603645431E-004
   4.4600000000000000        4.9153357027015960E-004
   4.4699999999999998        4.9200342976234482E-004
   4.4800000000000004        4.9247954634542115E-004
   4.4900000000000002        4.9296005646467167E-004
   4.5000000000000000        4.9344307844505686E-004
   4.5099999999999998        4.9392671984250136E-004
   4.5200000000000005        4.9440908485233557E-004
   4.5300000000000002        4.9488828174443049E-004
   4.5400000000000000        4.9536243029880121E-004
   4.5499999999999998        4.9582966920813556E-004
   4.5600000000000005        4.9628816342152252E-004
   4.5700000000000003        4.9673611139724907E-004
   4.5800000000000001        4.9717175223646607E-004
   4.5899999999999999        4.9759337266867972E-004
   4.6000000000000005        4.9799931385930015E-004
   4.6100000000000003        4.9838797801275464E-004
   4.6200000000000001        4.9875783474165596E-004
   4.6299999999999999        4.9910742717807453E-004
   4.6399999999999997        4.9943537779783360E-004
   4.6500000000000004        4.9974039393624954E-004
   4.6600000000000001        5.0002127297062052E-004
   4.6699999999999999        5.0027690714616354E-004
   4.6799999999999997        5.0050628802718756E-004
   4.6900000000000004        5.0070851055226094E-004
   4.7000000000000002        5.0088277667693784E-004
   4.7100000000000000        5.0102839858802363E-004
   4.7199999999999998        5.0114480147470054E-004
   4.7300000000000004        5.0123152584622549E-004
   4.7400000000000002        5.0128822938403240E-004
   4.7500000000000000        5.0131468832184754E-004
   4.7599999999999998        5.0131079834644986E-004
   4.7700000000000005        5.0127657501627487E-004
   4.7800000000000002        5.0121215369589402E-004
   4.7900000000000000        5.0111778900560362E-004
   4.7999999999999998        5.0099385378979671E-004
   4.8100000000000005        5.0084083760914297E-004
   4.8200000000000003        5.0065934476056046E-004
   4.8300000000000001        5.0045009183753827E-004
   4.8399999999999999        5.0021390483808695E-004
   4.8500000000000005        4.9995171583459093E-004
   4.8600000000000003        4.9966455922032806E-004
   4.8700000000000001        4.9935356754836444E-004
   4.8799999999999999        4.9901996698004287E-004
   4.8899999999999997        4.9866507236457107E-004
   4.9000000000000004        4.9829028196953222E-004
   4.9100000000000001        4.9789707188406377E-004
   4.9199999999999999        4.9748699012077953E-004
   4.9299999999999997        4.9706165043933155E-004
   4.9400000000000004        4.9662272591760863E-004
   4.9500000000000002        4.9617194229917185E-004
   4.9600000000000000        4.9571107114178802E-004
   4.9699999999999998        4.9524192279849842E-004
   4.9800000000000004        4.9476633925685698E-004
   4.9900000000000002        4.9428618686677903E-004
   5.0000000000000000        4.9380334898795259E-004
   5.0099999999999998        4.9331971858210895E-004
   5.0200000000000005        4.9283719078447880E-004
   5.0300000000000002        4.9235765547985672E-004
   5.0400000000000000        4.9188298991426418E-004
   5.0499999999999998        4.9141505137039409E-004
   5.0600000000000005        4.9095566993537243E-004
   5.0700000000000003        4.9050664138735472E-004
   5.0800000000000001        4.9006972022918314E-004
   5.0899999999999999        4.8964661289511849E-004
   5.1000000000000005        4.8923897115506839E-004
   5.1100000000000003        4.8884838574131167E-004
   5.1200000000000001        4.8847638022202189E-004
   5.1299999999999999        4.8812440514144848E-004
   5.1399999999999997        4.8779383245106612E-004
   5.1500000000000004        4.8748595024933171E-004
   5.1600000000000001        4.8720195784994935E-004
   5.1699999999999999        4.8694296119581205E-004
   5.1799999999999997        4.8670996863522345E-004
   5.1900000000000004        4.8650388707409409E-004
   5.2000000000000002        4.8632551851902602E-004
   5.2100000000000000        4.8617555702302139E-004
   5.2199999999999998        4.8605458604241694E-004
   5.2300000000000004        4.8596307621800961E-004
   5.2400000000000002        4.8590138358350508E-004
   5.2500000000000000        4.8586974821159245E-004
   5.2599999999999998        4.8586829329985443E-004
   5.2700000000000005        4.8589702469964110E-004
   5.2800000000000002        4.8595583089100562E-004
   5.2900000000000000        4.8604448340318606E-004
   5.2999999999999998        4.8616263767859206E-004
   5.3100000000000005        4.8630983437781986E-004
   5.3200000000000003        4.8648550112207557E-004
   5.3300000000000001        4.8668895466595738E-004
   5.3399999999999999        4.8691940349344053E-004
   5.3500000000000005        4.8717595082907884E-004
   5.3600000000000003        4.8745759805224803E-004
   5.3700000000000001        4.8776324850495430E-004
   5.3799999999999999        4.8809171167756303E-004
   5.3899999999999997        4.8844170775952703E-004
   5.4000000000000004        4.8881187253847834E-004
   5.4100000000000001        4.8920076263008947E-004
   5.4199999999999999        4.8960686102019217E-004
   5.4299999999999997        4.9002858289952183E-004
   5.4400000000000004        4.9046428176993423E-004
   5.4500000000000002        4.9091225579853787E-004
   5.4600000000000000        4.9137075439880480E-004
   5.4699999999999998        4.9183798501217920E-004
   5.4800000000000004        4.9231212006524395E-004
   5.4900000000000002        4.9279130407691254E-004
   5.5000000000000000        4.9327366088874295E-004
   5.5099999999999998        4.9375730098931675E-004
   5.5200000000000005        4.9424032890591559E-004
   5.5300000000000002        4.9472085063401476E-004
   5.5400000000000000        4.9519698107561435E-004
   5.5499999999999998        4.9566685145702822E-004
   5.5600000000000005        4.9612861669643782E-004
   5.5700000000000003        4.9658046269185352E-004
   5.5800000000000001        4.9702061350031103E-004
   5.5899999999999999        4.9744733837774058E-004
   5.6000000000000005        4.9785895865273445E-004
   5.6100000000000003        4.9825385440443667E-004
   5.6200000000000001        4.9863047091653267E-004
   5.6299999999999999        4.9898732488173935E-004
   5.6399999999999997        4.9932301033008670E-004
   5.6500000000000004        4.9963620425489807E-004
   5.6600000000000001        4.9992567191485039E-004
   5.6699999999999999        5.0019027178745048E-004
   5.6799999999999997        5.0042896015363198E-004
   5.6900000000000004        5.0064079529391374E-004
   5.7000000000000002        5.0082494127708034E-004
   5.7100000000000000        5.0098067132673676E-004
   5.7199999999999998        5.0110737074900245E-004
   5.7300000000000004        5.0120453941049662E-004
   5.7400000000000002        5.0127179375430422E-004
   5.7500000000000000        5.0130886834649259E-004
   5.7599999999999998        5.0131561694513236E-004
   5.7700000000000005        5.0129201308881646E-004
   5.7800000000000002        5.0123815019988951E-004
   5.7900000000000000        5.0115424120451976E-004
   5.7999999999999998        5.0104061766902239E-004
   5.8100000000000005        5.0089772845824483E-004
   5.8200000000000003        5.0072613791993876E-004
   5.8300000000000001        5.0052652360554081E-004
   5.8399999999999999        5.0029967353440192E-004
   5.8500000000000005        5.0004648301682584E-004
   5.8600000000000003        4.9976795104595371E-004
   5.8700000000000001        4.9946517627818198E-004
   5.8799999999999999        4.9913935261631137E-004
   5.8899999999999997        4.9879176441588308E-004
   5.9000000000000004        4.9842378133538312E-004
   5.9100000000000001        4.9803685285167902E-004
   5.9199999999999999        4.9763250246508941E-004
   5.9299999999999997        4.9721232161672384E-004
   5.9400000000000004        4.9677796334564675E-004
   5.9500000000000002        4.9633113571164909E-004
   5.9600000000000000        4.9587359501024515E-004
   5.9699999999999998        4.9540713880891359E-004
   5.9800000000000004        4.9493359883311799E-004
   5.9900000000000002        4.9445483372957449E-004
   6.0000000000000000        4.9397272173847353E-004
   6.0099999999999998        4.9348915330223132E-004
   6.0200000000000005        4.9300602364017591E-004
   6.0300000000000002        4.9252522532014379E-004
   6.0400000000000000        4.9204864085428427E-004
   6.0499999999999998        4.9157813534865535E-004
   6.0600000000000005        4.9111554923613636E-004
   6.0700000000000003        4.9066269111732808E-004
   6.0800000000000001        4.9022133074046583E-004
   6.0899999999999999        4.8979319214450352E-004
   6.1000000000000005        4.8937994699064309E-004
   6.1100000000000003        4.8898320810913639E-004
   6.1200000000000001        4.8860452328338343E-004
   6.1299999999999999        4.8824536929395381E-004
   6.1400000000000006        4.8790714624614799E-004
   6.1500000000000004        4.8759117219884167E-004
   6.1600000000000001        4.8729867811569180E-004
   6.1699999999999999        4.8703080315639572E-004
   6.1799999999999997        4.8678859032330889E-004
   6.1900000000000004        4.8657298248138260E-004
   6.2000000000000002        4.8638481876235210E-004
   6.2100000000000000        4.8622483136795202E-004
   6.2199999999999998        4.8609364278190805E-004
   6.2300000000000004        4.8599176340099071E-004
   6.2400000000000002        4.8591958959395170E-004
   6.2500000000000000        4.8587740219256610E-004
   6.2599999999999998        4.8586536542355311E-004
   6.2700000000000005        4.8588352628170886E-004
   6.2800000000000002        4.8593181434905915E-004
   6.2900000000000000        4.8601004205839696E-004
   6.2999999999999998        4.8611790540254086E-004
   6.3100000000000005        4.8625498508560953E-004
   6.3200000000000003        4.8642074811208443E-004
   6.3300000000000001        4.8661454981018584E-004
   6.3399999999999999        4.8683563628008485E-004
   6.3500000000000005        4.8708314726075255E-004
   6.3600000000000003        4.8735611940442796E-004
   6.3700000000000001        4.8765348994811821E-004
   6.3799999999999999        4.8797410076780492E-004
   6.3900000000000006        4.8831670280400882E-004
   6.4000000000000004        4.8867996083972831E-004
   6.4100000000000001        4.8906245861725644E-004
   6.4199999999999999        4.8946270427276356E-004
   6.4299999999999997        4.8987913607063233E-004
   6.4400000000000004        4.9031012841753343E-004
   6.4500000000000002        4.9075399813173744E-004
   6.4600000000000000        4.9120901094808103E-004
   6.4699999999999998        4.9167338823151896E-004
   6.4800000000000004        4.9214531387572894E-004
   6.4900000000000002        4.9262294136161882E-004
   6.5000000000000000        4.9310440094658904E-004
   6.5099999999999998        4.9358780695959070E-004
   6.5200000000000005        4.9407126517261640E-004
   6.5300000000000002        4.9455288021994315E-004
   6.5400000000000000        4.9503076303695993E-004
   6.5499999999999998        4.9550303828801285E-004
   6.5600000000000005        4.9596785175567808E-004
   6.5700000000000003        4.9642337765958000E-004
   6.5800000000000001        4.9686782587673984E-004
   6.5899999999999999        4.9729944903412378E-004
   6.6000000000000005        4.9771654944369295E-004
   6.6100000000000003        4.9811748585181783E-004
   6.6200000000000001        4.9850067997509948E-004
   6.6299999999999999        4.9886462279533962E-004
   6.6400000000000006        4.9920788058740919E-004
   6.6500000000000004        4.9952910065390271E-004
   6.6600000000000001        4.9982701674352301E-004
   6.6699999999999999        5.0010045412907491E-004
   6.6799999999999997        5.0034833432323659E-004
   6.6900000000000004        5.0056967941376871E-004
   6.7000000000000002        5.0076361599637261E-004
   6.7100000000000000        5.0092937869097528E-004
   6.7199999999999998        5.0106631322503336E-004
   6.7300000000000004        5.0117387906992140E-004
   6.7400000000000002        5.0125165162041917E-004
   6.7500000000000000        5.0129932390629325E-004
   6.7599999999999998        5.0131670782924782E-004
   6.7700000000000005        5.0130373492037351E-004
   6.7800000000000002        5.0126045661348520E-004
   6.7900000000000000        5.0118704403448629E-004
   6.7999999999999998        5.0108378730667736E-004
   6.8100000000000005        5.0095109437616034E-004
   6.8200000000000003        5.0078948936164958E-004
   6.8300000000000001        5.0059961043642765E-004
   6.8399999999999999        5.0038220725126059E-004
   6.8500000000000005        5.0013813791074436E-004
   6.8600000000000003        4.9986836551453324E-004
   6.8700000000000001        4.9957395428016184E-004
   6.8799999999999999        4.9925606526258885E-004
   6.8900000000000006        4.9891595169137713E-004
   6.9000000000000004        4.9855495394259377E-004
   6.9100000000000001        4.9817449416895900E-004
   6.9199999999999999        4.9777607061109576E-004
   6.9299999999999997        4.9736125161296374E-004
   6.9400000000000004        4.9693166936697725E-004
   6.9500000000000002        4.9648901341585558E-004
   6.9600000000000000        4.9603502393745817E-004
   6.9699999999999998        4.9557148484022590E-004
   6.9800000000000004        4.9510021669848180E-004
   6.9900000000000002        4.9462306955582228E-004
   7.0000000000000000        4.9414191562559989E-004
   7.0099999999999998        4.9365864191847357E-004
   7.0200000000000005        4.9317514282565917E-004
   7.0300000000000002        4.9269331268881093E-004
   7.0400000000000000        4.9221503838334007E-004
   7.0499999999999998        4.9174219194639214E-004
   7.0600000000000005        4.9127662327714617E-004
   7.0700000000000003        4.9082015293677012E-004
   7.0800000000000001        4.9037456507662234E-004
   7.0899999999999999        4.8994160052122870E-004
   7.1000000000000005        4.8952295003076070E-004
   7.1100000000000003        4.8912024776995202E-004
   7.1200000000000001        4.8873506500595365E-004
   7.1299999999999999        4.8836890405919479E-004
   7.1400000000000006        4.8802319252897266E-004
   7.1500000000000004        4.8769927781467076E-004
   7.1600000000000001        4.8739842195159833E-004
   7.1699999999999999        4.8712179678131321E-004
   7.1799999999999997        4.8687047947187847E-004
   7.1900000000000004        4.8664544840552458E-004
   7.2000000000000002        4.8644757944647299E-004
   7.2100000000000000        4.8627764260268094E-004
   7.2199999999999998        4.8613629909435288E-004
   7.2300000000000004        4.8602409883634931E-004
   7.2400000000000002        4.8594147834653148E-004
   7.2500000000000000        4.8588875908483250E-004
   7.2599999999999998        4.8586614623005709E-004
   7.2700000000000005        4.8587372789860554E-004
   7.2800000000000002        4.8591147480619973E-004
   7.2900000000000000        4.8597924037652374E-004
   7.2999999999999998        4.8607676129461106E-004
   7.3100000000000005        4.8620365850282268E-004
   7.3200000000000003        4.8635943863757614E-004
   7.3300000000000001        4.8654349590125987E-004
   7.3399999999999999        4.8675511436218098E-004
   7.3500000000000005        4.8699347067622870E-004
   7.3600000000000003        4.8725763721936170E-004
   7.3700000000000001        4.8754658562117660E-004
   7.3799999999999999        4.8785919068705208E-004
   7.3900000000000006        4.8819423469502547E-004
   7.4000000000000004        4.8855041205242053E-004
   7.4100000000000001        4.8892633429517963E-004
   7.4199999999999999        4.8932053541394084E-004
   7.4299999999999997        4.8973147748566416E-004
   7.4400000000000004        4.9015755659154864E-004
   7.4500000000000002        4.9059710900026168E-004
   7.4600000000000000        4.9104841759194258E-004
   7.4699999999999998        4.9150971850263315E-004
   7.4800000000000004        4.9197920796020431E-004
   7.4900000000000002        4.9245504928994033E-004
   7.5000000000000000        4.9293538006141106E-004
   7.5099999999999998        4.9341831934920997E-004
   7.5200000000000005        4.9390197508123541E-004
   7.5300000000000002        4.9438445144389805E-004
   7.5400000000000000        4.9486385631837375E-004
   7.5499999999999998        4.9533830871480384E-004
   7.5600000000000005        4.9580594617881020E-004
   7.5700000000000003        4.9626493213830378E-004
   7.5800000000000001        4.9671346316163228E-004
   7.5899999999999999        4.9714977609830553E-004
   7.6000000000000005        4.9757215507252248E-004
   7.6100000000000003        4.9797893830061499E-004
   7.6200000000000001        4.9836852470554172E-004
   7.6299999999999999        4.9873938029818335E-004
   7.6400000000000006        4.9909004430284567E-004
   7.6500000000000004        4.9941913499668361E-004
   7.6600000000000001        4.9972535524204077E-004
   7.6699999999999999        5.0000749768603866E-004
   7.6799999999999997        5.0026444960605090E-004
   7.6900000000000004        5.0049519737970709E-004
   7.7000000000000002        5.0069883056162810E-004
   7.7100000000000000        5.0087454554672531E-004
   7.7199999999999998        5.0102164880746407E-004
   7.7300000000000004        5.0113955968789938E-004
   7.7400000000000002        5.0122781274461773E-004
   7.7500000000000000        5.0128605962280277E-004
   7.7599999999999998        5.0131407046103327E-004
   7.7700000000000005        5.0131173481652420E-004
   7.7800000000000002        5.0127906210859917E-004
   7.7900000000000000        5.0121618157753889E-004
   7.7999999999999998        5.0112334175933635E-004
   7.8100000000000005        5.0100090947885131E-004
   7.8200000000000003        5.0084936836539314E-004
   7.8300000000000001        5.0066931689768119E-004
   7.8399999999999999        5.0046146598656022E-004
   7.8500000000000005        5.0022663610618660E-004
   7.8600000000000003        4.9996575398657652E-004
   7.8700000000000001        4.9967984888018386E-004
   7.8799999999999999        4.9937004842217042E-004
   7.8900000000000006        4.9903757409826364E-004
   7.9000000000000004        4.9868373634242517E-004
   7.9100000000000001        4.9830992928469233E-004
   7.9199999999999999        4.9791762517127473E-004
   7.9300000000000006        4.9750836848035725E-004
   7.9400000000000004        4.9708376975976737E-004
   7.9500000000000002        4.9664549921056317E-004
   7.9600000000000000        4.9619528004474331E-004
   7.9699999999999998        4.9573488164408961E-004
   7.9800000000000004        4.9526611254814730E-004
   7.9900000000000002        4.9479081330073107E-004
   8.0000000000000000        4.9431084918277713E-004
   8.0099999999999998        4.9382810286248196E-004
   8.0199999999999996        4.9334446699060921E-004
   8.0299999999999994        4.9286183677147062E-004
   8.0400000000000009        4.9238210253841632E-004
   8.0500000000000007        4.9190714236314653E-004
   8.0600000000000005        4.9143881472711495E-004
   8.0700000000000003        4.9097895128319565E-004
   8.0800000000000001        4.9052934973662146E-004
   8.0899999999999999        4.9009176686999611E-004
   8.0999999999999996        4.8966791174035319E-004
   8.1099999999999994        4.8925943907270238E-004
   8.1200000000000010        4.8886794287545136E-004
   8.1300000000000008        4.8849495029953895E-004
   8.1400000000000006        4.8814191576546030E-004
   8.1500000000000004        4.8781021537861369E-004
   8.1600000000000001        4.8750114165316342E-004
   8.1699999999999999        4.8721589856220310E-004
   8.1799999999999997        4.8695559693447094E-004
   8.1899999999999995        4.8672125021128254E-004
   8.1999999999999993        4.8651377057906659E-004
   8.2100000000000009        4.8633396549251150E-004
   8.2200000000000006        4.8618253459855199E-004
   8.2300000000000004        4.8606006707345824E-004
   8.2400000000000002        4.8596703938026068E-004
   8.2500000000000000        4.8590381345684825E-004
   8.2599999999999998        4.8587063533829435E-004
   8.2699999999999996        4.8586763422068548E-004
   8.2799999999999994        4.8589482196702353E-004
   8.2900000000000009        4.8595209306010796E-004
   8.3000000000000007        4.8603922499895264E-004
   8.3100000000000005        4.8615587914079716E-004
   8.3200000000000003        4.8630160198404358E-004
   8.3300000000000001        4.8647582688767600E-004
   8.3399999999999999        4.8667787622243855E-004
   8.3499999999999996        4.8690696394554123E-004
   8.3599999999999994        4.8716219859065404E-004
   8.3700000000000010        4.8744258666191993E-004
   8.3800000000000008        4.8774703642180737E-004
   8.3900000000000006        4.8807436205773071E-004
   8.4000000000000004        4.8842328821482428E-004
   8.4100000000000001        4.8879245487728411E-004
   8.4199999999999999        4.8918042258191356E-004
   8.4299999999999997        4.8958567794469003E-004
   8.4399999999999995        4.9000663948113284E-004
   8.4499999999999993        4.9044166369851204E-004
   8.4600000000000009        4.9088905143919730E-004
   8.4700000000000006        4.9134705444918848E-004
   8.4800000000000004        4.9181388215113059E-004
   8.4900000000000002        4.9228770859268268E-004
   8.5000000000000000        4.9276667954689787E-004
   8.5099999999999998        4.9324891973662188E-004
   8.5199999999999996        4.9373254015504838E-004
   8.5299999999999994        4.9421564545427282E-004
   8.5400000000000009        4.9469634137405769E-004
   8.5500000000000007        4.9517274217996093E-004
   8.5600000000000005        4.9564297808302052E-004
   8.5700000000000003        4.9610520261077727E-004
   8.5800000000000001        4.9655759989988889E-004
   8.5899999999999999        4.9699839188136483E-004
   8.5999999999999996        4.9742584532899291E-004
   8.6099999999999994        4.9783827874171700E-004
   8.6200000000000010        4.9823406903178242E-004
   8.6300000000000008        4.9861165799219300E-004
   8.6400000000000006        4.9896955851342793E-004
   8.6500000000000004        4.9930636052690730E-004
   8.6600000000000001        4.9962073664709303E-004
   8.6699999999999999        4.9991144749081048E-004
   8.6799999999999997        5.0017734664857929E-004
   8.6899999999999995        5.0041738528923462E-004
   8.7000000000000011        5.0063061637556448E-004
   8.7100000000000009        5.0081619847557968E-004
   8.7200000000000006        5.0097339914980299E-004
   8.7300000000000004        5.0110159790237518E-004
   8.7400000000000002        5.0120028868194167E-004
   8.7500000000000000        5.0126908192210532E-004
   8.7599999999999998        5.0130770611162587E-004
   8.7699999999999996        5.0131600888832814E-004
   8.7799999999999994        5.0129395765201768E-004
   8.7900000000000009        5.0124163969288713E-004
   8.8000000000000007        5.0115926183588733E-004
   8.8100000000000005        5.0104714960244471E-004
   8.8200000000000003        5.0090574589216992E-004
   8.8300000000000001        5.0073560919259826E-004
   8.8399999999999999        5.0053741132203308E-004
   8.8499999999999996        5.0031193471823752E-004
   8.8599999999999994        5.0006006928267214E-004
   8.8700000000000010        4.9978280879482120E-004
   8.8800000000000008        4.9948124691297116E-004
   8.8900000000000006        4.9915657277692675E-004
   8.9000000000000004        4.9881006623378216E-004
   8.9100000000000001        4.9844309270547264E-004
   8.9199999999999999        4.9805709772087229E-004
   8.9299999999999997        4.9765360113605145E-004
   8.9399999999999995        4.9723419106588907E-004
   8.9500000000000011        4.9680051755383143E-004
   8.9600000000000009        4.9635428600614841E-004
   8.9700000000000006        4.9589725041652999E-004
   8.9800000000000004        4.9543120641146990E-004
   8.9900000000000002        4.9495798414225735E-004
   9.0000000000000000        4.9447944105484340E-004
   9.0099999999999998        4.9399745456559364E-004
   9.0199999999999996        4.9351391467218782E-004
   9.0299999999999994        4.9303071652990018E-004
   9.0400000000000009        4.9254975302254157E-004
   9.0500000000000007        4.9207290735611665E-004
   9.0600000000000005        4.9160204570520790E-004
   9.0700000000000003        4.9113900994058408E-004
   9.0800000000000001        4.9068561046432073E-004
   9.0899999999999999        4.9024361918170820E-004
   9.0999999999999996        4.8981476263531220E-004
   9.1099999999999994        4.8940071532660825E-004
   9.1200000000000010        4.8900309325065883E-004
   9.1300000000000008        4.8862344766763461E-004
   9.1400000000000006        4.8826325913350476E-004
   9.1500000000000004        4.8792393181210477E-004
   9.1600000000000001        4.8760678808781595E-004
   9.1699999999999999        4.8731306350063337E-004
   9.1799999999999997        4.8704390201856205E-004
   9.1899999999999995        4.8680035166675010E-004
   9.2000000000000011        4.8658336052740135E-004
   9.2100000000000009        4.8639377312365727E-004
   9.2200000000000006        4.8623232720265957E-004
   9.2300000000000004        4.8609965092626572E-004
   9.2400000000000002        4.8599626048047317E-004
   9.2500000000000000        4.8592255811164312E-004
   9.2599999999999998        4.8587883059616587E-004
   9.2699999999999996        4.8586524814936757E-004
   9.2799999999999994        4.8588186377571449E-004
   9.2900000000000009        4.8592861306544292E-004
   9.3000000000000007        4.8600531443544867E-004
   9.3100000000000005        4.8611166981516184E-004
   9.3200000000000003        4.8624726577601793E-004
   9.3300000000000001        4.8641157509798298E-004
   9.3399999999999999        4.8660395877027298E-004
   9.3499999999999996        4.8682366841888485E-004
   9.3599999999999994        4.8706984915177355E-004
   9.3700000000000010        4.8734154281295650E-004
   9.3800000000000008        4.8763769163331211E-004
   9.3900000000000006        4.8795714226670950E-004
   9.4000000000000004        4.8829865019570941E-004
   9.4100000000000001        4.8866088449272269E-004
   9.4199999999999999        4.8904243291953244E-004
   9.4299999999999997        4.8944180734587545E-004
   9.4399999999999995        4.8985744946964695E-004
   9.4500000000000011        4.9028773681638910E-004
   9.4600000000000009        4.9073098899645069E-004
   9.4700000000000006        4.9118547419858762E-004
   9.4800000000000004        4.9164941589296442E-004
   9.4900000000000002        4.9212099972153122E-004
   9.5000000000000000        4.9259838054850440E-004
   9.5099999999999998        4.9307968964384030E-004
   9.5199999999999996        4.9356304197340135E-004
   9.5299999999999994        4.9404654356740348E-004
   9.5400000000000009        4.9452829893771870E-004
   9.5500000000000007        4.9500641851633431E-004
   9.5600000000000005        4.9547902608519255E-004
   9.5700000000000003        4.9594426616718303E-004
   9.5800000000000001        4.9640031134966960E-004
   9.5899999999999999        4.9684536951083511E-004
   9.5999999999999996        4.9727769091919161E-004
   9.6099999999999994        4.9769557517739317E-004
   9.6200000000000010        4.9809737798212170E-004
   9.6300000000000008        4.9848151767129196E-004
   9.6400000000000006        4.9884648153193959E-004
   9.6500000000000004        4.9919083184248514E-004
   9.6600000000000001        4.9951321162297569E-004
   9.6699999999999999        4.9981235007019254E-004
   9.6799999999999997        5.0008706765368081E-004
   9.6899999999999995        5.0033628085084908E-004
   9.7000000000000011        5.0055900650136426E-004
   9.7100000000000009        5.0075436576176133E-004
   9.7200000000000006        5.0092158764314301E-004
   9.7300000000000004        5.0106001211714106E-004
   9.7400000000000002        5.0116909277507114E-004
   9.7500000000000000        5.0124839903155295E-004
   9.7599999999999998        5.0129761786002437E-004
   9.7699999999999996        5.0131655505415056E-004
   9.7799999999999994        5.0130513601005344E-004
   9.7900000000000009        5.0126340602406479E-004
   9.8000000000000007        5.0119153010730973E-004
   9.8100000000000005        5.0108979231561332E-004
   9.8200000000000003        5.0095859459931165E-004
   9.8300000000000001        5.0079845517722718E-004
   9.8399999999999999        5.0061000644234380E-004
   9.8499999999999996        5.0039399240831418E-004
   9.8599999999999994        5.0015126570776189E-004
   9.8700000000000010        4.9988278415594558E-004
   9.8800000000000008        4.9958960689422361E-004
   9.8900000000000006        4.9927289013023139E-004
   9.9000000000000004        4.9893388249385492E-004
   9.9100000000000001        4.9857392002706775E-004
   9.9199999999999999        4.9819442083207381E-004
   9.9299999999999997        4.9779687939688290E-004
   9.9399999999999995        4.9738286062636031E-004
   9.9500000000000011        4.9695399360011382E-004
   9.9600000000000009        4.9651196508635235E-004
   9.9700000000000006        4.9605851283660387E-004
   9.9800000000000004        4.9559541869108868E-004
   9.9900000000000002        4.9512450152081424E-004
   10.000000000000000        4.9464761003718079E-004
