   0.0000000000000000        3.1385138927892756E-002
   1.0000000000000000E-002   3.1323593883738239E-002
   2.0000000000000000E-002   3.1231351717577661E-002
   2.9999999999999999E-002   3.1108502826733858E-002
   4.0000000000000001E-002   3.0955167603119855E-002
   5.0000000000000003E-002   3.0771496315254793E-002
   5.9999999999999998E-002   3.0557668961000782E-002
   7.0000000000000007E-002   3.0313895091164989E-002
   8.0000000000000002E-002   3.0040413604139855E-002
   8.9999999999999997E-002   2.9737492511782666E-002
  0.10000000000000001        2.9405428676763927E-002
  0.11000000000000000        2.9044547521641963E-002
  0.12000000000000000        2.8655202709948788E-002
  0.13000000000000000        2.8237775799599865E-002
  0.14000000000000001        2.7792675868967331E-002
  0.14999999999999999        2.7320339115983212E-002
  0.16000000000000000        2.6821228430665426E-002
  0.17000000000000001        2.6295832941485589E-002
  0.17999999999999999        2.5744667536023096E-002
  0.19000000000000000        2.5168272356375303E-002
  0.20000000000000001        2.4567212269818259E-002
  0.20999999999999999        2.3942076315236795E-002
  0.22000000000000000        2.3293477125866397E-002
  0.23000000000000001        2.2622050328912652E-002
  0.23999999999999999        2.1928453922636572E-002
  0.25000000000000000        2.1213367631516308E-002
  0.26000000000000001        2.0477492240117159E-002
  0.27000000000000002        1.9721548906322692E-002
  0.28000000000000003        1.8946278454600032E-002
  0.28999999999999998        1.8152440649991861E-002
  0.29999999999999999        1.7340813453546700E-002
  0.31000000000000000        1.6512192259917062E-002
  0.32000000000000001        1.5667389117872705E-002
  0.33000000000000002        1.4807231934492834E-002
  0.34000000000000002        1.3932563663817161E-002
  0.35000000000000003        1.3044241480750946E-002
  0.35999999999999999        1.2143135941033596E-002
  0.37000000000000000        1.1230130128094032E-002
  0.38000000000000000        1.0306118787628936E-002
  0.39000000000000001        9.3720074507519634E-003
  0.40000000000000002        8.4287115465732539E-003
  0.41000000000000003        7.4771555050789033E-003
  0.41999999999999998        6.5182718511895754E-003
  0.42999999999999999        5.5530002908860815E-003
  0.44000000000000000        4.5822867902975189E-003
  0.45000000000000001        3.6070826486544654E-003
  0.46000000000000002        2.6283435660157299E-003
  0.47000000000000003        1.6470287066822993E-003
  0.47999999999999998        6.6409975921632005E-004
  0.48999999999999999       -3.1948000601369131E-004
  0.50000000000000000       -1.3027466808378093E-003
  0.51000000000000001       -2.2847366639147061E-003
  0.52000000000000002       -3.2644876050609666E-003
  0.53000000000000003       -4.2410393483542676E-003
  0.54000000000000004       -5.2134348730861809E-003
  0.55000000000000004       -6.1807212316424701E-003
  0.56000000000000005       -7.1419504833917496E-003
  0.57000000000000006       -8.0961806236673050E-003
  0.57999999999999996       -9.0424765069316675E-003
  0.58999999999999997       -9.9799107632192359E-003
  0.59999999999999998       -1.0907564706958849E-002
  0.60999999999999999       -1.1824529237285643E-002
  0.62000000000000000       -1.2729905728959897E-002
  0.63000000000000000       -1.3622806913019770E-002
  0.64000000000000001       -1.4502357746304885E-002
  0.65000000000000002       -1.5367696268998620E-002
  0.66000000000000003       -1.6217974449348738E-002
  0.67000000000000004       -1.7052359014738495E-002
  0.68000000000000005       -1.7870032268293805E-002
  0.69000000000000006       -1.8670192890226187E-002
  0.70000000000000007       -1.9452056723126148E-002
  0.70999999999999996       -2.0214857540437448E-002
  0.71999999999999997       -2.0957847797359118E-002
  0.72999999999999998       -2.1680299363439376E-002
  0.73999999999999999       -2.2381504236143462E-002
  0.75000000000000000       -2.3060775234696129E-002
  0.76000000000000001       -2.3717446673518792E-002
  0.77000000000000002       -2.4350875014601408E-002
  0.78000000000000003       -2.4960439498169715E-002
  0.79000000000000004       -2.5545542751029816E-002
  0.80000000000000004       -2.6105611371993905E-002
  0.81000000000000005       -2.6640096493813440E-002
  0.82000000000000006       -2.7148474321069038E-002
  0.83000000000000007       -2.7630246643489991E-002
  0.83999999999999997       -2.8084941324200322E-002
  0.84999999999999998       -2.8512112762412938E-002
  0.85999999999999999       -2.8911342330118387E-002
  0.87000000000000000       -2.9282238782340320E-002
  0.88000000000000000       -2.9624438640555559E-002
  0.89000000000000001       -2.9937606548903057E-002
  0.90000000000000002       -3.0221435602832629E-002
  0.91000000000000003       -3.0475647649871426E-002
  0.92000000000000004       -3.0699993562213347E-002
  0.93000000000000005       -3.0894253480864300E-002
  0.94000000000000006       -3.1058237031104004E-002
  0.95000000000000007       -3.1191783509053227E-002
  0.95999999999999996       -3.1294762039163579E-002
  0.96999999999999997       -3.1367071702475546E-002
  0.97999999999999998       -3.1408641635519090E-002
  0.98999999999999999       -3.1419431099759823E-002
   1.0000000000000000       -3.1399429521522797E-002
   1.0100000000000000       -3.1348656502354674E-002
   1.0200000000000000       -3.1267161799814244E-002
   1.0300000000000000       -3.1155025278709999E-002
   1.0400000000000000       -3.1012356832832617E-002
   1.0500000000000000       -3.0839296277259058E-002
   1.0600000000000001       -3.0636013211333787E-002
   1.0700000000000001       -3.0402706852461409E-002
   1.0800000000000001       -3.0139605840873617E-002
   1.0900000000000001       -2.9846968015561769E-002
   1.1000000000000001       -2.9525080161594670E-002
   1.1100000000000001       -2.9174257729069210E-002
   1.1200000000000001       -2.8794844523969260E-002
   1.1300000000000001       -2.8387212371235822E-002
   1.1400000000000001       -2.7951760750378571E-002
   1.1500000000000001       -2.7488916403985951E-002
   1.1599999999999999       -2.6999132919517423E-002
   1.1699999999999999       -2.6482890284787768E-002
   1.1799999999999999       -2.5940694417579024E-002
   1.1899999999999999       -2.5373076669841052E-002
   1.2000000000000000       -2.4780593306966636E-002
   1.2100000000000000       -2.4163824962651393E-002
   1.2200000000000000       -2.3523376069872749E-002
   1.2300000000000000       -2.2859874268545629E-002
   1.2400000000000000       -2.2173969790435337E-002
   1.2500000000000000       -2.1466334821930416E-002
   1.2600000000000000       -2.0737662845300004E-002
   1.2700000000000000       -1.9988667959081198E-002
   1.2800000000000000       -1.9220084178262493E-002
   1.2900000000000000       -1.8432664714949091E-002
   1.3000000000000000       -1.7627181240215038E-002
   1.3100000000000001       -1.6804423127865575E-002
   1.3200000000000001       -1.5965196680850804E-002
   1.3300000000000001       -1.5110324341088799E-002
   1.3400000000000001       -1.4240643883472527E-002
   1.3500000000000001       -1.3357007594850451E-002
   1.3600000000000001       -1.2460281438785421E-002
   1.3700000000000001       -1.1551344206910383E-002
   1.3800000000000001       -1.0631086657712572E-002
   1.3900000000000001       -9.7004106435902016E-003
   1.4000000000000001       -8.7602282270371132E-003
   1.4099999999999999       -7.8114607868215290E-003
   1.4199999999999999       -6.8550381150348600E-003
   1.4299999999999999       -5.8918975058954567E-003
   1.4399999999999999       -4.9229828372002763E-003
   1.4500000000000000       -3.9492436453246391E-003
   1.4600000000000000       -2.9716341946765838E-003
   1.4700000000000000       -1.9911125425177457E-003
   1.4800000000000000       -1.0086396000672402E-003
   1.4900000000000000       -2.5178190808668828E-005
   1.5000000000000000        9.5830789307689524E-004
   1.5100000000000000        1.9408548352272440E-003
   1.5200000000000000        2.9214997396390702E-003
   1.5300000000000000        3.8992815743060499E-003
   1.5400000000000000        4.8732421130302100E-003
   1.5500000000000000        5.8424268744836005E-003
   1.5600000000000001        6.8058860575999965E-003
   1.5700000000000001        7.7626754723799452E-003
   1.5800000000000001        8.7118574651969607E-003
   1.5900000000000001        9.6525018376980836E-003
   1.6000000000000001        1.0583686758398263E-002
   1.6100000000000001        1.1504499666075212E-002
   1.6200000000000001        1.2414038164079407E-002
   1.6300000000000001        1.3311410904682804E-002
   1.6400000000000001        1.4195738462599611E-002
   1.6500000000000001        1.5066154196823072E-002
   1.6600000000000001        1.5921805099933645E-002
   1.6699999999999999        1.6761852634046285E-002
   1.6799999999999999        1.7585473552577557E-002
   1.6899999999999999        1.8391860707027304E-002
   1.7000000000000000        1.9180223837984164E-002
   1.7100000000000000        1.9949790349579801E-002
   1.7200000000000000        2.0699806066632850E-002
   1.7300000000000000        2.1429535973740598E-002
   1.7400000000000000        2.2138264935594079E-002
   1.7500000000000000        2.2825298397810678E-002
   1.7600000000000000        2.3489963067597423E-002
   1.7700000000000000        2.4131607573577924E-002
   1.7800000000000000        2.4749603104136316E-002
   1.7900000000000000        2.5343344023652657E-002
   1.8000000000000000        2.5912248466025817E-002
   1.8100000000000001        2.6455758904902274E-002
   1.8200000000000001        2.6973342700051924E-002
   1.8300000000000001        2.7464492619355525E-002
   1.8400000000000001        2.7928727335892158E-002
   1.8500000000000001        2.8365591899639615E-002
   1.8600000000000001        2.8774658183325426E-002
   1.8700000000000001        2.9155525301991576E-002
   1.8800000000000001        2.9507820005861777E-002
   1.8900000000000001        2.9831197046126232E-002
   1.9000000000000001        3.0125339513285485E-002
   1.9100000000000001        3.0389959147721718E-002
   1.9199999999999999        3.0624796622193182E-002
   1.9299999999999999        3.0829621795974895E-002
   1.9399999999999999        3.1004233940396555E-002
   1.9500000000000000        3.1148461935556628E-002
   1.9600000000000000        3.1262164438019852E-002
   1.9700000000000000        3.1345230019333821E-002
   1.9800000000000000        3.1397577275228843E-002
   1.9900000000000000        3.1419154905394139E-002
   2.0000000000000000        3.1409941763752149E-002
   2.0100000000000002        3.1369946879181682E-002
   2.0200000000000000        3.1299209446669612E-002
   2.0300000000000002        3.1197798788899809E-002
   2.0400000000000000        3.1065814288316885E-002
   2.0499999999999998        3.0903385289731411E-002
   2.0600000000000001        3.0710670973561997E-002
   2.0699999999999998        3.0487860199838495E-002
   2.0800000000000001        3.0235171323119151E-002
   2.0899999999999999        2.9952851978503149E-002
   2.1000000000000001        2.9641178838948214E-002
   2.1099999999999999        2.9300457344131111E-002
   2.1200000000000001        2.8931021401116759E-002
   2.1299999999999999        2.8533233057129313E-002
   2.1400000000000001        2.8107482144745882E-002
   2.1499999999999999        2.7654185899860597E-002
   2.1600000000000001        2.7173788552793451E-002
   2.1699999999999999        2.6666760892944567E-002
   2.1800000000000002        2.6133599807420596E-002
   2.1899999999999999        2.5574827794085354E-002
   2.2000000000000002        2.4990992449511907E-002
   2.2100000000000000        2.4382665932337937E-002
   2.2200000000000002        2.3750444402550277E-002
   2.2300000000000000        2.3094947437248117E-002
   2.2400000000000002        2.2416817423457455E-002
   2.2500000000000000        2.1716718928591804E-002
   2.2600000000000002        2.0995338049176134E-002
   2.2700000000000000        2.0253381738472270E-002
   2.2800000000000002        1.9491577113664706E-002
   2.2900000000000000        1.8710670743285748E-002
   2.3000000000000003        1.7911427915578371E-002
   2.3100000000000001        1.7094631888513727E-002
   2.3199999999999998        1.6261083122198341E-002
   2.3300000000000001        1.5411598494423199E-002
   2.3399999999999999        1.4547010500123522E-002
   2.3500000000000001        1.3668166435533724E-002
   2.3599999999999999        1.2775927567837103E-002
   2.3700000000000001        1.1871168291124001E-002
   2.3799999999999999        1.0954775269485599E-002
   2.3900000000000001        1.0027646568083101E-002
   2.3999999999999999        9.0906907730438809E-003
   2.4100000000000001        8.1448261010470778E-003
   2.4199999999999999        7.1909794994712483E-003
   2.4300000000000002        6.2300857379859378E-003
   2.4399999999999999        5.2630864924774010E-003
   2.4500000000000002        4.2909294222062359E-003
   2.4600000000000000        3.3145672411013087E-003
   2.4700000000000002        2.3349567841001021E-003
   2.4800000000000000        1.3530580694504774E-003
   2.4900000000000002        3.6983335789279111E-004
   2.5000000000000000       -6.1375379035562999E-004
   2.5100000000000002       -1.5967394598895026E-003
   2.5200000000000000       -2.5781603247526834E-003
   2.5300000000000002       -3.5570545924976070E-003
   2.5400000000000000       -4.5324629467418829E-003
   2.5500000000000003       -5.5034294872983516E-003
   2.5600000000000001       -6.4690026669572678E-003
   2.5699999999999998       -7.4282362240025660E-003
   2.5800000000000001       -8.3801901095483418E-003
   2.5899999999999999       -9.3239314087867602E-003
   2.6000000000000001       -1.0258535255244568E-002
   2.6099999999999999       -1.1183085737152236E-002
   2.6200000000000001       -1.2096676795037493E-002
   2.6299999999999999       -1.2998413109663615E-002
   2.6400000000000001       -1.3887410979442266E-002
   2.6499999999999999       -1.4762799186461064E-002
   2.6600000000000001       -1.5623719850277129E-002
   2.6699999999999999       -1.6469329268639924E-002
   2.6800000000000002       -1.7298798744319450E-002
   2.6899999999999999       -1.8111315397229544E-002
   2.7000000000000002       -1.8906082961050352E-002
   2.7100000000000000       -1.9682322563569332E-002
   2.7200000000000002       -2.0439273489976015E-002
   2.7300000000000000       -2.1176193928362522E-002
   2.7400000000000002       -2.1892361696699232E-002
   2.7500000000000000       -2.2587074950573178E-002
   2.7600000000000002       -2.3259652870995563E-002
   2.7700000000000000       -2.3909436331604372E-002
   2.7800000000000002       -2.4535788544608209E-002
   2.7900000000000000       -2.5138095684838328E-002
   2.8000000000000003       -2.5715767491297305E-002
   2.8100000000000001       -2.6268237845614811E-002
   2.8199999999999998       -2.6794965326843615E-002
   2.8300000000000001       -2.7295433742052112E-002
   2.8399999999999999       -2.7769152632193397E-002
   2.8500000000000001       -2.8215657752755134E-002
   2.8599999999999999       -2.8634511528719171E-002
   2.8700000000000001       -2.9025303483385063E-002
   2.8799999999999999       -2.9387650640637239E-002
   2.8900000000000001       -2.9721197900261589E-002
   2.8999999999999999       -3.0025618385943684E-002
   2.9100000000000001       -3.0300613765607554E-002
   2.9199999999999999       -3.0545914543781128E-002
   2.9300000000000002       -3.0761280325701797E-002
   2.9399999999999999       -3.0946500052903277E-002
   2.9500000000000002       -3.1101392210052911E-002
   2.9600000000000000       -3.1225805002836695E-002
   2.9700000000000002       -3.1319616506717697E-002
   2.9800000000000000       -3.1382734786422117E-002
   2.9900000000000002       -3.1415097986035846E-002
   3.0000000000000000       -3.1416674389623256E-002
   3.0100000000000002       -3.1387462452308834E-002
   3.0200000000000000       -3.1327490801791154E-002
   3.0300000000000002       -3.1236818210287717E-002
   3.0400000000000000       -3.1115533536938196E-002
   3.0500000000000003       -3.0963755640722478E-002
   3.0600000000000001       -3.0781633263978848E-002
   3.0700000000000003       -3.0569344886636523E-002
   3.0800000000000001       -3.0327098551305293E-002
   3.0899999999999999       -3.0055131659393785E-002
   3.1000000000000001       -2.9753710738456070E-002
   3.1099999999999999       -2.9423131180994669E-002
   3.1200000000000001       -2.9063716954975890E-002
   3.1299999999999999       -2.8675820286341237E-002
   3.1400000000000001       -2.8259821313825970E-002
   3.1499999999999999       -2.7816127716423153E-002
   3.1600000000000001       -2.7345174313858241E-002
   3.1699999999999999       -2.6847422640465749E-002
   3.1800000000000002       -2.6323360492885601E-002
   3.1899999999999999       -2.5773501452022424E-002
   3.2000000000000002       -2.5198384379736264E-002
   3.2100000000000000       -2.4598572890757963E-002
   3.2200000000000002       -2.3974654800346717E-002
   3.2300000000000000       -2.3327241548231133E-002
   3.2400000000000002       -2.2656967599398281E-002
   3.2500000000000000       -2.1964489822318019E-002
   3.2600000000000002       -2.1250486845211886E-002
   3.2700000000000000       -2.0515658390997445E-002
   3.2800000000000002       -1.9760724591559829E-002
   3.2900000000000000       -1.8986425282022483E-002
   3.3000000000000003       -1.8193519275708756E-002
   3.3100000000000001       -1.7382783620504834E-002
   3.3200000000000003       -1.6555012837352816E-002
   3.3300000000000001       -1.5711018141620195E-002
   3.3399999999999999       -1.4851626648108783E-002
   3.3500000000000001       -1.3977680560482226E-002
   3.3599999999999999       -1.3090036345906395E-002
   3.3700000000000001       -1.2189563895711577E-002
   3.3799999999999999       -1.1277145672898961E-002
   3.3900000000000001       -1.0353675847326905E-002
   3.3999999999999999       -9.4200594194244671E-003
   3.4100000000000001       -8.4772113332909939E-003
   3.4199999999999999       -7.5260555800508956E-003
   3.4300000000000002       -6.5675242923423473E-003
   3.4399999999999999       -5.6025568308273035E-003
   3.4500000000000002       -4.6320988636180489E-003
   3.4600000000000000       -3.6571014395224491E-003
   3.4700000000000002       -2.6785200560161173E-003
   3.4800000000000000       -1.6973137228548894E-003
   3.4900000000000002       -7.1444402224526407E-004
   3.5000000000000000        2.6912583350616171E-004
   3.5100000000000002        1.2524319459407513E-003
   3.5200000000000000        2.2345106750683193E-003
   3.5300000000000002        3.2143995837343202E-003
   3.5400000000000000        4.1911383808082613E-003
   3.5500000000000003        5.1637698622690109E-003
   3.5600000000000001        6.1313408492647365E-003
   3.5700000000000003        7.0929031222281827E-003
   3.5800000000000001        8.0475143501318458E-003
   3.5899999999999999        8.9942390139723799E-003
   3.6000000000000001        9.9321493235792202E-003
   3.6099999999999999        1.0860326126848953E-002
   3.6200000000000001        1.1777859810514374E-002
   3.6299999999999999        1.2683851191565490E-002
   3.6400000000000001        1.3577412398448873E-002
   3.6499999999999999        1.4457667741181776E-002
   3.6600000000000001        1.5323754569528321E-002
   3.6699999999999999        1.6174824118396727E-002
   3.6800000000000002        1.7010042339629106E-002
   3.6899999999999999        1.7828590719368646E-002
   3.7000000000000002        1.8629667080203208E-002
   3.7100000000000000        1.9412486367299170E-002
   3.7200000000000002        2.0176281417755178E-002
   3.7300000000000000        2.0920303712421786E-002
   3.7400000000000002        2.1643824109450219E-002
   3.7500000000000000        2.2346133558851393E-002
   3.7600000000000002        2.3026543797364893E-002
   3.7700000000000000        2.3684388022956974E-002
   3.7800000000000002        2.4319021548286558E-002
   3.7900000000000000        2.4929822432498822E-002
   3.8000000000000003        2.5516192090727235E-002
   3.8100000000000001        2.6077555880706735E-002
   3.8200000000000003        2.6613363665923144E-002
   3.8300000000000001        2.7123090354746946E-002
   3.8399999999999999        2.7606236415023098E-002
   3.8500000000000001        2.8062328363612526E-002
   3.8599999999999999        2.8490919230405615E-002
   3.8700000000000001        2.8891588996352906E-002
   3.8799999999999999        2.9263945005083770E-002
   3.8900000000000001        2.9607622347709653E-002
   3.8999999999999999        2.9922284220434782E-002
   3.9100000000000001        3.0207622254623884E-002
   3.9199999999999999        3.0463356819003456E-002
   3.9300000000000002        3.0689237293700402E-002
   3.9399999999999999        3.0885042315849522E-002
   3.9500000000000002        3.1050579996529111E-002
   3.9600000000000000        3.1185688108812101E-002
   3.9700000000000002        3.1290234246748455E-002
   3.9800000000000000        3.1364115955122993E-002
   3.9900000000000002        3.1407260829861512E-002
   4.0000000000000000        3.1419626588986768E-002
   4.0099999999999998        3.1401201114054818E-002
   4.0200000000000005        3.1352002462031091E-002
   4.0300000000000002        3.1272078847594573E-002
   4.0400000000000000        3.1161508595887413E-002
   4.0499999999999998        3.1020400065756286E-002
   4.0600000000000005        3.0848891543560717E-002
   4.0700000000000003        3.0647151107652457E-002
   4.0800000000000001        3.0415376463658699E-002
   4.0899999999999999        3.0153794750730555E-002
   4.0999999999999996        2.9862662318946694E-002
   4.1100000000000003        2.9542264478090267E-002
   4.1200000000000001        2.9192915218045311E-002
   4.1299999999999999        2.8814956901086670E-002
   4.1399999999999997        2.8408759926364963E-002
   4.1500000000000004        2.7974722366915419E-002
   4.1600000000000001        2.7513269579546300E-002
   4.1699999999999999        2.7024853787989224E-002
   4.1799999999999997        2.6509953639719919E-002
   4.1900000000000004        2.5969073736883688E-002
   4.2000000000000002        2.5402744141785311E-002
   4.2100000000000000        2.4811519857427983E-002
   4.2199999999999998        2.4195980283610377E-002
   4.2300000000000004        2.3556728649114834E-002
   4.2400000000000002        2.2894391420543156E-002
   4.2500000000000000        2.2209617688379348E-002
   4.2599999999999998        2.1503078530880928E-002
   4.2700000000000005        2.0775466356422245E-002
   4.2800000000000002        2.0027494224934269E-002
   4.2900000000000000        1.9259895149105855E-002
   4.2999999999999998        1.8473421376031317E-002
   4.3100000000000005        1.7668843650008269E-002
   4.3200000000000003        1.6846950457208215E-002
   4.3300000000000001        1.6008547252960095E-002
   4.3399999999999999        1.5154455672404074E-002
   4.3500000000000005        1.4285512725289098E-002
   4.3600000000000003        1.3402569975703339E-002
   4.3700000000000001        1.2506492707541389E-002
   4.3799999999999999        1.1598159076526050E-002
   4.3899999999999997        1.0678459249615715E-002
   4.4000000000000004        9.7482945326407555E-003
   4.4100000000000001        8.8085764870238087E-003
   4.4199999999999999        7.8602260364495791E-003
   4.4299999999999997        6.9041725643596286E-003
   4.4400000000000004        5.9413530031566060E-003
   4.4500000000000002        4.9727109160104897E-003
   4.4600000000000000        3.9991955721666826E-003
   4.4699999999999998        3.0217610166621525E-003
   4.4800000000000004        2.0413651353612936E-003
   4.4900000000000002        1.0589687162277806E-003
   4.5000000000000000        7.5534507752364390E-005
   4.5099999999999998       -9.0797372454064890E-004
   4.5200000000000005       -1.8905921425836126E-003
   4.5300000000000002       -2.8713577803268445E-003
   4.5400000000000000       -3.8493094874453558E-003
   4.5499999999999998       -4.8234888712661711E-003
   4.5600000000000005       -5.7929412359931454E-003
   4.5700000000000003       -6.7567165183088458E-003
   4.5800000000000001       -7.7138702184366033E-003
   4.5899999999999999       -8.6634643257502940E-003
   4.6000000000000005       -9.6045682380247483E-003
   4.6100000000000003       -1.0536259673425939E-002
   4.6200000000000001       -1.1457625574347173E-002
   4.6299999999999999       -1.2367763002205545E-002
   4.6399999999999997       -1.3265780022321757E-002
   4.6500000000000004       -1.4150796578016094E-002
   4.6600000000000001       -1.5021945353063974E-002
   4.6699999999999999       -1.5878372621665852E-002
   4.6799999999999997       -1.6719239085098498E-002
   4.6900000000000004       -1.7543720694227747E-002
   4.7000000000000002       -1.8351009457076652E-002
   4.7100000000000000       -1.9140314230657623E-002
   4.7199999999999998       -1.9910861496292551E-002
   4.7300000000000004       -2.0661896117661109E-002
   4.7400000000000002       -2.1392682080834360E-002
   4.7500000000000000       -2.2102503215568392E-002
   4.7599999999999998       -2.2790663897151169E-002
   4.7700000000000005       -2.3456489728114736E-002
   4.7800000000000002       -2.4099328199144752E-002
   4.7900000000000000       -2.4718549328539608E-002
   4.7999999999999998       -2.5313546279592494E-002
   4.8100000000000005       -2.5883735955291379E-002
   4.8200000000000003       -2.6428559569754078E-002
   4.8300000000000001       -2.6947483195838420E-002
   4.8399999999999999       -2.7439998288390839E-002
   4.8500000000000005       -2.7905622182620635E-002
   4.8600000000000003       -2.8343898567111461E-002
   4.8700000000000001       -2.8754397931006519E-002
   4.8799999999999999       -2.9136717984929190E-002
   4.8899999999999997       -2.9490484055226630E-002
   4.9000000000000004       -2.9815349451149949E-002
   4.9100000000000001       -3.0110995804611140E-002
   4.9199999999999999       -3.0377133382183813E-002
   4.9299999999999997       -3.0613501369041944E-002
   4.9400000000000004       -3.0819868124558416E-002
   4.9500000000000002       -3.0996031409312820E-002
   4.9600000000000000       -3.1141818583286098E-002
   4.9699999999999998       -3.1257086775047759E-002
   4.9800000000000004       -3.1341723021769873E-002
   4.9900000000000002       -3.1395644379930650E-002
   5.0000000000000000       -3.1418798006599094E-002
   5.0099999999999998       -3.1411161211221068E-002
   5.0200000000000005       -3.1372741477856049E-002
   5.0300000000000002       -3.1303576457842729E-002
   5.0400000000000000       -3.1203733932900723E-002
   5.0499999999999998       -3.1073311748704476E-002
   5.0600000000000005       -3.0912437718994500E-002
   5.0700000000000003       -3.0721269500319909E-002
   5.0800000000000001       -3.0499994437535004E-002
   5.0899999999999999       -3.0248829380201313E-002
   5.1000000000000005       -2.9968020470075026E-002
   5.1100000000000003       -2.9657842899888064E-002
   5.1200000000000001       -2.9318600643659213E-002
   5.1299999999999999       -2.8950626158799574E-002
   5.1399999999999997       -2.8554280060304315E-002
   5.1500000000000004       -2.8129950767349955E-002
   5.1600000000000001       -2.7678054122643594E-002
   5.1699999999999999       -2.7199032984897040E-002
   5.1799999999999997       -2.6693356794825290E-002
   5.1900000000000004       -2.6161521115094611E-002
   5.2000000000000002       -2.5604047144671137E-002
   5.2100000000000000       -2.5021481208045888E-002
   5.2199999999999998       -2.4414394219836752E-002
   5.2300000000000004       -2.3783381125292175E-002
   5.2400000000000002       -2.3129060317244814E-002
   5.2500000000000000       -2.2452073030086551E-002
   5.2599999999999998       -2.1753082711358805E-002
   5.2700000000000005       -2.1032774371573928E-002
   5.2800000000000002       -2.0291853912904907E-002
   5.2900000000000000       -1.9531047437401240E-002
   5.2999999999999998       -1.8751100535408918E-002
   5.3100000000000005       -1.7952777554891896E-002
   5.3200000000000003       -1.7136860852371080E-002
   5.3300000000000001       -1.6304150026214940E-002
   5.3399999999999999       -1.5455461133033109E-002
   5.3500000000000005       -1.4591625887940907E-002
   5.3600000000000003       -1.3713490849478522E-002
   5.3700000000000001       -1.2821916589983650E-002
   5.3799999999999999       -1.1917776852230593E-002
   5.3899999999999997       -1.1001957693162350E-002
   5.4000000000000004       -1.0075356615554807E-002
   5.4100000000000001       -9.1388816884640216E-003
   5.4199999999999999       -8.1934506573185413E-003
   5.4299999999999997       -7.2399900445288884E-003
   5.4400000000000004       -6.2794342414955965E-003
   5.4500000000000002       -5.3127245929056391E-003
   5.4600000000000000       -4.3408084742146344E-003
   5.4699999999999998       -3.3646383632188995E-003
   5.4800000000000004       -2.3851709066272102E-003
   5.4900000000000002       -1.4033659825470263E-003
   5.5000000000000000       -4.2018575980394654E-004
   5.5099999999999998        5.6340624498374100E-004
   5.5200000000000005        1.5464461116513446E-003
   5.5300000000000002        2.5279704611295296E-003
   5.5400000000000000        3.5070173995558080E-003
   5.5499999999999998        4.4826274609305215E-003
   5.5600000000000005        5.4538445473935231E-003
   5.5700000000000003        6.4197168662000793E-003
   5.5800000000000001        7.3792978624777593E-003
   5.5899999999999999        8.3316471468502101E-003
   5.6000000000000005        9.2758314170187494E-003
   5.6100000000000003        1.0210925372398609E-002
   5.6200000000000001        1.1136012620913519E-002
   5.6299999999999999        1.2050186577059934E-002
   5.6399999999999997        1.2952551350360829E-002
   5.6500000000000004        1.3842222623338370E-002
   5.6600000000000001        1.4718328518145040E-002
   5.6699999999999999        1.5580010451003929E-002
   5.6799999999999997        1.6426423973620832E-002
   5.6900000000000004        1.7256739600743587E-002
   5.7000000000000002        1.8070143623057613E-002
   5.7100000000000000        1.8865838904621044E-002
   5.7199999999999998        1.9643045664057945E-002
   5.7300000000000004        2.0401002238744071E-002
   5.7400000000000002        2.1138965831236228E-002
   5.7500000000000000        2.1856213237213772E-002
   5.7599999999999998        2.2552041554218846E-002
   5.7700000000000005        2.3225768870500787E-002
   5.7800000000000002        2.3876734933289637E-002
   5.7900000000000000        2.4504301795843862E-002
   5.7999999999999998        2.5107854442638161E-002
   5.8100000000000005        2.5686801392078674E-002
   5.8200000000000003        2.6240575276154952E-002
   5.8300000000000001        2.6768633396460597E-002
   5.8399999999999999        2.7270458256037709E-002
   5.8500000000000005        2.7745558066523904E-002
   5.8600000000000003        2.8193467230104907E-002
   5.8700000000000001        2.8613746795800407E-002
   5.8799999999999999        2.9005984889636023E-002
   5.8899999999999997        2.9369797118279795E-002
   5.9000000000000004        2.9704826945747654E-002
   5.9100000000000001        3.0010746042808678E-002
   5.9199999999999999        3.0287254608747750E-002
   5.9299999999999997        3.0534081665170250E-002
   5.9400000000000004        3.0750985321560884E-002
   5.9500000000000002        3.0937753012336387E-002
   5.9600000000000000        3.1094201705159800E-002
   5.9699999999999998        3.1220178080312157E-002
   5.9800000000000004        3.1315558680945807E-002
   5.9900000000000002        3.1380250034072132E-002
   6.0000000000000000        3.1414188742165068E-002
   6.0099999999999998        3.1417341545290682E-002
   6.0200000000000005        3.1389705353701912E-002
   6.0300000000000002        3.1331307250866511E-002
   6.0400000000000000        3.1242204466925261E-002
   6.0499999999999998        3.1122484322606427E-002
   6.0600000000000005        3.0972264143651437E-002
   6.0700000000000003        3.0791691145835669E-002
   6.0800000000000001        3.0580942290696980E-002
   6.0899999999999999        3.0340224112113408E-002
   6.1000000000000005        3.0069772513899966E-002
   6.1100000000000003        2.9769852538622903E-002
   6.1200000000000001        2.9440758107857987E-002
   6.1299999999999999        2.9082811734147371E-002
   6.1400000000000006        2.8696364204937291E-002
   6.1500000000000004        2.8281794238806373E-002
   6.1600000000000001        2.7839508114321423E-002
   6.1699999999999999        2.7369939271884438E-002
   6.1799999999999997        2.6873547888961007E-002
   6.1900000000000004        2.6350820429106393E-002
   6.2000000000000002        2.5802269165231258E-002
   6.2100000000000000        2.5228431677574194E-002
   6.2199999999999998        2.4629870326873107E-002
   6.2300000000000004        2.4007171703251687E-002
   6.2400000000000002        2.3360946051361079E-002
   6.2500000000000000        2.2691826672340137E-002
   6.2599999999999998        2.2000469303180302E-002
   6.2700000000000005        2.1287551474103349E-002
   6.2800000000000002        2.0553771844581775E-002
   6.2900000000000000        1.9799849518652511E-002
   6.2999999999999998        1.9026523340194969E-002
   6.3100000000000005        1.8234551168864035E-002
   6.3200000000000003        1.7424709137387615E-002
   6.3300000000000001        1.6597790890956556E-002
   6.3399999999999999        1.5754606809452357E-002
   6.3500000000000005        1.4895983213274896E-002
   6.3600000000000003        1.4022761553548426E-002
   6.3700000000000001        1.3135797587499477E-002
   6.3799999999999999        1.2235960539814780E-002
   6.3900000000000006        1.1324132250801065E-002
   6.4000000000000004        1.0401206312181563E-002
   6.4100000000000001        9.4680871913761250E-003
   6.4199999999999999        8.5256893451231379E-003
   6.4299999999999997        7.5749363233119302E-003
   6.4400000000000004        6.6167598639038762E-003
   6.4500000000000002        5.6520989798291964E-003
   6.4600000000000000        4.6818990387542843E-003
   6.4699999999999998        3.7071108366213928E-003
   6.4800000000000004        2.7286896658686123E-003
   6.4900000000000002        1.7475943792432808E-003
   6.5000000000000000        7.6478645012629100E-004
   6.5099999999999998       -2.1877096971182263E-004
   6.5200000000000005       -1.2021139939996186E-003
   6.5300000000000002       -2.1842789465732950E-003
   6.5400000000000000       -3.1643033057793296E-003
   6.5499999999999998       -4.1412266477457004E-003
   6.5600000000000005       -5.1140915875972810E-003
   6.5700000000000003       -6.0819447176930158E-003
   6.5800000000000001       -7.0438375419654116E-003
   6.5899999999999999       -7.9988274054466815E-003
   6.6000000000000005       -8.9459784180706131E-003
   6.6100000000000003       -9.8843623718448351E-003
   6.6200000000000001       -1.0813059650494649E-002
   6.6299999999999999       -1.1731160130686979E-002
   6.6400000000000006       -1.2637764073951237E-002
   6.6500000000000004       -1.3531983008423022E-002
   6.6600000000000001       -1.4412940599546552E-002
   6.6699999999999999       -1.5279773508882526E-002
   6.6799999999999997       -1.6131632240179796E-002
   6.6900000000000004       -1.6967681971881688E-002
   6.7000000000000002       -1.7787103375251138E-002
   6.7100000000000000       -1.8589093417312842E-002
   6.7199999999999998       -1.9372866147825577E-002
   6.7300000000000004       -2.0137653469513444E-002
   6.7400000000000002       -2.0882705890801188E-002
   6.7500000000000000       -2.1607293260315946E-002
   6.7599999999999998       -2.2310705482435595E-002
   6.7700000000000005       -2.2992253213182458E-002
   6.7800000000000002       -2.3651268535780402E-002
   6.7900000000000000       -2.4287105615213279E-002
   6.7999999999999998       -2.4899141331143248E-002
   6.8100000000000005       -2.5486775888568697E-002
   6.8200000000000003       -2.6049433405623351E-002
   6.8300000000000001       -2.6586562477940494E-002
   6.8399999999999999       -2.7097636719029254E-002
   6.8500000000000005       -2.7582155276133363E-002
   6.8600000000000003       -2.8039643321066864E-002
   6.8700000000000001       -2.8469652515545719E-002
   6.8799999999999999       -2.8871761450559339E-002
   6.8900000000000006       -2.9245576059351411E-002
   6.9000000000000004       -2.9590730003605320E-002
   6.9100000000000001       -2.9906885032455695E-002
   6.9199999999999999       -3.0193731313974261E-002
   6.9299999999999997       -3.0450987738805134E-002
   6.9400000000000004       -3.0678402195651978E-002
   6.9500000000000002       -3.0875751818347081E-002
   6.9600000000000000       -3.1042843204260206E-002
   6.9699999999999998       -3.1179512603833157E-002
   6.9800000000000004       -3.1285626081054348E-002
   6.9900000000000002       -3.1361079644716107E-002
   7.0000000000000000       -3.1405799350326044E-002
   7.0099999999999998       -3.1419741372572661E-002
   7.0200000000000005       -3.1402892048274157E-002
   7.0300000000000002       -3.1355267889768348E-002
   7.0400000000000000       -3.1276915568730565E-002
   7.0499999999999998       -3.1167911870435425E-002
   7.0600000000000005       -3.1028363618507259E-002
   7.0700000000000003       -3.0858407570232955E-002
   7.0800000000000001       -3.0658210282539823E-002
   7.0899999999999999       -3.0427967948769803E-002
   7.1000000000000005       -3.0167906206409988E-002
   7.1100000000000003       -2.9878279915967889E-002
   7.1200000000000001       -2.9559372911208144E-002
   7.1299999999999999       -2.9211497720995412E-002
   7.1400000000000006       -2.8834995263016108E-002
   7.1500000000000004       -2.8430234509679048E-002
   7.1600000000000001       -2.7997612126522499E-002
   7.1699999999999999       -2.7537552083481961E-002
   7.1799999999999997       -2.7050505239399610E-002
   7.1900000000000004       -2.6536948900182648E-002
   7.2000000000000002       -2.5997386351043508E-002
   7.2100000000000000       -2.5432346363280341E-002
   7.2199999999999998       -2.4842382676081163E-002
   7.2300000000000004       -2.4228073453859425E-002
   7.2400000000000002       -2.3590020719652903E-002
   7.2500000000000000       -2.2928849765141122E-002
   7.2599999999999998       -2.2245208537859502E-002
   7.2700000000000005       -2.1539767006210780E-002
   7.2800000000000002       -2.0813216502895970E-002
   7.2900000000000000       -2.0066269047408325E-002
   7.2999999999999998       -1.9299656648254220E-002
   7.3100000000000005       -1.8514130585584824E-002
   7.3200000000000003       -1.7710460674941555E-002
   7.3300000000000001       -1.6889434512836844E-002
   7.3399999999999999       -1.6051856704909554E-002
   7.3500000000000005       -1.5198548077411451E-002
   7.3600000000000003       -1.4330344872797485E-002
   7.3700000000000001       -1.3448097930208179E-002
   7.3799999999999999       -1.2552671851647268E-002
   7.3900000000000006       -1.1644944154671742E-002
   7.4000000000000004       -1.0725804412424638E-002
   7.4100000000000001       -9.7961533818533581E-003
   7.4199999999999999       -8.8569021209678623E-003
   7.4299999999999997       -7.9089710960038168E-003
   7.4400000000000004       -6.9532892793656882E-003
   7.4500000000000002       -5.9907932392337816E-003
   7.4600000000000000       -5.0224262217274255E-003
   7.4699999999999998       -4.0491372265237767E-003
   7.4800000000000004       -3.0718800768381343E-003
   7.4900000000000002       -2.0916124846771904E-003
   7.5000000000000000       -1.1092951122812630E-003
   7.5099999999999998       -1.2589063067529977E-004
   7.5200000000000005        8.5763722374872513E-004
   7.5300000000000002        1.8403245936934763E-003
   7.5400000000000000        2.8212084455364076E-003
   7.5499999999999998        3.7993275131027134E-003
   7.5600000000000005        4.7737232397061791E-003
   7.5700000000000003        5.7434407175347320E-003
   7.5800000000000001        6.7075296234601015E-003
   7.5899999999999999        7.6650451503544794E-003
   7.6000000000000005        8.6150489330015095E-003
   7.6100000000000003        9.5566099676941997E-003
   7.6200000000000001        1.0488805524618549E-002
   7.6299999999999999        1.1410722052128772E-002
   7.6400000000000006        1.2321456072027908E-002
   7.6500000000000004        1.3220115064976458E-002
   7.6600000000000001        1.4105818345161329E-002
   7.6699999999999999        1.4977697923367943E-002
   7.6799999999999997        1.5834899357609657E-002
   7.6900000000000004        1.6676582590480913E-002
   7.7000000000000002        1.7501922772413497E-002
   7.7100000000000000        1.8310111070029118E-002
   7.7199999999999998        1.9100355458796108E-002
   7.7300000000000004        1.9871881499213481E-002
   7.7400000000000002        2.0623933095761621E-002
   7.7500000000000000        2.1355773237875918E-002
   7.7599999999999998        2.2066684722217095E-002
   7.7700000000000005        2.2755970855530498E-002
   7.7800000000000002        2.3422956137405481E-002
   7.7900000000000000        2.4066986922265807E-002
   7.7999999999999998        2.4687432059942314E-002
   7.8100000000000005        2.5283683514200076E-002
   7.8200000000000003        2.5855156958613922E-002
   7.8300000000000001        2.6401292349208329E-002
   7.8399999999999999        2.6921554473300510E-002
   7.8500000000000005        2.7415433474008856E-002
   7.8600000000000003        2.7882445349912674E-002
   7.8700000000000001        2.8322132429373578E-002
   7.8799999999999999        2.8734063819053697E-002
   7.8900000000000006        2.9117835826191141E-002
   7.9000000000000004        2.9473072354218918E-002
   7.9100000000000001        2.9799425271339559E-002
   7.9199999999999999        3.0096574751694291E-002
   7.9300000000000006        3.0364229588792362E-002
   7.9400000000000004        3.0602127480893415E-002
   7.9500000000000002        3.0810035288063194E-002
   7.9600000000000000        3.0987749260650670E-002
   7.9699999999999998        3.1135095238962709E-002
   7.9800000000000004        3.1251928823940567E-002
   7.9900000000000002        3.1338135518670956E-002
   8.0000000000000000        3.1393630840593052E-002
   8.0099999999999998        3.1418360404291364E-002
   8.0199999999999996        3.1412299974793473E-002
   8.0299999999999994        3.1375455491320287E-002
   8.0400000000000009        3.1307863061465602E-002
   8.0500000000000007        3.1209588925810682E-002
   8.0600000000000005        3.1080729393008467E-002
   8.0700000000000003        3.0921410745401105E-002
   8.0800000000000001        3.0731789115263249E-002
   8.0899999999999999        3.0512050331792436E-002
   8.0999999999999996        3.0262409738996465E-002
   8.1099999999999994        2.9983111984656280E-002
   8.1200000000000010        2.9674430780571130E-002
   8.1300000000000008        2.9336668634321023E-002
   8.1400000000000006        2.8970156552809278E-002
   8.1500000000000004        2.8575253717875782E-002
   8.1600000000000001        2.8152347134298768E-002
   8.1699999999999999        2.7701851250530141E-002
   8.1799999999999997        2.7224207552535993E-002
   8.1899999999999995        2.6719884131140362E-002
   8.1999999999999993        2.6189375223296212E-002
   8.2100000000000009        2.5633200727733233E-002
   8.2200000000000006        2.5051905695457073E-002
   8.2300000000000004        2.4446059795599367E-002
   8.2400000000000002        2.3816256757141972E-002
   8.2500000000000000        2.3163113787062577E-002
   8.2599999999999998        2.2487270965471862E-002
   8.2699999999999996        2.1789390618334986E-002
   8.2799999999999994        2.1070156668392140E-002
   8.2900000000000009        2.0330273964914269E-002
   8.3000000000000007        1.9570467592950783E-002
   8.3100000000000005        1.8791482162746207E-002
   8.3200000000000003        1.7994081080022137E-002
   8.3300000000000001        1.7179045797839645E-002
   8.3399999999999999        1.6347175050775271E-002
   8.3499999999999996        1.5499284072161139E-002
   8.3599999999999994        1.4636203795156287E-002
   8.3700000000000010        1.3758780038432183E-002
   8.3800000000000008        1.2867872677270416E-002
   8.3900000000000006        1.1964354800884923E-002
   8.4000000000000004        1.1049111856794563E-002
   8.4100000000000001        1.0123040783084543E-002
   8.4199999999999999        9.1870491294071023E-003
   8.4299999999999997        8.2420541675828421E-003
   8.4399999999999995        7.2889819926743506E-003
   8.4499999999999993        6.3287666154130378E-003
   8.4600000000000009        5.3623490468686207E-003
   8.4700000000000006        4.3906763762582724E-003
   8.4800000000000004        3.4147008427991908E-003
   8.4900000000000002        2.4353789025141660E-003
   8.5000000000000000        1.4536702909046771E-003
   8.5099999999999998        4.7053708241010157E-004
   8.5199999999999996       -5.1305725242523558E-004
   8.5299999999999994       -1.4961487911531962E-003
   8.5400000000000009       -2.4777741040658266E-003
   8.5500000000000007       -3.4569711983564724E-003
   8.5600000000000005       -4.4327804608727287E-003
   8.5700000000000003       -5.4042455985373302E-003
   8.5800000000000001       -6.3704145755153650E-003
   8.5899999999999999       -7.3303405462093948E-003
   8.5999999999999996       -8.2830827831681386E-003
   8.6099999999999994       -9.2277075989993778E-003
   8.6200000000000010       -1.0163289261383598E-002
   8.6300000000000008       -1.1088910900291661E-002
   8.6400000000000006       -1.2003665406517440E-002
   8.6500000000000004       -1.2906656320644831E-002
   8.6600000000000001       -1.3796998711577991E-002
   8.6699999999999999       -1.4673820043773803E-002
   8.6799999999999997       -1.5536261032326717E-002
   8.6899999999999995       -1.6383476485067952E-002
   8.7000000000000011       -1.7214636130853819E-002
   8.7100000000000009       -1.8028925433231452E-002
   8.7200000000000006       -1.8825546388684517E-002
   8.7300000000000004       -1.9603718308676670E-002
   8.7400000000000002       -2.0362678584726322E-002
   8.7500000000000000       -2.1101683435762939E-002
   8.7599999999999998       -2.1820008637032508E-002
   8.7699999999999996       -2.2516950229837789E-002
   8.7799999999999994       -2.3191825211417827E-002
   8.7900000000000009       -2.3843972204290676E-002
   8.8000000000000007       -2.4472752104403320E-002
   8.8100000000000005       -2.5077548707453649E-002
   8.8200000000000003       -2.5657769312770674E-002
   8.8300000000000001       -2.6212845304161184E-002
   8.8399999999999999       -2.6742232707153615E-002
   8.8499999999999996       -2.7245412722093035E-002
   8.8599999999999994       -2.7721892232564802E-002
   8.8700000000000010       -2.8171204288648659E-002
   8.8800000000000008       -2.8592908564529639E-002
   8.8900000000000006       -2.8986591790017380E-002
   8.9000000000000004       -2.9351868155550905E-002
   8.9100000000000001       -2.9688379690291988E-002
   8.9199999999999999       -2.9995796612936585E-002
   8.9299999999999997       -3.0273817654900503E-002
   8.9399999999999995       -3.0522170355562622E-002
   8.9500000000000011       -3.0740611329276288E-002
   8.9600000000000009       -3.0928926503887264E-002
   8.9700000000000006       -3.1086931330524429E-002
   8.9800000000000004       -3.1214470964457681E-002
   8.9900000000000002       -3.1311420416845766E-002
   9.0000000000000000       -3.1377684677225341E-002
   9.0099999999999998       -3.1413198806621231E-002
   9.0199999999999996       -3.1417928001186639E-002
   9.0299999999999994       -3.1391867626310882E-002
   9.0400000000000009       -3.1335043221161339E-002
   9.0500000000000007       -3.1247510473655059E-002
   9.0600000000000005       -3.1129355165884595E-002
   9.0700000000000003       -3.0980693090051564E-002
   9.0800000000000001       -3.0801669934990283E-002
   9.0899999999999999       -3.0592461143392712E-002
   9.0999999999999996       -3.0353271739874618E-002
   9.1099999999999994       -3.0084336130051445E-002
   9.1200000000000010       -2.9785917870820820E-002
   9.1300000000000008       -2.9458309412076791E-002
   9.1400000000000006       -2.9101831810108929E-002
   9.1500000000000004       -2.8716834412967161E-002
   9.1600000000000001       -2.8303694518100685E-002
   9.1699999999999999       -2.7862817002606469E-002
   9.1799999999999997       -2.7394633926449700E-002
   9.1899999999999995       -2.6899604109045010E-002
   9.2000000000000011       -2.6378212679613454E-002
   9.2100000000000009       -2.5830970601755876E-002
   9.2200000000000006       -2.5258414172708580E-002
   9.2300000000000004       -2.4661104497772028E-002
   9.2400000000000002       -2.4039626940427661E-002
   9.2500000000000000       -2.3394590548681673E-002
   9.2599999999999998       -2.2726627458197979E-002
   9.2699999999999996       -2.2036392272805249E-002
   9.2799999999999994       -2.1324561422985170E-002
   9.2900000000000009       -2.0591832502970565E-002
   9.3000000000000007       -1.9838923587103052E-002
   9.3100000000000005       -1.9066572526120176E-002
   9.3200000000000003       -1.8275536224061702E-002
   9.3300000000000001       -1.7466589896503647E-002
   9.3399999999999999       -1.6640526310847017E-002
   9.3499999999999996       -1.5798155009405759E-002
   9.3599999999999994       -1.4940301516055283E-002
   9.3700000000000010       -1.4067806527219073E-002
   9.3800000000000008       -1.3181525087986187E-002
   9.3900000000000006       -1.2282325754167076E-002
   9.4000000000000004       -1.1371089741108882E-002
   9.4100000000000001       -1.0448710060104401E-002
   9.4199999999999999       -9.5160906432410156E-003
   9.4299999999999997       -8.5741454575472553E-003
   9.4399999999999995       -7.6237976093050984E-003
   9.4500000000000011       -6.6659784394058228E-003
   9.4600000000000009       -5.7016266106359294E-003
   9.4700000000000006       -4.7316871877876128E-003
   9.4800000000000004       -3.7571107114952643E-003
   9.4900000000000002       -2.7788522667056507E-003
   9.5000000000000000       -1.7978705466946655E-003
   9.5099999999999998       -8.1512691354791939E-004
   9.5199999999999996        1.6841554397410371E-004
   9.5299999999999994        1.1517929542630321E-003
   9.5400000000000009        2.1340416074567825E-003
   9.5500000000000007        3.1141988998752259E-003
   9.5600000000000005        4.0913042773717909E-003
   9.5700000000000003        5.0644001766765321E-003
   9.5800000000000001        6.0325329638081298E-003
   9.5899999999999999        6.9947538686351961E-003
   9.5999999999999996        7.9501199146709989E-003
   9.6099999999999994        8.8976948431904249E-003
   9.6200000000000010        9.8365500307635249E-003
   9.6300000000000008        1.0765765399306477E-002
   9.6400000000000006        1.1684430317758107E-002
   9.6500000000000004        1.2591644494498335E-002
   9.6600000000000001        1.3486518859633955E-002
   9.6699999999999999        1.4368176436287133E-002
   9.6799999999999997        1.5235753200032750E-002
   9.6899999999999995        1.6088398925642334E-002
   9.7000000000000011        1.6925278020304788E-002
   9.7100000000000009        1.7745570342507344E-002
   9.7200000000000006        1.8548472005774242E-002
   9.7300000000000004        1.9333196166475483E-002
   9.7400000000000002        2.0098973794933576E-002
   9.7500000000000000        2.0845054429072637E-002
   9.7599999999999998        2.1570706909871205E-002
   9.7699999999999996        2.2275220097898098E-002
   9.7799999999999994        2.2957903570229053E-002
   9.7900000000000009        2.3618088297061184E-002
   9.8000000000000007        2.4255127297362195E-002
   9.8100000000000005        2.4868396272911791E-002
   9.8200000000000003        2.5457294220113932E-002
   9.8300000000000001        2.6021244018980361E-002
   9.8399999999999999        2.6559692998708192E-002
   9.8499999999999996        2.7072113479297288E-002
   9.8599999999999994        2.7558003288676670E-002
   9.8700000000000010        2.8016886254833152E-002
   9.8800000000000008        2.8448312672459897E-002
   9.8900000000000006        2.8851859743667631E-002
   9.9000000000000004        2.9227131992326572E-002
   9.9100000000000001        2.9573761651633029E-002
   9.9199999999999999        2.9891409024520890E-002
   9.9299999999999997        3.0179762816564717E-002
   9.9399999999999995        3.0438540441048312E-002
   9.9500000000000011        3.0667488295899679E-002
   9.9600000000000009        3.0866382012221066E-002
   9.9700000000000006        3.1035026674170477E-002
   9.9800000000000004        3.1173257009979197E-002
   9.9900000000000002        3.1280937553918142E-002
   10.000000000000000        3.1357962779054248E-002
