   0.0000000000000000       0.12566370614359174     
   1.0000000000000000E-002  0.12560213595605976     
   2.0000000000000000E-002  0.12541748572732006     
   2.9999999999999999E-002  0.12510993639981918     
   4.0000000000000001E-002  0.12467978934728460     
   5.0000000000000003E-002  0.12412746607940288     
   5.9999999999999998E-002  0.12345350782877369     
   7.0000000000000007E-002  0.12265857502054529     
   8.0000000000000002E-002  0.12174344662525072     
   8.9999999999999997E-002  0.12070901939547894     
  0.10000000000000001       0.11955630698712921     
  0.11000000000000000       0.11828643896610930     
  0.12000000000000000       0.11690065970145135     
  0.13000000000000000       0.11540032714592982     
  0.14000000000000001       0.11378691150537643     
  0.14999999999999999       0.11206199379799611     
  0.16000000000000000       0.11022726430509569     
  0.17000000000000001       0.10828452091474347     
  0.17999999999999999       0.10623566735998288     
  0.19000000000000000       0.10408271135332633     
  0.20000000000000001       0.10182776261935775     
  0.20999999999999999        9.9473030827371259E-002
  0.22000000000000000        9.7020823426072100E-002
  0.23000000000000001        9.4473543382461653E-002
  0.23999999999999999        9.1833686827121980E-002
  0.25000000000000000        8.9103840608207724E-002
  0.26000000000000001        8.6286679756541848E-002
  0.27000000000000002        8.3384964864299568E-002
  0.28000000000000003        8.0401539379848980E-002
  0.28999999999999998        7.7339326821399143E-002
  0.29999999999999999        7.4201327912186241E-002
  0.31000000000000000        7.0990617640005041E-002
  0.32000000000000001        6.7710342243966784E-002
  0.33000000000000002        6.4363716131436821E-002
  0.34000000000000002        6.0954018728172528E-002
  0.35000000000000003        5.7484591264748544E-002
  0.35999999999999999        5.3958833502418327E-002
  0.37000000000000000        5.0380200401619953E-002
  0.38000000000000000        4.6752198736391616E-002
  0.39000000000000001        4.3078383658013725E-002
  0.40000000000000002        3.9362355211244995E-002
  0.41000000000000003        3.5607754806566840E-002
  0.41999999999999998        3.1818261651892457E-002
  0.42999999999999999        2.7997589147237580E-002
  0.44000000000000000        2.4149481245885600E-002
  0.45000000000000001        2.0277708785612969E-002
  0.46000000000000002        1.6386065793570079E-002
  0.47000000000000003        1.2478365768438115E-002
  0.47999999999999998        8.5584379435056663E-003
  0.48999999999999999        4.6301235343265247E-003
  0.50000000000000000        6.9727197463585733E-004
  0.51000000000000001       -3.2362628557867754E-003
  0.52000000000000002       -7.1666264076111806E-003
  0.53000000000000003       -1.1089967239106418E-002
  0.54000000000000004       -1.5002440790245354E-002
  0.55000000000000004       -1.8900213150065976E-002
  0.56000000000000005       -2.2779464813597175E-002
  0.57000000000000006       -2.6636394424668024E-002
  0.57999999999999996       -3.0467222500932412E-002
  0.58999999999999997       -3.4268195137459691E-002
  0.59999999999999998       -3.8035587685260532E-002
  0.60999999999999999       -4.1765708401145234E-002
  0.62000000000000000       -4.5454902065336492E-002
  0.63000000000000000       -4.9099553563292236E-002
  0.64000000000000001       -5.2696091428228502E-002
  0.65000000000000002       -5.6240991340871190E-002
  0.66000000000000003       -5.9730779583006793E-002
  0.67000000000000004       -6.3162036441448285E-002
  0.68000000000000005       -6.6531399559080343E-002
  0.69000000000000006       -6.9835567229700288E-002
  0.70000000000000007       -7.3071301633425734E-002
  0.70999999999999996       -7.6235432009499185E-002
  0.71999999999999997       -7.9324857763379802E-002
  0.72999999999999998       -8.2336551505077710E-002
  0.73999999999999999       -8.5267562015754056E-002
  0.75000000000000000       -8.8115017139679258E-002
  0.76000000000000001       -9.0876126598715773E-002
  0.77000000000000002       -9.3548184726567271E-002
  0.78000000000000003       -9.6128573120115204E-002
  0.79000000000000004       -9.8614763205244232E-002
  0.80000000000000004      -0.10100431871464254     
  0.81000000000000005      -0.10329489807514873     
  0.82000000000000006      -0.10548425670230624     
  0.83000000000000007      -0.10757024919987639     
  0.83999999999999997      -0.10955083146215504     
  0.84999999999999998      -0.11142406267703259     
  0.85999999999999999      -0.11318810722783448     
  0.87000000000000000      -0.11484123649207870     
  0.88000000000000000      -0.11638183053538741     
  0.89000000000000001      -0.11780837969889300     
  0.90000000000000002      -0.11911948607858304     
  0.91000000000000003      -0.12031386489513414     
  0.92000000000000004      -0.12139034575289312     
  0.93000000000000005      -0.12234787378677091     
  0.94000000000000006      -0.12318551069592598     
  0.95000000000000007      -0.12390243566322402     
  0.95999999999999996      -0.12449794615957310     
  0.96999999999999997      -0.12497145863234596     
  0.97999999999999998      -0.12532250907721479     
  0.98999999999999999      -0.12555075349283845     
   1.0000000000000000      -0.12565596821795619     
   1.0100000000000000      -0.12563805015055782     
   1.0200000000000000      -0.12549701684891540     
   1.0300000000000000      -0.12523300651437749     
   1.0400000000000000      -0.12484627785594309     
   1.0500000000000000      -0.12433720983674720     
   1.0600000000000001      -0.12370630130270761     
   1.0700000000000001      -0.12295417049369559     
   1.0800000000000001      -0.12208155443771042     
   1.0900000000000001      -0.12108930822865085     
   1.1000000000000001      -0.11997840418839163     
   1.1100000000000001      -0.11874993091398572     
   1.1200000000000001      -0.11740509221092643     
   1.1300000000000001      -0.11594520591351438     
   1.1400000000000001      -0.11437170259348528     
   1.1500000000000001      -0.11268612415816416     
   1.1599999999999999      -0.11089012233951961     
   1.1699999999999999      -0.10898545707559848     
   1.1799999999999999      -0.10697399478592778     
   1.1899999999999999      -0.10485770654257258     
   1.2000000000000000      -0.10263866613864329     
   1.2100000000000000      -0.10031904805614439     
   1.2200000000000000       -9.7901125335156006E-002
   1.2300000000000000       -9.5387267346436599E-002
   1.2400000000000000       -9.2779937469629287E-002
   1.2500000000000000       -9.0081690679346807E-002
   1.2600000000000000       -8.7295171041501071E-002
   1.2700000000000000       -8.4423109122329934E-002
   1.2800000000000000       -8.1468319312661075E-002
   1.2900000000000000       -7.8433697070033948E-002
   1.3000000000000000       -7.5322216081383370E-002
   1.3100000000000001       -7.2136925349064129E-002
   1.3200000000000001       -6.8880946203072807E-002
   1.3300000000000001       -6.5557469242394126E-002
   1.3400000000000001       -6.2169751208469300E-002
   1.3500000000000001       -5.8721111793850055E-002
   1.3600000000000001       -5.5214930389165633E-002
   1.3700000000000001       -5.1654642771590403E-002
   1.3800000000000001       -4.8043737738057112E-002
   1.3900000000000001       -4.4385753686515504E-002
   1.4000000000000001       -4.0684275148584879E-002
   1.4099999999999999       -3.6942929277000547E-002
   1.4199999999999999       -3.3165382291293836E-002
   1.4299999999999999       -2.9355335885191045E-002
   1.4399999999999999       -2.5516523599249403E-002
   1.4500000000000000       -2.1652707162286226E-002
   1.4600000000000000       -1.7767672805185732E-002
   1.4700000000000000       -1.3865227550695783E-002
   1.4800000000000000       -9.9491954828502815E-003
   1.4900000000000000       -6.0234139996728549E-003
   1.5000000000000000       -2.0917300528339013E-003
   1.5100000000000000        1.8420036220542805E-003
   1.5200000000000000        5.7739322808096115E-003
   1.5300000000000000        9.7002029480217009E-003
   1.5400000000000000        1.3616968192658944E-002
   1.5500000000000000        1.7520389898243140E-002
   1.5600000000000001        2.1406643023896454E-002
   1.5700000000000001        2.5271919352575382E-002
   1.5800000000000001        2.9112431222818660E-002
   1.5900000000000001        3.2924415240352375E-002
   1.6000000000000001        3.6704135965915180E-002
   1.6100000000000001        4.0447889575689767E-002
   1.6200000000000001        4.4152007490753861E-002
   1.6300000000000001        4.7812859971993922E-002
   1.6400000000000001        5.1426859676958987E-002
   1.6500000000000001        5.4990465175169187E-002
   1.6600000000000001        5.8500184418434180E-002
   1.6699999999999999        6.1952578162780936E-002
   1.6799999999999999        6.5344263338637534E-002
   1.6899999999999999        6.8671916365970628E-002
   1.7000000000000000        7.1932276411127927E-002
   1.7100000000000000        7.5122148582194126E-002
   1.7200000000000000        7.8238407059729315E-002
   1.7300000000000000        8.1277998159821951E-002
   1.7400000000000000        8.4237943326454581E-002
   1.7500000000000000        8.7115342050250455E-002
   1.7600000000000000        8.9907374710740534E-002
   1.7700000000000000        9.2611305339365929E-002
   1.7800000000000000        9.5224484300508103E-002
   1.7900000000000000        9.7744350887919718E-002
   1.8000000000000000       0.10016843583401192     
   1.8100000000000001       0.10249436372953864     
   1.8200000000000001       0.10471985535130804     
   1.8300000000000001       0.10684272989563848     
   1.8400000000000001       0.10886090711537166     
   1.8500000000000001       0.11077240935834846     
   1.8600000000000001       0.11257536350534963     
   1.8700000000000001       0.11426800280560284     
   1.8800000000000001       0.11584866860805698     
   1.8900000000000001       0.11731581198672746     
   1.9000000000000001       0.11866799525851972     
   1.9100000000000001       0.11990389339204362     
   1.9199999999999999       0.12102229530603810     
   1.9299999999999999       0.12202210505613398     
   1.9399999999999999       0.12290234290879162     
   1.9500000000000000       0.12366214630136153     
   1.9600000000000000       0.12430077068732659     
   1.9700000000000000       0.12481759026589809     
   1.9800000000000000       0.12521209859525051     
   1.9900000000000000       0.12548390908879387     
   2.0000000000000000       0.12563275539399765     
   2.0100000000000002       0.12565849165339507     
   2.0200000000000000       0.12556109264751159     
   2.0300000000000002       0.12534065381957804     
   2.0400000000000000       0.12499739118200398     
   2.0499999999999998       0.12453164110470263     
   2.0600000000000001       0.12394385998547544     
   2.0699999999999998       0.12323462380277871     
   2.0800000000000001       0.12240462755131080     
   2.0899999999999999       0.12145468456097294     
   2.1000000000000001       0.12038572569987104     
   2.1099999999999999       0.11919879846213949     
   2.1200000000000001       0.11789506594148053     
   2.1299999999999999       0.11647580569142588     
   2.1400000000000001       0.11494240847343601     
   2.1499999999999999       0.11329637689406587     
   2.1600000000000001       0.11153932393252994     
   2.1699999999999999       0.10967297136011250     
   2.1800000000000002       0.10769914805296882     
   2.1899999999999999       0.10561978819997359     
   2.2000000000000002       0.10343692940736984     
   2.2100000000000000       0.10115271070207876     
   2.2200000000000002        9.8769370435623810E-002
   2.2300000000000000        9.6289244090725659E-002
   2.2400000000000002        9.3714761992716042E-002
   2.2500000000000000        9.1048446928013338E-002
   2.2600000000000002        8.8292911671993768E-002
   2.2700000000000000        8.5450856428680999E-002
   2.2800000000000002        8.2525066184761464E-002
   2.2900000000000000        7.9518407980521372E-002
   2.3000000000000003        7.6433828100375578E-002
   2.3100000000000001        7.3274349185745810E-002
   2.3199999999999998        7.0043067273112852E-002
   2.3300000000000001        6.6743148760149085E-002
   2.3399999999999999        6.3377827302902659E-002
   2.3500000000000001        5.9950400647072473E-002
   2.3599999999999999        5.6464227396481811E-002
   2.3700000000000001        5.2922723721915317E-002
   2.3799999999999999        4.9329360013544980E-002
   2.3900000000000001        4.5687657480225408E-002
   2.3999999999999999        4.2001184698991494E-002
   2.4100000000000001        3.8273554118137376E-002
   2.4199999999999999        3.4508418517307744E-002
   2.4300000000000002        3.0709467428064477E-002
   2.4399999999999999        2.6880423518442682E-002
   2.4500000000000002        2.3025038945032213E-002
   2.4600000000000000        1.9147091676166260E-002
   2.4700000000000002        1.5250381789812952E-002
   2.4800000000000000        1.1338727749804867E-002
   2.4900000000000002        7.4159626640482859E-003
   2.5000000000000000        3.4859305283858727E-003
   2.5100000000000002       -4.4751754021283256E-004
   2.5200000000000000       -4.3805270774372801E-003
   2.5300000000000002       -8.3092440487025701E-003
   2.5400000000000000       -1.2229818625794907E-002
   2.5500000000000003       -1.6138408959395254E-002
   2.5600000000000001       -2.0031184943783639E-002
   2.5699999999999998       -2.3904331970037256E-002
   2.5800000000000001       -2.7754054664041329E-002
   2.5899999999999999       -3.1576580605651369E-002
   2.6000000000000001       -3.5368164025364537E-002
   2.6099999999999999       -3.9125089474872227E-002
   2.6200000000000001       -4.2843675467903797E-002
   2.6299999999999999       -4.6520278087786762E-002
   2.6400000000000001       -5.0151294558195204E-002
   2.6499999999999999       -5.3733166773580567E-002
   2.6600000000000001       -5.7262384785831996E-002
   2.6699999999999999       -6.0735490243742932E-002
   2.6800000000000002       -6.4149079781920137E-002
   2.6899999999999999       -6.7499808355807864E-002
   2.7000000000000002       -7.0784392519565281E-002
   2.7100000000000000       -7.3999613643579321E-002
   2.7200000000000002       -7.7142321068464761E-002
   2.7300000000000000       -8.0209435192458711E-002
   2.7400000000000002       -8.3197950489182632E-002
   2.7500000000000000       -8.6104938452819135E-002
   2.7600000000000002       -8.8927550467811978E-002
   2.7700000000000000       -9.1663020600282030E-002
   2.7800000000000002       -9.4308668308421384E-002
   2.7900000000000000       -9.6861901069208861E-002
   2.8000000000000003       -9.9320216918876242E-002
   2.8100000000000001      -0.10168120690463135     
   2.8199999999999998      -0.10394255744524004     
   2.8300000000000001      -0.10610205259815010     
   2.8399999999999999      -0.10815757623093741     
   2.8500000000000001      -0.11010711409494713     
   2.8599999999999999      -0.11194875579909515     
   2.8700000000000001      -0.11368069668189960     
   2.8799999999999999      -0.11530123957990358     
   2.8900000000000001      -0.11680879649076044     
   2.8999999999999999      -0.11820189012934823     
   2.9100000000000001      -0.11947915537539160     
   2.9199999999999999      -0.12063934061116971     
   2.9300000000000002      -0.12168130894800210     
   2.9399999999999999      -0.12260403934030803     
   2.9500000000000002      -0.12340662758614993     
   2.9600000000000000      -0.12408828721327848     
   2.9700000000000002      -0.12464835024981290     
   2.9800000000000000      -0.12508626787879956     
   2.9900000000000002      -0.12540161097600896     
   3.0000000000000000      -0.12559407053044294     
   3.0100000000000002      -0.12566345794714087     
   3.0200000000000000      -0.12560970523198750     
   3.0300000000000002      -0.12543286505834178     
   3.0400000000000000      -0.12513311071542124     
   3.0500000000000003      -0.12471073593849240     
   3.0600000000000001      -0.12416615462103373     
   3.0700000000000003      -0.12349990040915304     
   3.0800000000000001      -0.12271262617865723     
   3.0899999999999999      -0.12180510339528605     
   3.1000000000000001      -0.12077822135873743     
   3.1099999999999999      -0.11963298633122520     
   3.1200000000000001      -0.11837052055142221     
   3.1299999999999999      -0.11699206113475676     
   3.1400000000000001      -0.11549895886113792     
   3.1499999999999999      -0.11389267685129999     
   3.1600000000000001      -0.11217478913306050     
   3.1699999999999999      -0.11034697909889973     
   3.1800000000000002      -0.10841103785637000     
   3.1899999999999999      -0.10636886247295445     
   3.2000000000000002      -0.10422245411709183     
   3.2100000000000000      -0.10197391609719252     
   3.2200000000000002       -9.9625451800563633E-002
   3.2300000000000000       -9.7179362534266872E-002
   3.2400000000000002       -9.4638045270020635E-002
   3.2500000000000000       -9.2003990295360744E-002
   3.2600000000000002       -8.9279778773356716E-002
   3.2700000000000000       -8.6468080213279855E-002
   3.2800000000000002       -8.3571649854696450E-002
   3.2900000000000000       -8.0593325967554821E-002
   3.3000000000000003       -7.7536027070906635E-002
   3.3100000000000001       -7.4402749072992963E-002
   3.3200000000000003       -7.1196562335493416E-002
   3.3300000000000001       -6.7920608664816973E-002
   3.3399999999999999       -6.4578098233384354E-002
   3.3500000000000001       -6.1172306433914463E-002
   3.3599999999999999       -5.7706570669803184E-002
   3.3700000000000001       -5.4184287084733648E-002
   3.3799999999999999       -5.0608907234728724E-002
   3.3900000000000001       -4.6983934705900787E-002
   3.3999999999999999       -4.3312921681219349E-002
   3.4100000000000001       -3.9599465459654370E-002
   3.4199999999999999       -3.5847204931112826E-002
   3.4300000000000002       -3.2059817010616172E-002
   3.4399999999999999       -2.8241013035219531E-002
   3.4500000000000002       -2.4394535127196738E-002
   3.4600000000000000       -2.0524152527061693E-002
   3.4700000000000002       -1.6633657900012588E-002
   3.4800000000000000       -1.2726863619425295E-002
   3.4900000000000002       -8.8075980310307889E-003
   3.5000000000000000       -4.8797017014444973E-003
   3.5100000000000002       -9.4702365471660294E-004
   3.5200000000000000        2.9865823994017068E-003
   3.5300000000000002        6.9172618417871635E-003
   3.5400000000000000        1.0841162921160883E-002
   3.5500000000000003        1.4754440528498150E-002
   3.5600000000000001        1.8653259964925752E-002
   3.5700000000000003        2.2533800699421753E-002
   3.5800000000000001        2.6392260112628369E-002
   3.5899999999999999        3.0224857223116384E-002
   3.6000000000000001        3.4027836392442792E-002
   3.6099999999999999        3.7797471005376608E-002
   3.6200000000000001        4.1530067121684146E-002
   3.6299999999999999        4.5221967095893351E-002
   3.6400000000000001        4.8869553161495327E-002
   3.6499999999999999        5.2469250976064315E-002
   3.6600000000000001        5.6017533123828830E-002
   3.6699999999999999        5.9510922572255244E-002
   3.6800000000000002        6.2945996079262961E-002
   3.6899999999999999        6.6319387547726136E-002
   3.7000000000000002        6.9627791323981017E-002
   3.7100000000000000        7.2867965437100377E-002
   3.7200000000000002        7.6036734775767237E-002
   3.7300000000000000        7.9130994199628213E-002
   3.7400000000000002        8.2147711582084088E-002
   3.7500000000000000        8.5083930781529774E-002
   3.7600000000000002        8.7936774538137877E-002
   3.7700000000000000        9.0703447293341719E-002
   3.7800000000000002        9.3381237929260355E-002
   3.7900000000000000        9.5967522425375776E-002
   3.8000000000000003        9.8459766429864287E-002
   3.8100000000000001       0.10085552774305728     
   3.8200000000000003       0.10315245871060261     
   3.8300000000000001       0.10534830852397686     
   3.8399999999999999       0.10744092542609861     
   3.8500000000000001       0.10942825881987715     
   3.8599999999999999       0.11130836127763458     
   3.8700000000000001       0.11307939044942798     
   3.8799999999999999       0.11473961086840598     
   3.8900000000000001       0.11628739565142647     
   3.8999999999999999       0.11772122809327236     
   3.9100000000000001       0.11903970315290144     
   3.9199999999999999       0.12024152883027364     
   3.9300000000000002       0.12132552743240822     
   3.9399999999999999       0.12229063672742820     
   3.9500000000000002       0.12313591098546291     
   3.9600000000000000       0.12386052190538731     
   3.9700000000000002       0.12446375942649107     
   3.9800000000000000       0.12494503242428101     
   3.9900000000000002       0.12530386928973597     
   4.0000000000000000       0.12553991839144568     
   4.0099999999999998       0.12565294842018174     
   4.0200000000000005       0.12564284861556180     
   4.0300000000000002       0.12550962887458614     
   4.0400000000000000       0.12525341974193921     
   4.0499999999999998       0.12487447228206641     
   4.0600000000000005       0.12437315783315095     
   4.0700000000000003       0.12374996764323228     
   4.0800000000000001       0.12300551238882214     
   4.0899999999999999       0.12214052157649057     
   4.0999999999999996       0.12115584282800772     
   4.1100000000000003       0.12005244104974262     
   4.1200000000000001       0.11883139748713201     
   4.1299999999999999       0.11749390866514613     
   4.1399999999999997       0.11604128521579045     
   4.1500000000000004       0.11447495059379072     
   4.1600000000000001       0.11279643968172175     
   4.1699999999999999       0.11100739728594475     
   4.1799999999999997       0.10910957652482944     
   4.1900000000000004       0.10710483711083757     
   4.2000000000000002       0.10499514352815417     
   4.2100000000000000       0.10278256310765013     
   4.2199999999999998       0.10046926400106301     
   4.2300000000000004        9.8057513056382023E-002
   4.2400000000000002        9.5549673596519308E-002
   4.2500000000000000        9.2948203103441110E-002
   4.2599999999999998        9.0255650810033047E-002
   4.2700000000000005        8.7474655202055454E-002
   4.2800000000000002        8.4607941432639708E-002
   4.2900000000000000        8.1658318651854384E-002
   4.2999999999999998        7.8628677253964177E-002
   4.3100000000000005        7.5521986045074305E-002
   4.3200000000000003        7.2341289333939462E-002
   4.3300000000000001        6.9089703948782749E-002
   4.3399999999999999        6.5770416183054917E-002
   4.3500000000000005        6.2386678673121004E-002
   4.3600000000000003        5.8941807210938571E-002
   4.3700000000000001        5.5439177494844616E-002
   4.3799999999999999        5.1882221821642954E-002
   4.3899999999999997        4.8274425723227397E-002
   4.4000000000000004        4.4619324551040063E-002
   4.4100000000000001        4.0920500011709542E-002
   4.4199999999999999        3.7181576657264383E-002
   4.4299999999999997        3.3406218333363616E-002
   4.4400000000000004        2.9598124589019618E-002
   4.4500000000000002        2.5761027051337784E-002
   4.4600000000000000        2.1898685768818933E-002
   4.4699999999999998        1.8014885526814430E-002
   4.4800000000000004        1.4113432138737671E-002
   4.4900000000000002        1.0198148716673065E-002
   4.5000000000000000        6.2728719250315186E-003
   4.5099999999999998        2.3414482209258907E-003
   4.5200000000000005       -1.5922699150489065E-003
   4.5300000000000002       -5.5244277539370154E-003
   4.5400000000000000       -9.4511720957501915E-003
   4.5499999999999998       -1.3368655045293632E-002
   4.5600000000000005       -1.7273037782796201E-002
   4.5700000000000003       -2.1160494325644819E-002
   4.5800000000000001       -2.5027215277543882E-002
   4.5899999999999999       -2.8869411561416983E-002
   4.6000000000000005       -3.2683318132400094E-002
   4.6100000000000003       -3.6465197667282463E-002
   4.6200000000000001       -4.0211344226786891E-002
   4.6299999999999999       -4.3918086887091853E-002
   4.6399999999999997       -4.7581793337043543E-002
   4.6500000000000004       -5.1198873437530469E-002
   4.6600000000000001       -5.4765782739530845E-002
   4.6699999999999999       -5.8279025957391463E-002
   4.6799999999999997       -6.1735160393926382E-002
   4.6900000000000004       -6.5130799313984508E-002
   4.7000000000000002       -6.8462615263179441E-002
   4.7100000000000000       -7.1727343328528981E-002
   4.7199999999999998       -7.4921784337807218E-002
   4.7300000000000004       -7.8042807994478852E-002
   4.7400000000000002       -8.1087355945137760E-002
   4.7500000000000000       -8.4052444776449992E-002
   4.7599999999999998       -8.6935168938658727E-002
   4.7700000000000005       -8.9732703592791813E-002
   4.7800000000000002       -9.2442307378776747E-002
   4.7900000000000000       -9.5061325101754635E-002
   4.7999999999999998       -9.7587190333959017E-002
   4.8100000000000005      -0.10001742792960938     
   4.8200000000000003      -0.10234965645035511     
   4.8300000000000001      -0.10458159049889611     
   4.8399999999999999      -0.10671104295848807     
   4.8500000000000005      -0.10873592713614244     
   4.8600000000000003      -0.11065425880741757     
   4.8700000000000001      -0.11246415816080133     
   4.8799999999999999      -0.11416385163977495     
   4.8899999999999997      -0.11575167368075671     
   4.9000000000000004      -0.11722606834522117     
   4.9100000000000001      -0.11858559084439367     
   4.9199999999999999      -0.11982890895502878     
   4.9299999999999997      -0.12095480432488170     
   4.9400000000000004      -0.12196217366659630     
   4.9500000000000002      -0.12285002983883794     
   4.9600000000000000      -0.12361750281361376     
   4.9699999999999998      -0.12426384052882991     
   4.9800000000000004      -0.12478840962525230     
   4.9900000000000002      -0.12519069606714806     
   5.0000000000000000      -0.12547030564599942     
   5.0099999999999998      -0.12562696436679649     
   5.0200000000000005      -0.12566051871653033     
   5.0300000000000002      -0.12557093581462367     
   5.0400000000000000      -0.12535830344515095     
   5.0499999999999998      -0.12502282997081715     
   5.0600000000000005      -0.12456484412877887     
   5.0700000000000003      -0.12398479470850844     
   5.0800000000000001      -0.12328325011201595     
   5.0899999999999999      -0.12246089779686084     
   5.1000000000000005      -0.12151854360249839     
   5.1100000000000003      -0.12045711096062200     
   5.1200000000000001      -0.11927763999027342     
   5.1299999999999999      -0.11798128647860959     
   5.1399999999999997      -0.11656932074832405     
   5.1500000000000004      -0.11504312641283156     
   5.1600000000000001      -0.11340419902043858     
   5.1699999999999999      -0.11165414458882515     
   5.1799999999999997      -0.10979467803127636     
   5.1900000000000004      -0.10782762147620373     
   5.2000000000000002      -0.10575490248160646     
   5.2100000000000000      -0.10357855214621811     
   5.2199999999999998      -0.10130070311919272     
   5.2300000000000004       -9.8923587510278077E-002
   5.2400000000000002       -9.6449534702529760E-002
   5.2500000000000000       -9.3880969069698270E-002
   5.2599999999999998       -9.1220407600540232E-002
   5.2700000000000005       -8.8470457432367852E-002
   5.2800000000000002       -8.5633813296266695E-002
   5.2900000000000000       -8.2713254876470507E-002
   5.2999999999999998       -7.9711644086497002E-002
   5.3100000000000005       -7.6631922264698199E-002
   5.3200000000000003       -7.3477107291988530E-002
   5.3300000000000001       -7.0250290634558094E-002
   5.3399999999999999       -6.6954634314487407E-002
   5.3500000000000005       -6.3593367811215301E-002
   5.3600000000000003       -6.0169784896911924E-002
   5.3700000000000001       -5.6687240408840316E-002
   5.3799999999999999       -5.3149146961889056E-002
   5.3899999999999997       -4.9558971604479182E-002
   5.4000000000000004       -4.5920232421137047E-002
   5.4100000000000001       -4.2236495085051416E-002
   5.4199999999999999       -3.8511369363999494E-002
   5.4299999999999997       -3.4748505583063867E-002
   5.4400000000000004       -3.0951591047604286E-002
   5.4500000000000002       -2.7124346429996133E-002
   5.4600000000000000       -2.3270522123667533E-002
   5.4699999999999998       -1.9393894568014797E-002
   5.4800000000000004       -1.5498262547792291E-002
   5.4900000000000002       -1.1587443470610040E-002
   5.5000000000000000       -7.6652696261780241E-003
   5.5099999999999998       -3.7355844309698381E-003
   5.5200000000000005        1.9776133802008262E-004
   5.5300000000000002        4.1309133167248329E-003
   5.5400000000000000        8.0600173309796023E-003
   5.5499999999999998        1.1981223173298548E-002
   5.5600000000000005        1.5890688375774453E-002
   5.5700000000000003        1.9784581975384432E-002
   5.5800000000000001        2.3659088268033292E-002
   5.5899999999999999        2.7510410547632889E-002
   5.6000000000000005        3.1334774826574603E-002
   5.6100000000000003        3.5128433533929977E-002
   5.6200000000000001        3.8887669187776315E-002
   5.6299999999999999        4.2608798038026328E-002
   5.6399999999999997        4.6288173676212255E-002
   5.6500000000000004        4.9922190608671292E-002
   5.6600000000000001        5.3507287789642650E-002
   5.6699999999999999        5.7039952110806459E-002
   5.6799999999999997        6.0516721843850457E-002
   5.6900000000000004        6.3934190032684232E-002
   5.7000000000000002        6.7289007831985173E-002
   5.7100000000000000        7.0577887788798449E-002
   5.7199999999999998        7.3797607063977422E-002
   5.7300000000000004        7.6945010590309629E-002
   5.7400000000000002        8.0017014164227823E-002
   5.7500000000000000        8.3010607468084266E-002
   5.7599999999999998        8.5922857020020241E-002
   5.7700000000000005        8.8750909048544949E-002
   5.7800000000000002        9.1491992289001151E-002
   5.7900000000000000        9.4143420699184036E-002
   5.7999999999999998        9.6702596091447074E-002
   5.8100000000000005        9.9167010678719344E-002
   5.8200000000000003       0.10153424953193307     
   5.8300000000000001       0.10380199294646479     
   5.8399999999999999       0.10596801871525684     
   5.8500000000000005       0.10803020430640513     
   5.8600000000000003       0.10998652894306760     
   5.8700000000000001       0.11183507558366707     
   5.8799999999999999       0.11357403280043586     
   5.8899999999999997       0.11520169655447192     
   5.9000000000000004       0.11671647186555920     
   5.9100000000000001       0.11811687437512136     
   5.9199999999999999       0.11940153180077416     
   5.9299999999999997       0.12056918528105276     
   5.9400000000000004       0.12161869060899451     
   5.9500000000000002       0.12254901935337069     
   5.9600000000000000       0.12335925986646661     
   5.9699999999999998       0.12404861817742371     
   5.9800000000000004       0.12461641877026705     
   5.9900000000000002       0.12506210524585712     
   6.0000000000000000       0.12538524086711639     
   6.0099999999999998       0.12558550898699691     
   6.0200000000000005       0.12566271335876872     
   6.0300000000000002       0.12561677832832627     
   6.0400000000000000       0.12544774890832311     
   6.0499999999999998       0.12515579073406335     
   6.0600000000000005       0.12474118990119211     
   6.0700000000000003       0.12420435268534478     
   6.0800000000000001       0.12354580514402948     
   6.0899999999999999       0.12276619260113271     
   6.1000000000000005       0.12186627901455330     
   6.1100000000000003       0.12084694622758575     
   6.1200000000000001       0.11970919310478305     
   6.1299999999999999       0.11845413455315060     
   6.1400000000000006       0.11708300042962531     
   6.1500000000000004       0.11559713433591601     
   6.1600000000000001       0.11399799230187910     
   6.1699999999999999       0.11228714135872783     
   6.1799999999999997       0.11046625800346548     
   6.1900000000000004       0.10853712655605376     
   6.2000000000000002       0.10650163741092136     
   6.2100000000000000       0.10436178518452914     
   6.2199999999999998       0.10211966676080453     
   6.2300000000000004        9.9777479236364680E-002
   6.2400000000000002        9.7337517767536574E-002
   6.2500000000000000        9.4802173321288111E-002
   6.2599999999999998        9.2173930332270587E-002
   6.2700000000000005        8.9455364268273344E-002
   6.2800000000000002        8.6649139106470291E-002
   6.2900000000000000        8.3758004722936139E-002
   6.2999999999999998        8.0784794197986523E-002
   6.3100000000000005        7.7732421039988037E-002
   6.3200000000000003        7.4603876330351884E-002
   6.3300000000000001        7.1402225792513860E-002
   6.3399999999999999        6.8130606787770998E-002
   6.3500000000000005        6.4792225240917198E-002
   6.3600000000000003        6.1390352498695663E-002
   6.3700000000000001        5.7928322124139453E-002
   6.3799999999999999        5.4409526629947247E-002
   6.3900000000000006        5.0837414154090425E-002
   6.4000000000000004        4.7215485080918204E-002
   6.4100000000000001        4.3547288611055494E-002
   6.4199999999999999        3.9836419283475193E-002
   6.4299999999999997        3.6086513453133934E-002
   6.4400000000000004        3.2301245727638227E-002
   6.4500000000000002        2.8484325366421339E-002
   6.4600000000000000        2.4639492645966841E-002
   6.4699999999999998        2.0770515194635169E-002
   6.4800000000000004        1.6881184300692017E-002
   6.4900000000000002        1.2975311197147503E-002
   6.5000000000000000        9.0567233270537131E-003
   6.5099999999999998        5.1292605929150435E-003
   6.5200000000000005        1.1967715938937310E-003
   6.5300000000000002       -2.7368901455111067E-003
   6.5400000000000000       -6.6678699516081836E-003
   6.5499999999999998       -1.0592315778787557E-002
   6.5600000000000005       -1.4506381984214365E-002
   6.5700000000000003       -1.8406233096252823E-002
   6.5800000000000001       -2.2288047572920577E-002
   6.5899999999999999       -2.6148021546695786E-002
   6.6000000000000005       -2.9982372552000192E-002
   6.6100000000000003       -3.3787343231714465E-002
   6.6200000000000001       -3.7559205019087029E-002
   6.6299999999999999       -4.1294261791430642E-002
   6.6400000000000006       -4.4988853492028545E-002
   6.6500000000000004       -4.8639359716694537E-002
   6.6600000000000001       -5.2242203261481102E-002
   6.6699999999999999       -5.5793853628052101E-002
   6.6799999999999997       -5.9290830483290223E-002
   6.6900000000000004       -6.2729707069742513E-002
   6.7000000000000002       -6.6107113563570005E-002
   6.7100000000000000       -6.9419740376704661E-002
   6.7199999999999998       -7.2664341399982249E-002
   6.7300000000000004       -7.5837737184067333E-002
   6.7400000000000002       -7.8936818055060656E-002
   6.7500000000000000       -8.1958547161729969E-002
   6.7599999999999998       -8.4899963451382593E-002
   6.7700000000000005       -8.7758184571457981E-002
   6.7800000000000002       -9.0530409694003930E-002
   6.7900000000000000       -9.3213922260263232E-002
   6.7999999999999998       -9.5806092642684998E-002
   6.8100000000000005       -9.8304380721747395E-002
   6.8200000000000003      -0.10070633837507274     
   6.8300000000000001      -0.10300961187639092     
   6.8399999999999999      -0.10521194420200379     
   6.8500000000000005      -0.10731117724248625     
   6.8600000000000003      -0.10930525391746171     
   6.8700000000000001      -0.11119222019137590     
   6.8799999999999999      -0.11297022698829608     
   6.8900000000000006      -0.11463753200385622     
   6.9000000000000004      -0.11619250141257668     
   6.9100000000000001      -0.11763361146888224     
   6.9199999999999999      -0.11895945000025064     
   6.9299999999999997      -0.12016871779102925     
   6.9400000000000004      -0.12126022985556152     
   6.9500000000000002      -0.12223291659937872     
   6.9600000000000000      -0.12308582486731663     
   6.9699999999999998      -0.12381811887753172     
   6.9800000000000004      -0.12442908104049989     
   6.9900000000000002      -0.12491811266219720     
   7.0000000000000000      -0.12528473453077185     
   7.0099999999999998      -0.12552858738613379     
   7.0200000000000005      -0.12564943227200040     
   7.0300000000000002      -0.12564715077005484     
   7.0400000000000000      -0.12552174511598646     
   7.0499999999999998      -0.12527333819729991     
   7.0600000000000005      -0.12490217343289529     
   7.0700000000000003      -0.12440861453453719     
   7.0800000000000001      -0.12379314515044619     
   7.0899999999999999      -0.12305636839136208     
   7.1000000000000005      -0.12219900623954406     
   7.1100000000000003      -0.12122189884128562     
   7.1200000000000001      -0.12012600368363853     
   7.1299999999999999      -0.11891239465615182     
   7.1400000000000006      -0.11758226099854650     
   7.1500000000000004      -0.11613690613535549     
   7.1600000000000001      -0.11457774639867209     
   7.1699999999999999      -0.11290630964025725     
   7.1799999999999997      -0.11112423373436808     
   7.1900000000000004      -0.10923326497277154     
   7.2000000000000002      -0.10723525635351841     
   7.2100000000000000      -0.10513216576515375     
   7.2199999999999998      -0.10292605406814180     
   7.2300000000000004      -0.10061908307538917     
   7.2400000000000002       -9.8213513433840202E-002
   7.2500000000000000       -9.5711702409224456E-002
   7.2599999999999998       -9.3116101576123739E-002
   7.2700000000000005       -9.0429254415626992E-002
   7.2800000000000002       -8.7653793822921142E-002
   7.2900000000000000       -8.4792439527265312E-002
   7.2999999999999998       -8.1847995426872336E-002
   7.3100000000000005       -7.8823346841314923E-002
   7.3200000000000003       -7.5721457684142152E-002
   7.3300000000000001       -7.2545367558481968E-002
   7.3399999999999999       -6.9298188778472047E-002
   7.3500000000000005       -6.5983103319443071E-002
   7.3600000000000003       -6.2603359699836256E-002
   7.3700000000000001       -5.9162269797915869E-002
   7.3799999999999999       -5.5663205606392124E-002
   7.3900000000000006       -5.2109595928140469E-002
   7.4000000000000004       -4.8504923016247668E-002
   7.4100000000000001       -4.4852719161683215E-002
   7.4199999999999999       -4.1156563231935263E-002
   7.4299999999999997       -3.7420077164009358E-002
   7.4400000000000004       -3.3646922415218397E-002
   7.4500000000000002       -2.9840796375248353E-002
   7.4600000000000000       -2.6005428743010515E-002
   7.4699999999999998       -2.2144577871837687E-002
   7.4800000000000004       -1.8262027086596945E-002
   7.4900000000000002       -1.4361580976334493E-002
   7.5000000000000000       -1.0447061666083326E-002
   7.5099999999999998       -6.5223050714848137E-003
   7.5200000000000005       -2.5911571399010081E-003
   7.5300000000000002        1.3425299183077311E-003
   7.5400000000000000        5.2749014046397178E-003
   7.5499999999999998        9.2021039097497544E-003
   7.5600000000000005        1.3120289089479228E-002
   7.5700000000000003        1.7025617435927180E-002
   7.5800000000000001        2.0914262039859889E-002
   7.5899999999999999        2.4782412340777400E-002
   7.6000000000000005        2.8626277860955226E-002
   7.6100000000000003        3.2442091919810914E-002
   7.6200000000000001        3.6226115324948703E-002
   7.6299999999999999        3.9974640036270520E-002
   7.6400000000000006        4.3683992799555975E-002
   7.6500000000000004        4.7350538745959209E-002
   7.6600000000000001        5.0970684953888651E-002
   7.6699999999999999        5.4540883969784258E-002
   7.6799999999999997        5.8057637284335627E-002
   7.6900000000000004        6.1517498760742806E-002
   7.7000000000000002        6.4917078011653723E-002
   7.7100000000000000        6.8253043721474019E-002
   7.7199999999999998        7.1522126910787451E-002
   7.7300000000000004        7.4721124139695519E-002
   7.7400000000000002        7.7846900646931630E-002
   7.7500000000000000        8.0896393421677523E-002
   7.7599999999999998        8.3866614205066706E-002
   7.7700000000000005        8.6754652418440339E-002
   7.7800000000000002        8.9557678015481118E-002
   7.7900000000000000        9.2272944255431769E-002
   7.7999999999999998        9.4897790394682449E-002
   7.8100000000000005        9.7429644294084766E-002
   7.8200000000000003        9.9866024939443340E-002
   7.8300000000000001       0.10220454487271076     
   7.8399999999999999       0.10444291253150639     
   7.8500000000000005       0.10657893449466255     
   7.8600000000000003       0.10861051763160266     
   7.8700000000000001       0.11053567115344141     
   7.8799999999999999       0.11235250856379923     
   7.8900000000000006       0.11405924950741657     
   7.9000000000000004       0.11565422151476036     
   7.9100000000000001       0.11713586164091003     
   7.9199999999999999       0.11850271799711898     
   7.9300000000000006       0.11975345117354848     
   7.9400000000000004       0.12088683555178269     
   7.9500000000000002       0.12190176050583641     
   7.9600000000000000       0.12279723149048004     
   7.9699999999999998       0.12357237101581373     
   7.9800000000000004       0.12422641950713761     
   7.9900000000000002       0.12475873604927409     
   8.0000000000000000       0.12516879901461370     
   8.0099999999999998       0.12545620657426795     
   8.0199999999999996       0.12562067709182981     
   8.0299999999999994       0.12566204939935480     
   8.0400000000000009       0.12558028295529255     
   8.0500000000000007       0.12537545788421448     
   8.0600000000000005       0.12504777489829791     
   8.0700000000000003       0.12459755510064428     
   8.0800000000000001       0.12402523967062404     
   8.0899999999999999       0.12333138943155561     
   8.0999999999999996       0.12251668430114412     
   8.1099999999999994       0.12158192262521574     
   8.1200000000000010       0.12052802039540320     
   8.1300000000000008       0.11935601035154739     
   8.1400000000000006       0.11806704096969453     
   8.1500000000000004       0.11666237533668140     
   8.1600000000000001       0.11514338991241227     
   8.1699999999999999       0.11351157318103708     
   8.1799999999999997       0.11176852419235749     
   8.1899999999999995       0.10991595099488453     
   8.1999999999999993       0.10795566896208918     
   8.2100000000000009       0.10588959901348052     
   8.2200000000000006       0.10371976573225987     
   8.2300000000000004       0.10144829538138876     
   8.2400000000000002        9.9077413820024204E-002
   8.2500000000000000        9.6609444322352397E-002
   8.2599999999999998        9.4046805300967984E-002
   8.2699999999999996        9.1392007937022346E-002
   8.2799999999999994        8.8647653719466230E-002
   8.2900000000000009        8.5816431895800183E-002
   8.3000000000000007        8.2901116836827646E-002
   8.3100000000000005        7.9904565317990658E-002
   8.3200000000000003        7.6829713719962195E-002
   8.3300000000000001        7.3679575151225044E-002
   8.3399999999999999        7.0457236495469075E-002
   8.3499999999999996        6.7165855386691203E-002
   8.3599999999999994        6.3808657114965694E-002
   8.3700000000000010        6.0388931465919837E-002
   8.3800000000000008        5.6910029497007748E-002
   8.3900000000000006        5.3375360253738784E-002
   8.4000000000000004        4.9788387429089601E-002
   8.4100000000000001        4.6152625969360768E-002
   8.4199999999999999        4.2471638629809391E-002
   8.4299999999999997        3.8749032483436995E-002
   8.4399999999999995        3.4988455386343341E-002
   8.4499999999999993        3.1193592403122736E-002
   8.4600000000000009        2.7368162195791391E-002
   8.4700000000000006        2.3515913379803178E-002
   8.4800000000000004        1.9640620850697774E-002
   8.4900000000000002        1.5746082085012131E-002
   8.5000000000000000        1.1836113419053008E-002
   8.5099999999999998        7.9145463091963245E-003
   8.5199999999999996        3.9852235773630137E-003
   8.5299999999999994        5.1995645364195230E-005
   8.5400000000000009       -3.8812832382062773E-003
   8.5500000000000007       -7.8107587748243029E-003
   8.5600000000000005       -1.1732580392944086E-002
   8.5700000000000003       -1.5642905021245185E-002
   8.5800000000000001       -1.9537900854538846E-002
   8.5899999999999999       -2.3413751108627309E-002
   8.5999999999999996       -2.7266657760448211E-002
   8.6099999999999994       -3.1092845269834538E-002
   8.6200000000000010       -3.4888564279239614E-002
   8.6300000000000008       -3.8650095287807058E-002
   8.6400000000000006       -4.2373752296187797E-002
   8.6500000000000004       -4.6055886418520126E-002
   8.6600000000000001       -4.9692889458047597E-002
   8.6699999999999999       -5.3281197442864262E-002
   8.6799999999999997       -5.6817294118319060E-002
   8.6899999999999995       -6.0297714392667200E-002
   8.7000000000000011       -6.3719047732580344E-002
   8.7100000000000009       -6.7077941505196373E-002
   8.7200000000000006       -7.0371104263432807E-002
   8.7300000000000004       -7.3595308971341533E-002
   8.7400000000000002       -7.6747396166343462E-002
   8.7500000000000000       -7.9824277055252038E-002
   8.7599999999999998       -8.2822936541040407E-002
   8.7699999999999996       -8.5740436177398044E-002
   8.7799999999999994       -8.8573917048170581E-002
   8.7900000000000009       -9.1320602568870465E-002
   8.8000000000000007       -9.3977801207505748E-002
   8.8100000000000005       -9.6542909122068948E-002
   8.8200000000000003       -9.9013412712090673E-002
   8.8300000000000001      -0.10138689108176945     
   8.8399999999999999      -0.10366101841225386     
   8.8499999999999996      -0.10583356624075985     
   8.8599999999999994      -0.10790240564428653     
   8.8700000000000010      -0.10986550932578912     
   8.8800000000000008      -0.11172095360076771     
   8.8900000000000006      -0.11346692028232599     
   8.9000000000000004      -0.11510169846284661     
   8.9100000000000001      -0.11662368619054551     
   8.9199999999999999      -0.11803139203925513     
   8.9299999999999997      -0.11932343656990330     
   8.9399999999999995      -0.12049855368225351     
   8.9500000000000011      -0.12155559185558112     
   8.9600000000000009      -0.12249351527707143     
   8.9700000000000006      -0.12331140485683441     
   8.9800000000000004      -0.12400845912853807     
   8.9900000000000002      -0.12458399503478183     
   9.0000000000000000      -0.12503744859643828     
   9.0099999999999998      -0.12536837546530710     
   9.0199999999999996      -0.12557645135954115     
   9.0299999999999994      -0.12566147238141656     
   9.0400000000000009      -0.12562335521713611     
   9.0500000000000007      -0.12546213721847035     
   9.0600000000000005      -0.12517797636615549     
   9.0700000000000003      -0.12477115111508531     
   9.0800000000000001      -0.12424206012144723     
   9.0899999999999999      -0.12359122185207158     
   9.0999999999999996      -0.12281927407637519     
   9.1099999999999994      -0.12192697324139874     
   9.1200000000000010      -0.12091519373054892     
   9.1300000000000008      -0.11978492700677329     
   9.1400000000000006      -0.11853728064100472     
   9.1500000000000004      -0.11717347722683191     
   9.1600000000000001      -0.11569485318245427     
   9.1699999999999999      -0.11410285744110012     
   9.1799999999999997      -0.11239905003118759     
   9.1899999999999995      -0.11058510054762108     
   9.2000000000000011      -0.10866278651572278     
   9.2100000000000009      -0.10663399164940043     
   9.2200000000000006      -0.10450070400525648     
   9.2300000000000004      -0.10226501403445384     
   9.2400000000000002       -9.9929112534240278E-002
   9.2500000000000000       -9.7495288501141641E-002
   9.2599999999999998       -9.4965926887930180E-002
   9.2699999999999996       -9.2343506266559683E-002
   9.2799999999999994       -8.9630596399365464E-002
   9.2900000000000009       -8.6829855720899976E-002
   9.3000000000000007       -8.3944028732884757E-002
   9.3100000000000005       -8.0975943314811935E-002
   9.3200000000000003       -7.7928507952853915E-002
   9.3300000000000001       -7.4804708889776264E-002
   9.3399999999999999       -7.1607607198661632E-002
   9.3499999999999996       -6.8340335783300246E-002
   9.3599999999999994       -6.5006096308197411E-002
   9.3700000000000010       -6.1608156061196788E-002
   9.3800000000000008       -5.8149844751801981E-002
   9.3900000000000006       -5.4634551248323900E-002
   9.4000000000000004       -5.1065720257065281E-002
   9.4100000000000001       -4.7446848946780640E-002
   9.4199999999999999       -4.3781483521733597E-002
   9.4299999999999997       -4.0073215746699267E-002
   9.4399999999999995       -3.6325679427321025E-002
   9.4500000000000011       -3.2542546849273810E-002
   9.4600000000000009       -2.8727525179718591E-002
   9.4700000000000006       -2.4884352834571310E-002
   9.4800000000000004       -2.1016795815159233E-002
   9.4900000000000002       -1.7128644017837143E-002
   9.5000000000000000       -1.3223707520195267E-002
   9.5099999999999998       -9.3058128474868620E-003
   9.5199999999999996       -5.3787992229383710E-003
   9.5299999999999994       -1.4465148056210140E-003
   9.5400000000000009        2.4871870804411239E-003
   9.5500000000000007        6.4184517222153539E-003
   9.5600000000000005        1.0343426794975118E-002
   9.5700000000000003        1.4258266137267243E-002
   9.5800000000000001        1.8159133519844585E-002
   9.5899999999999999        2.2042206404860546E-002
   9.5999999999999996        2.5903679691653813E-002
   9.6099999999999994        2.9739769445438928E-002
   9.6200000000000010        3.3546716605263940E-002
   9.6300000000000008        3.7320790667582357E-002
   9.6400000000000006        4.1058293341856671E-002
   9.6500000000000004        4.4755562174580286E-002
   9.6600000000000001        4.8408974138193048E-002
   9.6699999999999999        5.2014949181354971E-002
   9.6799999999999997        5.5569953737113362E-002
   9.6899999999999995        5.9070504185512719E-002
   9.7000000000000011        6.2513170267265591E-002
   9.7100000000000009        6.5894578445129720E-002
   9.7200000000000006        6.9211415209708485E-002
   9.7300000000000004        7.2460430326420702E-002
   9.7400000000000002        7.5638440020473707E-002
   9.7500000000000000        7.8742330096705407E-002
   9.7599999999999998        8.1769058991247270E-002
   9.7699999999999996        8.4715660752014629E-002
   9.7799999999999994        8.7579247945099942E-002
   9.7900000000000009        9.0357014484229850E-002
   9.8000000000000007        9.3046238380501717E-002
   9.8100000000000005        9.5644284409718061E-002
   9.8200000000000003        9.8148606694693441E-002
   9.8300000000000001       0.10055675120001187     
   9.8399999999999999       0.10286635813678310     
   9.8499999999999996       0.10507516427504915     
   9.8599999999999994       0.10718100516156635     
   9.8700000000000010       0.10918181724079881     
   9.8800000000000008       0.11107563987703394     
   9.8900000000000006       0.11286061727565309     
   9.9000000000000004       0.11453500030165825     
   9.9100000000000001       0.11609714819368643     
   9.9199999999999999       0.11754553017182284     
   9.9299999999999997       0.11887872693764433     
   9.9399999999999995       0.12009543206501691     
   9.9500000000000011       0.12119445328028965     
   9.9600000000000009       0.12217471363062669     
   9.9700000000000006       0.12303525253933600     
   9.9800000000000004       0.12377522674715639     
   9.9900000000000002       0.12439391113858506     
   10.000000000000000       0.12489069945243203     
