  -6.9500000000000108     
  -6.9750000000000103     
  -6.9875000000000105     
  -6.9937500000000110     
  -6.9968750000000108     
  -6.9984375000000103     
  -6.9992187500000105     
  -6.9996093750000110     
  -6.9998046875000108     
  -6.9999023437500103     
  -6.9999511718750105     
  -6.9999755859375110     
  -6.9999877929687608     
  -6.9999938964843853     
  -6.9999969482421980     
  -6.9999984741211048     
  -6.9999992370605577     
  -6.9999996185302837     
  -6.9999998092651472     
  -6.9999999046325794     
  -6.9999999523162950     
   2.0499999999999821     
   2.0249999999999821     
   2.0124999999999820     
   2.0062499999999819     
   2.0031249999999821     
   2.0015624999999821     
   2.0007812499999820     
   2.0003906249999819     
   2.0001953124999821     
   2.0000976562499821     
   2.0000488281249820     
   2.0000244140624819     
   2.0000122070312321     
   2.0000061035156071     
   2.0000030517577945     
   2.0000015258788881     
   2.0000007629394352     
   2.0000003814697087     
   2.0000001907348453     
   2.0000000953674135     
   9.0499999999999652     
   9.0249999999999666     
   9.0124999999999673     
   9.0062499999999659     
   9.0031249999999652     
   9.0015624999999666     
   9.0007812499999673     
   9.0003906249999659     
   9.0001953124999652     
   9.0000976562499666     
   9.0000488281249673     
   9.0000244140624659     
   9.0000122070312152     
   9.0000061035155916     
   9.0000030517577798     
   9.0000015258788721     
   9.0000007629394183     
   9.0000003814696932     
   9.0000001907348306     
   9.0000000953673975     
   9.0000000476836810     
