  -8.0786516853932575     
  -7.6250000000000000     
  -7.2477876106194694     
 Valor real:  -7.0000000000000000     
  -7.0000000000000000     
  -7.5789473684210531     
  -10.157894736842106     
  -43.000000000000000     
   9.0000000000000000     
   3.5000000000000000     
   2.3333333333333335     
   2.0322580645161290     
 Valor real:   2.0000000000000000     
   2.0000000000000000     
   1.7999999999999998     
  0.76470588235294112     
  -7.0000000000000000     
   15.750000000000000     
   9.8000000000000007     
 Valor real:   9.0000000000000000     
   9.0000000000000000     
