  -7.8691588785046731     
  -7.4531250000000000     
  -7.1370558375634516     
 Valor real:  -7.0000000000000000     
  -7.2371134020618557     
  -8.5000000000000000     
  -15.142857142857142     
   27.000000000000000     
   5.0967741935483870     
   2.7500000000000000     
   2.1355932203389831     
   2.0000000000000000     
 Valor real:   2.0000000000000000     
   1.9285714285714286     
   1.4418604651162790     
  -1.0000000000000000     
   162.00000000000000     
   11.375000000000000     
   9.3043478260869570     
 Valor real:   9.0000000000000000     
   9.1552795031055894     
