   1.0000000000000000                0
   1.9999999677454068                1
   3.1415927410125732                2
   4.1887905355201998                3
   4.9348024751914465                4
   5.2637894815983577                5
   5.1677132114641093                6
   4.7247665216022110                7
   4.0587125781926048                8
   3.2985093493386461                9
   2.5501643947012624               10
   1.8841041245026573               11
   1.3352629917970349               12
  0.91062893571997072               13
  0.59926464605318508               14
  0.38144336225186298               15
  0.23533068274826943               16
  0.14098114151327759               17
   8.2145907184388453E-002          18
   4.6621613928885378E-002          19
   2.5806898571436730E-002          20
   1.3949154583236650E-002          21
   7.3704332018248529E-003          22
   3.8106577585246466E-003          23
   1.9295749537475847E-003          24
   9.5772273542159693E-004          25
