   1.0000000000000000                0
   2.1999999645199475                1
   3.8013272166252143                2
   5.5752802027773880                3
   7.2250443039277989                4
   8.4773855980089738                5
   9.1549191846145739                6
   9.2072333141537541                7
   8.7002108656199226                8
   7.7777125040149775                9
   6.6144696707718849               10
   5.3755689536692914               11
   4.1906272638411979               12
   3.1437380617794823               13
   2.2757064961101707               14
   1.5933835867023474               15
   1.0813381300892995               16
  0.71258499052324664               17
  0.45672445158700775               18
  0.28513355031277682               19
  0.17361590883159173               20
  0.10322723042704562               21
   5.9997352680059242E-002          22
   3.4121782036781879E-002          23
   1.9005797472347576E-002          24
   1.0376644213590564E-002          25
