   1.0000000000000000                0
  0.50000000806364842                1
  0.31830987732601135                2
  0.23873239578827771                3
  0.20264235600660083                4
  0.18997720245003957                5
  0.19350919044454509                6
  0.21165067002313820                7
  0.24638354668743567                8
  0.30316724741147111                9
  0.39213158260612624               10
  0.53075622891275598               11
  0.74891613573006433               12
   1.0981421309760708               13
   1.6687118230419511               14
   2.6216211866854056               15
   4.2493396454795853               16
   7.0931472767641059               17
   12.173461031422471               18
   21.449278901527464               19
   38.749328875450672               20
   71.688932403240173               21
   135.67723532890972               22
   262.42188707787943               23
   518.24884960173154               24
   1044.1435323760925               25
