   1.0000000000000000                0
   1.7999999709708661                1
   2.5446901202201846                2
   3.0536283003942262                3
   3.2377239039731087                4
   3.1082150509890152                5
   2.7463346768136985                6
   2.2598411805061214                7
   1.7471426797264780                8
   1.2779101050918507                9
  0.88918734314299730               10
  0.59125183840580675               11
  0.37711770785347010               12
  0.23146965739942008               13
  0.13709252933354388               14
   7.8535805684025420E-002          15
   4.3607250618883125E-002          16
   2.3511681132433376E-002          17
   1.2329659979981934E-002          18
   6.2978887256521969E-003          19
   3.1375163936734223E-003          20
   1.5263023937369584E-003          21
   7.2581881536451108E-004          22
   3.3773623908977683E-004          23
   1.5391533071066579E-004          24
   6.8754722452590183E-005          25
